Log file open, 10/04/22 09:12:46
LogWindows: Failed to load 'aqProf.dll' (GetLastError=126)
LogWindows: File 'aqProf.dll' does not exist
LogWindows: Failed to load 'VtuneApi.dll' (GetLastError=126)
LogWindows: File 'VtuneApi.dll' does not exist
LogWindows: Failed to load 'VtuneApi32e.dll' (GetLastError=126)
LogWindows: File 'VtuneApi32e.dll' does not exist
LogConsoleResponse: Display: Failed to find resolution value strings in scalability ini. Falling back to default.
LogConsoleResponse: Display: Failed to find resolution value strings in scalability ini. Falling back to default.
LogInit: Display: Running engine for game: MafiaThirdPerson
LogPlatformFile: Not using cached read wrapper
LogTaskGraph: Started task graph with 5 named threads and 47 total threads with 3 sets of task threads.
LogStats: Stats thread started at 0.647079
LogICUInternationalization: ICU TimeZone Detection - Raw Offset: +0:00, Platform Override: ''
LogInit: Display: Loading text-based GConfig....
LogPluginManager: Mounting plugin MeshPainting
LogPluginManager: Mounting plugin XGEController
LogPluginManager: Mounting plugin Paper2D
LogPluginManager: Mounting plugin LiveLink
LogPluginManager: Mounting plugin EnvironmentQueryEditor
LogPluginManager: Mounting plugin LightPropagationVolume
LogPluginManager: Mounting plugin CameraShakePreviewer
LogPluginManager: Mounting plugin GameplayCameras
LogPluginManager: Mounting plugin AISupport
LogPluginManager: Mounting plugin OodleData
LogPluginManager: Mounting plugin AssetManagerEditor
LogPluginManager: Mounting plugin CryptoKeys
LogPluginManager: Mounting plugin OodleNetwork
LogPluginManager: Mounting plugin DataValidation
LogPluginManager: Mounting plugin CurveEditorTools
LogPluginManager: Mounting plugin GameplayTagsEditor
LogPluginManager: Mounting plugin MaterialAnalyzer
LogPluginManager: Mounting plugin FacialAnimation
LogPluginManager: Mounting plugin MacGraphicsSwitching
LogPluginManager: Mounting plugin MobileLauncherProfileWizard
LogPluginManager: Mounting plugin GeometryMode
LogPluginManager: Mounting plugin SpeedTreeImporter
LogPluginManager: Mounting plugin PluginBrowser
LogPluginManager: Mounting plugin DatasmithContent
LogPluginManager: Mounting plugin VariantManagerContent
LogPluginManager: Mounting plugin AnimationSharing
LogPluginManager: Mounting plugin CLionSourceCodeAccess
LogPluginManager: Mounting plugin CodeLiteSourceCodeAccess
LogPluginManager: Mounting plugin GitSourceControl
LogPluginManager: Mounting plugin KDevelopSourceCodeAccess
LogPluginManager: Mounting plugin NullSourceCodeAccess
LogPluginManager: Mounting plugin PlasticSourceControl
LogPluginManager: Mounting plugin PerforceSourceControl
LogPluginManager: Mounting plugin PixWinPlugin
LogPluginManager: Mounting plugin RiderSourceCodeAccess
LogPluginManager: Mounting plugin PluginUtils
LogPluginManager: Mounting plugin PropertyAccessNode
LogPluginManager: Mounting plugin SubversionSourceControl
LogPluginManager: Mounting plugin TextureFormatOodle
LogPluginManager: Mounting plugin UObjectPlugin
LogPluginManager: Mounting plugin VisualStudioCodeSourceCodeAccess
LogPluginManager: Mounting plugin XCodeSourceCodeAccess
LogPluginManager: Mounting plugin AutomationUtils
LogPluginManager: Mounting plugin VisualStudioSourceCodeAccess
LogPluginManager: Mounting plugin BackChannel
LogPluginManager: Mounting plugin ChaosEditor
LogPluginManager: Mounting plugin ChaosCloth
LogPluginManager: Mounting plugin AlembicImporter
LogPluginManager: Mounting plugin ChaosNiagara
LogPluginManager: Mounting plugin CharacterAI
LogPluginManager: Mounting plugin ChaosSolverPlugin
LogPluginManager: Mounting plugin ChaosClothEditor
LogPluginManager: Mounting plugin GeometryCache
LogPluginManager: Mounting plugin GeometryCollectionPlugin
LogPluginManager: Mounting plugin GeometryProcessing
LogPluginManager: Mounting plugin Niagara
LogPluginManager: Mounting plugin MotoSynth
LogPluginManager: Mounting plugin PlatformCrypto
LogPluginManager: Mounting plugin OpenImageDenoise
LogPluginManager: Mounting plugin PlanarCut
LogPluginManager: Mounting plugin ProxyLODPlugin
LogPluginManager: Mounting plugin PythonScriptPlugin
LogPluginManager: Mounting plugin SkeletalReduction
LogPluginManager: Mounting plugin MagicLeap
LogPluginManager: Mounting plugin LuminPlatformFeatures
LogPluginManager: Mounting plugin MagicLeapLightEstimation
LogPluginManager: Mounting plugin MagicLeapMedia
LogPluginManager: Mounting plugin MagicLeapPassableWorld
LogPluginManager: Mounting plugin MLSDK
LogPluginManager: Mounting plugin AndroidMedia
LogPluginManager: Mounting plugin AvfMedia
LogPluginManager: Mounting plugin MediaCompositing
LogPluginManager: Mounting plugin ImgMedia
LogPluginManager: Mounting plugin MediaPlayerEditor
LogPluginManager: Mounting plugin WebMMedia
LogPluginManager: Mounting plugin WmfMedia
LogPluginManager: Mounting plugin TcpMessaging
LogPluginManager: Mounting plugin ActorSequence
LogPluginManager: Mounting plugin UdpMessaging
LogPluginManager: Mounting plugin LevelSequenceEditor
LogPluginManager: Mounting plugin MatineeToLevelSequence
LogPluginManager: Mounting plugin TemplateSequence
LogPluginManager: Mounting plugin OnlineSubsystem
LogPluginManager: Mounting plugin OnlineSubsystemNull
LogPluginManager: Mounting plugin OnlineSubsystemUtils
LogPluginManager: Mounting plugin ActorLayerUtilities
LogPluginManager: Mounting plugin LauncherChunkInstaller
LogPluginManager: Mounting plugin AndroidPermission
LogPluginManager: Mounting plugin AndroidMoviePlayer
LogPluginManager: Mounting plugin AndroidDeviceProfileSelector
LogPluginManager: Mounting plugin AppleImageUtils
LogPluginManager: Mounting plugin AppleMoviePlayer
LogPluginManager: Mounting plugin AssetTags
LogPluginManager: Mounting plugin ArchVisCharacter
LogPluginManager: Mounting plugin AudioCapture
LogPluginManager: Mounting plugin AudioSynesthesia
LogPluginManager: Mounting plugin CableComponent
LogPluginManager: Mounting plugin ChunkDownloader
LogPluginManager: Mounting plugin CustomMeshComponent
LogPluginManager: Mounting plugin EditableMesh
LogPluginManager: Mounting plugin ExampleDeviceProfileSelector
LogPluginManager: Mounting plugin GoogleCloudMessaging
LogPluginManager: Mounting plugin GooglePAD
LogPluginManager: Mounting plugin LinuxDeviceProfileSelector
LogPluginManager: Mounting plugin IOSDeviceProfileSelector
LogPluginManager: Mounting plugin LocationServicesBPLibrary
LogPluginManager: Mounting plugin MobilePatchingUtils
LogPluginManager: Mounting plugin OpenXREyeTracker
LogPluginManager: Mounting plugin OpenXR
LogPluginManager: Mounting plugin OpenXRHandTracking
LogPluginManager: Mounting plugin PostSplashScreen
LogPluginManager: Mounting plugin PhysXVehicles
LogPluginManager: Mounting plugin SignificanceManager
LogPluginManager: Mounting plugin RuntimePhysXCooking
LogPluginManager: Mounting plugin ProceduralMeshComponent
LogPluginManager: Mounting plugin PropertyAccessEditor
LogPluginManager: Mounting plugin SoundFields
LogPluginManager: Mounting plugin Synthesis
LogPluginManager: Mounting plugin WebMMoviePlayer
LogPluginManager: Mounting plugin WindowsMoviePlayer
LogPluginManager: Mounting plugin ScreenshotTools
LogPluginManager: Mounting plugin Takes
LogPluginManager: Mounting plugin ContentBrowserAssetDataSource
LogPluginManager: Mounting plugin ContentBrowserClassDataSource
LogPluginManager: Mounting plugin ContentBrowserFileDataSource
LogPluginManager: Mounting plugin OnlineSubsystemGooglePlay
LogPluginManager: Mounting plugin OnlineSubsystemIOS
LogPluginManager: Mounting plugin OculusVR
LogPluginManager: Mounting plugin SteamVR
PixWinPlugin: PIX capture plugin failed to initialize! Check that the process is launched from PIX.
LogInit: Using libcurl 7.55.1-DEV
LogInit:  - built for x86_64-pc-win32
LogInit:  - supports SSL with OpenSSL/1.1.1
LogInit:  - supports HTTP deflate (compression) using libz 1.2.8
LogInit:  - other features:
LogInit:      CURL_VERSION_SSL
LogInit:      CURL_VERSION_LIBZ
LogInit:      CURL_VERSION_IPV6
LogInit:      CURL_VERSION_ASYNCHDNS
LogInit:      CURL_VERSION_LARGEFILE
LogInit:      CURL_VERSION_IDN
LogInit:  CurlRequestOptions (configurable via config and command line):
LogInit:  - bVerifyPeer = true  - Libcurl will verify peer certificate
LogInit:  - bUseHttpProxy = false  - Libcurl will NOT use HTTP proxy
LogInit:  - bDontReuseConnections = false  - Libcurl will reuse connections
LogInit:  - MaxHostConnections = 16  - Libcurl will limit the number of connections to a host
LogInit:  - LocalHostAddr = Default
LogInit:  - BufferSize = 65536
LogOnline: OSS: Creating online subsystem instance for: NULL
LogInit: WinSock: version 1.1 (2.2), MaxSocks=32767, MaxUdp=65467
LogOnline: OSS: TryLoadSubsystemAndSetDefault: Loaded subsystem for module [NULL]
LogOculusPluginWrapper: OculusPlugin initialized successfully
LogHMD: Failed initializing OVRPlugin 1.59.0
LogInit: Build: ++UE4+Release-4.27-CL-18319896
LogInit: Engine Version: 4.27.2-18319896+++UE4+Release-4.27
LogInit: Compatible Engine Version: 4.27.0-17155196+++UE4+Release-4.27
LogInit: Net CL: 17155196
LogInit: OS: Windows 10 (Release 2009) (), CPU: AMD Ryzen 7 5800H with Radeon Graphics         , GPU: NVIDIA GeForce RTX 3060 Laptop GPU
LogInit: Compiled (64-bit): Nov 30 2021 07:12:08
LogInit: Compiled with Visual C++: 19.24.28315.00
LogInit: Build Configuration: Development
LogInit: Branch Name: ++UE4+Release-4.27
LogInit: Command Line: 
LogInit: Base Directory: C:/Program Files/Epic Games/UE_4.27/Engine/Binaries/Win64/
LogInit: Allocator: TBB
LogInit: Installed Engine Build: 1
LogDevObjectVersion: Number of dev versions registered: 29
LogDevObjectVersion:   Dev-Blueprints (B0D832E4-1F89-4F0D-ACCF-7EB736FD4AA2): 10
LogDevObjectVersion:   Dev-Build (E1C64328-A22C-4D53-A36C-8E866417BD8C): 0
LogDevObjectVersion:   Dev-Core (375EC13C-06E4-48FB-B500-84F0262A717E): 4
LogDevObjectVersion:   Dev-Editor (E4B068ED-F494-42E9-A231-DA0B2E46BB41): 40
LogDevObjectVersion:   Dev-Framework (CFFC743F-43B0-4480-9391-14DF171D2073): 37
LogDevObjectVersion:   Dev-Mobile (B02B49B5-BB20-44E9-A304-32B752E40360): 3
LogDevObjectVersion:   Dev-Networking (A4E4105C-59A1-49B5-A7C5-40C4547EDFEE): 0
LogDevObjectVersion:   Dev-Online (39C831C9-5AE6-47DC-9A44-9C173E1C8E7C): 0
LogDevObjectVersion:   Dev-Physics (78F01B33-EBEA-4F98-B9B4-84EACCB95AA2): 14
LogDevObjectVersion:   Dev-Platform (6631380F-2D4D-43E0-8009-CF276956A95A): 0
LogDevObjectVersion:   Dev-Rendering (12F88B9F-8875-4AFC-A67C-D90C383ABD29): 45
LogDevObjectVersion:   Dev-Sequencer (7B5AE74C-D270-4C10-A958-57980B212A5A): 13
LogDevObjectVersion:   Dev-VR (D7296918-1DD6-4BDD-9DE2-64A83CC13884): 3
LogDevObjectVersion:   Dev-LoadTimes (C2A15278-BFE7-4AFE-6C17-90FF531DF755): 1
LogDevObjectVersion:   Private-Geometry (6EACA3D4-40EC-4CC1-B786-8BED09428FC5): 3
LogDevObjectVersion:   Dev-AnimPhys (29E575DD-E0A3-4627-9D10-D276232CDCEA): 17
LogDevObjectVersion:   Dev-Anim (AF43A65D-7FD3-4947-9873-3E8ED9C1BB05): 15
LogDevObjectVersion:   Dev-ReflectionCapture (6B266CEC-1EC7-4B8F-A30B-E4D90942FC07): 1
LogDevObjectVersion:   Dev-Automation (0DF73D61-A23F-47EA-B727-89E90C41499A): 1
LogDevObjectVersion:   FortniteMain (601D1886-AC64-4F84-AA16-D3DE0DEAC7D6): 47
LogDevObjectVersion:   FortniteRelease (E7086368-6B23-4C58-8439-1B7016265E91): 1
LogDevObjectVersion:   Dev-Enterprise (9DFFBCD6-494F-0158-E221-12823C92A888): 10
LogDevObjectVersion:   Dev-Niagara (F2AED0AC-9AFE-416F-8664-AA7FFA26D6FC): 1
LogDevObjectVersion:   Dev-Destruction (174F1F0B-B4C6-45A5-B13F-2EE8D0FB917D): 10
LogDevObjectVersion:   Dev-Physics-Ext (35F94A83-E258-406C-A318-09F59610247C): 41
LogDevObjectVersion:   Dev-PhysicsMaterial-Chaos (B68FC16E-8B1B-42E2-B453-215C058844FE): 1
LogDevObjectVersion:   Dev-CineCamera (B2E18506-4273-CFC2-A54E-F4BB758BBA07): 1
LogDevObjectVersion:   Dev-VirtualProduction (64F58936-FD1B-42BA-BA96-7289D5D0FA4E): 1
LogDevObjectVersion:   Dev-MediaFramework (6F0ED827-A609-4895-9C91-998D90180EA4): 2
LogInit: Presizing for max 25165824 objects, including 0 objects not considered by GC, pre-allocating 0 bytes for permanent pool.
LogConfig: Applying CVar settings from Section [/Script/Engine.StreamingSettings] File [C:/Users/20050/OneDrive/Dokumenty/Mafia/MafiaThirdPerson/Saved/Config/Windows/Engine.ini]
LogConfig: Setting CVar [[s.MinBulkDataSizeForAsyncLoading:131072]]
LogConfig: Setting CVar [[s.AsyncLoadingThreadEnabled:0]]
LogConfig: Setting CVar [[s.EventDrivenLoaderEnabled:1]]
LogConfig: Setting CVar [[s.WarnIfTimeLimitExceeded:0]]
LogConfig: Setting CVar [[s.TimeLimitExceededMultiplier:1.5]]
LogConfig: Setting CVar [[s.TimeLimitExceededMinTime:0.005]]
LogConfig: Setting CVar [[s.UseBackgroundLevelStreaming:1]]
LogConfig: Setting CVar [[s.PriorityAsyncLoadingExtraTime:15.0]]
LogConfig: Setting CVar [[s.LevelStreamingActorsUpdateTimeLimit:5.0]]
LogConfig: Setting CVar [[s.PriorityLevelStreamingActorsUpdateExtraTime:5.0]]
LogConfig: Setting CVar [[s.LevelStreamingComponentsRegistrationGranularity:10]]
LogConfig: Setting CVar [[s.UnregisterComponentsTimeLimit:1.0]]
LogConfig: Setting CVar [[s.LevelStreamingComponentsUnregistrationGranularity:5]]
LogConfig: Setting CVar [[s.FlushStreamingOnExit:1]]
LogInit: Object subsystem initialized
LogConfig: Setting CVar [[con.DebugEarlyDefault:1]]
LogConfig: Setting CVar [[r.setres:1280x720]]
[2022.10.04-09.12.47:967][  0]LogConfig: Setting CVar [[r.VSync:0]]
[2022.10.04-09.12.47:967][  0]LogConfig: Setting CVar [[r.RHICmdBypass:0]]
[2022.10.04-09.12.47:968][  0]LogConfig: Applying CVar settings from Section [/Script/Engine.RendererSettings] File [C:/Users/20050/OneDrive/Dokumenty/Mafia/MafiaThirdPerson/Saved/Config/Windows/Engine.ini]
[2022.10.04-09.12.47:968][  0]LogConfig: Setting CVar [[r.GPUCrashDebugging:0]]
[2022.10.04-09.12.47:968][  0]LogConfig: Applying CVar settings from Section [/Script/Engine.RendererOverrideSettings] File [C:/Users/20050/OneDrive/Dokumenty/Mafia/MafiaThirdPerson/Saved/Config/Windows/Engine.ini]
[2022.10.04-09.12.47:968][  0]LogConfig: Applying CVar settings from Section [/Script/Engine.StreamingSettings] File [C:/Users/20050/OneDrive/Dokumenty/Mafia/MafiaThirdPerson/Saved/Config/Windows/Engine.ini]
[2022.10.04-09.12.47:968][  0]LogConfig: Setting CVar [[s.MinBulkDataSizeForAsyncLoading:131072]]
[2022.10.04-09.12.47:968][  0]LogConfig: Setting CVar [[s.AsyncLoadingThreadEnabled:0]]
[2022.10.04-09.12.47:968][  0]LogConfig: Setting CVar [[s.EventDrivenLoaderEnabled:1]]
[2022.10.04-09.12.47:968][  0]LogConfig: Setting CVar [[s.WarnIfTimeLimitExceeded:0]]
[2022.10.04-09.12.47:968][  0]LogConfig: Setting CVar [[s.TimeLimitExceededMultiplier:1.5]]
[2022.10.04-09.12.47:968][  0]LogConfig: Setting CVar [[s.TimeLimitExceededMinTime:0.005]]
[2022.10.04-09.12.47:968][  0]LogConfig: Setting CVar [[s.UseBackgroundLevelStreaming:1]]
[2022.10.04-09.12.47:968][  0]LogConfig: Setting CVar [[s.PriorityAsyncLoadingExtraTime:15.0]]
[2022.10.04-09.12.47:968][  0]LogConfig: Setting CVar [[s.LevelStreamingActorsUpdateTimeLimit:5.0]]
[2022.10.04-09.12.47:968][  0]LogConfig: Setting CVar [[s.PriorityLevelStreamingActorsUpdateExtraTime:5.0]]
[2022.10.04-09.12.47:968][  0]LogConfig: Setting CVar [[s.LevelStreamingComponentsRegistrationGranularity:10]]
[2022.10.04-09.12.47:968][  0]LogConfig: Setting CVar [[s.UnregisterComponentsTimeLimit:1.0]]
[2022.10.04-09.12.47:968][  0]LogConfig: Setting CVar [[s.LevelStreamingComponentsUnregistrationGranularity:5]]
[2022.10.04-09.12.47:968][  0]LogConfig: Setting CVar [[s.FlushStreamingOnExit:1]]
[2022.10.04-09.12.47:968][  0]LogConfig: Applying CVar settings from Section [/Script/Engine.GarbageCollectionSettings] File [C:/Users/20050/OneDrive/Dokumenty/Mafia/MafiaThirdPerson/Saved/Config/Windows/Engine.ini]
[2022.10.04-09.12.47:968][  0]LogConfig: Setting CVar [[gc.MaxObjectsNotConsideredByGC:1]]
[2022.10.04-09.12.47:968][  0]LogConfig: Setting CVar [[gc.SizeOfPermanentObjectPool:0]]
[2022.10.04-09.12.47:968][  0]LogConfig: Setting CVar [[gc.FlushStreamingOnGC:0]]
[2022.10.04-09.12.47:968][  0]LogConfig: Setting CVar [[gc.NumRetriesBeforeForcingGC:10]]
[2022.10.04-09.12.47:968][  0]LogConfig: Setting CVar [[gc.AllowParallelGC:1]]
[2022.10.04-09.12.47:968][  0]LogConfig: Setting CVar [[gc.TimeBetweenPurgingPendingKillObjects:61.1]]
[2022.10.04-09.12.47:968][  0]LogConfig: Setting CVar [[gc.MaxObjectsInEditor:25165824]]
[2022.10.04-09.12.47:968][  0]LogConfig: Setting CVar [[gc.IncrementalBeginDestroyEnabled:1]]
[2022.10.04-09.12.47:968][  0]LogConfig: Setting CVar [[gc.CreateGCClusters:1]]
[2022.10.04-09.12.47:968][  0]LogConfig: Setting CVar [[gc.MinGCClusterSize:5]]
[2022.10.04-09.12.47:968][  0]LogConfig: Setting CVar [[gc.ActorClusteringEnabled:0]]
[2022.10.04-09.12.47:968][  0]LogConfig: Setting CVar [[gc.BlueprintClusteringEnabled:0]]
[2022.10.04-09.12.47:968][  0]LogConfig: Setting CVar [[gc.UseDisregardForGCOnDedicatedServers:0]]
[2022.10.04-09.12.47:968][  0]LogConfig: Setting CVar [[gc.MultithreadedDestructionEnabled:1]]
[2022.10.04-09.12.47:968][  0]LogConfig: Applying CVar settings from Section [/Script/Engine.NetworkSettings] File [C:/Users/20050/OneDrive/Dokumenty/Mafia/MafiaThirdPerson/Saved/Config/Windows/Engine.ini]
[2022.10.04-09.12.47:968][  0]LogConfig: Applying CVar settings from Section [/Script/UnrealEd.CookerSettings] File [C:/Users/20050/OneDrive/Dokumenty/Mafia/MafiaThirdPerson/Saved/Config/Windows/Engine.ini]
[2022.10.04-09.12.47:974][  0]LogConfig: Applying CVar settings from Section [ViewDistanceQuality@3] File [C:/Users/20050/OneDrive/Dokumenty/Mafia/MafiaThirdPerson/Saved/Config/Windows/Scalability.ini]
[2022.10.04-09.12.47:974][  0]LogConfig: Setting CVar [[r.SkeletalMeshLODBias:0]]
[2022.10.04-09.12.47:974][  0]LogConfig: Setting CVar [[r.ViewDistanceScale:1.0]]
[2022.10.04-09.12.47:974][  0]LogConfig: Applying CVar settings from Section [AntiAliasingQuality@3] File [C:/Users/20050/OneDrive/Dokumenty/Mafia/MafiaThirdPerson/Saved/Config/Windows/Scalability.ini]
[2022.10.04-09.12.47:974][  0]LogConfig: Setting CVar [[r.PostProcessAAQuality:4]]
[2022.10.04-09.12.47:974][  0]LogConfig: Applying CVar settings from Section [ShadowQuality@3] File [C:/Users/20050/OneDrive/Dokumenty/Mafia/MafiaThirdPerson/Saved/Config/Windows/Scalability.ini]
[2022.10.04-09.12.47:974][  0]LogConfig: Setting CVar [[r.LightFunctionQuality:1]]
[2022.10.04-09.12.47:974][  0]LogConfig: Setting CVar [[r.ShadowQuality:5]]
[2022.10.04-09.12.47:974][  0]LogConfig: Setting CVar [[r.Shadow.CSM.MaxCascades:10]]
[2022.10.04-09.12.47:974][  0]LogConfig: Setting CVar [[r.Shadow.MaxResolution:2048]]
[2022.10.04-09.12.47:974][  0]LogConfig: Setting CVar [[r.Shadow.MaxCSMResolution:2048]]
[2022.10.04-09.12.47:974][  0]LogConfig: Setting CVar [[r.Shadow.RadiusThreshold:0.01]]
[2022.10.04-09.12.47:974][  0]LogConfig: Setting CVar [[r.Shadow.DistanceScale:1.0]]
[2022.10.04-09.12.47:974][  0]LogConfig: Setting CVar [[r.Shadow.CSM.TransitionScale:1.0]]
[2022.10.04-09.12.47:974][  0]LogConfig: Setting CVar [[r.Shadow.PreShadowResolutionFactor:1.0]]
[2022.10.04-09.12.47:974][  0]LogConfig: Setting CVar [[r.DistanceFieldShadowing:1]]
[2022.10.04-09.12.47:974][  0]LogConfig: Setting CVar [[r.DistanceFieldAO:1]]
[2022.10.04-09.12.47:974][  0]LogConfig: Setting CVar [[r.AOQuality:2]]
[2022.10.04-09.12.47:974][  0]LogConfig: Setting CVar [[r.VolumetricFog:1]]
[2022.10.04-09.12.47:974][  0]LogConfig: Setting CVar [[r.VolumetricFog.GridPixelSize:8]]
[2022.10.04-09.12.47:974][  0]LogConfig: Setting CVar [[r.VolumetricFog.GridSizeZ:128]]
[2022.10.04-09.12.47:974][  0]LogConfig: Setting CVar [[r.VolumetricFog.HistoryMissSupersampleCount:4]]
[2022.10.04-09.12.47:974][  0]LogConfig: Setting CVar [[r.LightMaxDrawDistanceScale:1]]
[2022.10.04-09.12.47:974][  0]LogConfig: Setting CVar [[r.CapsuleShadows:1]]
[2022.10.04-09.12.47:974][  0]LogConfig: Applying CVar settings from Section [PostProcessQuality@3] File [C:/Users/20050/OneDrive/Dokumenty/Mafia/MafiaThirdPerson/Saved/Config/Windows/Scalability.ini]
[2022.10.04-09.12.47:975][  0]LogConfig: Setting CVar [[r.MotionBlurQuality:4]]
[2022.10.04-09.12.47:975][  0]LogConfig: Setting CVar [[r.AmbientOcclusionMipLevelFactor:0.4]]
[2022.10.04-09.12.47:975][  0]LogConfig: Setting CVar [[r.AmbientOcclusionMaxQuality:100]]
[2022.10.04-09.12.47:975][  0]LogConfig: Setting CVar [[r.AmbientOcclusionLevels:-1]]
[2022.10.04-09.12.47:975][  0]LogConfig: Setting CVar [[r.AmbientOcclusionRadiusScale:1.0]]
[2022.10.04-09.12.47:975][  0]LogConfig: Setting CVar [[r.DepthOfFieldQuality:2]]
[2022.10.04-09.12.47:975][  0]LogConfig: Setting CVar [[r.RenderTargetPoolMin:400]]
[2022.10.04-09.12.47:975][  0]LogConfig: Setting CVar [[r.LensFlareQuality:2]]
[2022.10.04-09.12.47:975][  0]LogConfig: Setting CVar [[r.SceneColorFringeQuality:1]]
[2022.10.04-09.12.47:975][  0]LogConfig: Setting CVar [[r.EyeAdaptationQuality:2]]
[2022.10.04-09.12.47:975][  0]LogConfig: Setting CVar [[r.BloomQuality:5]]
[2022.10.04-09.12.47:975][  0]LogConfig: Setting CVar [[r.FastBlurThreshold:100]]
[2022.10.04-09.12.47:975][  0]LogConfig: Setting CVar [[r.Upscale.Quality:3]]
[2022.10.04-09.12.47:975][  0]LogConfig: Setting CVar [[r.Tonemapper.GrainQuantization:1]]
[2022.10.04-09.12.47:975][  0]LogConfig: Setting CVar [[r.LightShaftQuality:1]]
[2022.10.04-09.12.47:975][  0]LogConfig: Setting CVar [[r.Filter.SizeScale:1]]
[2022.10.04-09.12.47:975][  0]LogConfig: Setting CVar [[r.Tonemapper.Quality:5]]
[2022.10.04-09.12.47:975][  0]LogConfig: Setting CVar [[r.DOF.Gather.AccumulatorQuality:1        ; higher gathering accumulator quality]]
[2022.10.04-09.12.47:975][  0]LogConfig: Setting CVar [[r.DOF.Gather.PostfilterMethod:1          ; Median3x3 postfilering method]]
[2022.10.04-09.12.47:975][  0]LogConfig: Setting CVar [[r.DOF.Gather.EnableBokehSettings:0       ; no bokeh simulation when gathering]]
[2022.10.04-09.12.47:975][  0]LogConfig: Setting CVar [[r.DOF.Gather.RingCount:4                 ; medium number of samples when gathering]]
[2022.10.04-09.12.47:975][  0]LogConfig: Setting CVar [[r.DOF.Scatter.ForegroundCompositing:1    ; additive foreground scattering]]
[2022.10.04-09.12.47:975][  0]LogConfig: Setting CVar [[r.DOF.Scatter.BackgroundCompositing:2    ; additive background scattering]]
[2022.10.04-09.12.47:975][  0]LogConfig: Setting CVar [[r.DOF.Scatter.EnableBokehSettings:1      ; bokeh simulation when scattering]]
[2022.10.04-09.12.47:975][  0]LogConfig: Setting CVar [[r.DOF.Scatter.MaxSpriteRatio:0.1         ; only a maximum of 10% of scattered bokeh]]
[2022.10.04-09.12.47:975][  0]LogConfig: Setting CVar [[r.DOF.Recombine.Quality:1                ; cheap slight out of focus]]
[2022.10.04-09.12.47:975][  0]LogConfig: Setting CVar [[r.DOF.Recombine.EnableBokehSettings:0    ; no bokeh simulation on slight out of focus]]
[2022.10.04-09.12.47:975][  0]LogConfig: Setting CVar [[r.DOF.TemporalAAQuality:1                ; more stable temporal accumulation]]
[2022.10.04-09.12.47:975][  0]LogConfig: Setting CVar [[r.DOF.Kernel.MaxForegroundRadius:0.025]]
[2022.10.04-09.12.47:975][  0]LogConfig: Setting CVar [[r.DOF.Kernel.MaxBackgroundRadius:0.025]]
[2022.10.04-09.12.47:975][  0]LogConfig: Applying CVar settings from Section [TextureQuality@3] File [C:/Users/20050/OneDrive/Dokumenty/Mafia/MafiaThirdPerson/Saved/Config/Windows/Scalability.ini]
[2022.10.04-09.12.47:975][  0]LogConfig: Setting CVar [[r.Streaming.MipBias:0]]
[2022.10.04-09.12.47:975][  0]LogConfig: Setting CVar [[r.Streaming.AmortizeCPUToGPUCopy:0]]
[2022.10.04-09.12.47:975][  0]LogConfig: Setting CVar [[r.Streaming.MaxNumTexturesToStreamPerFrame:0]]
[2022.10.04-09.12.47:975][  0]LogConfig: Setting CVar [[r.Streaming.Boost:1]]
[2022.10.04-09.12.47:975][  0]LogConfig: Setting CVar [[r.MaxAnisotropy:8]]
[2022.10.04-09.12.47:975][  0]LogConfig: Setting CVar [[r.VT.MaxAnisotropy:8]]
[2022.10.04-09.12.47:975][  0]LogConfig: Setting CVar [[r.Streaming.LimitPoolSizeToVRAM:0]]
[2022.10.04-09.12.47:975][  0]LogConfig: Setting CVar [[r.Streaming.PoolSize:1000]]
[2022.10.04-09.12.47:975][  0]LogConfig: Setting CVar [[r.Streaming.MaxEffectiveScreenSize:0]]
[2022.10.04-09.12.47:975][  0]LogConfig: Applying CVar settings from Section [EffectsQuality@3] File [C:/Users/20050/OneDrive/Dokumenty/Mafia/MafiaThirdPerson/Saved/Config/Windows/Scalability.ini]
[2022.10.04-09.12.47:975][  0]LogConfig: Setting CVar [[r.TranslucencyLightingVolumeDim:64]]
[2022.10.04-09.12.47:975][  0]LogConfig: Setting CVar [[r.RefractionQuality:2]]
[2022.10.04-09.12.47:975][  0]LogConfig: Setting CVar [[r.SSR.Quality:3]]
[2022.10.04-09.12.47:975][  0]LogConfig: Setting CVar [[r.SSR.HalfResSceneColor:0]]
[2022.10.04-09.12.47:975][  0]LogConfig: Setting CVar [[r.SceneColorFormat:4]]
[2022.10.04-09.12.47:975][  0]LogConfig: Setting CVar [[r.DetailMode:2]]
[2022.10.04-09.12.47:975][  0]LogConfig: Setting CVar [[r.TranslucencyVolumeBlur:1]]
[2022.10.04-09.12.47:975][  0]LogConfig: Setting CVar [[r.MaterialQualityLevel:1 ; High quality]]
[2022.10.04-09.12.47:975][  0]LogConfig: Setting CVar [[r.AnisotropicMaterials:1]]
[2022.10.04-09.12.47:975][  0]LogConfig: Setting CVar [[r.SSS.Scale:1]]
[2022.10.04-09.12.47:975][  0]LogConfig: Setting CVar [[r.SSS.SampleSet:2]]
[2022.10.04-09.12.47:975][  0]LogConfig: Setting CVar [[r.SSS.Quality:1]]
[2022.10.04-09.12.47:975][  0]LogConfig: Setting CVar [[r.SSS.HalfRes:0]]
[2022.10.04-09.12.47:975][  0]LogConfig: Setting CVar [[r.SSGI.Quality:3]]
[2022.10.04-09.12.47:975][  0]LogConfig: Setting CVar [[r.EmitterSpawnRateScale:1.0]]
[2022.10.04-09.12.47:975][  0]LogConfig: Setting CVar [[r.ParticleLightQuality:2]]
[2022.10.04-09.12.47:975][  0]LogConfig: Setting CVar [[r.SkyAtmosphere.AerialPerspectiveLUT.FastApplyOnOpaque:1 ; Always have FastSkyLUT 1 in this case to avoid wrong sky]]
[2022.10.04-09.12.47:975][  0]LogConfig: Setting CVar [[r.SkyAtmosphere.AerialPerspectiveLUT.SampleCountMaxPerSlice:4]]
[2022.10.04-09.12.47:975][  0]LogConfig: Setting CVar [[r.SkyAtmosphere.AerialPerspectiveLUT.DepthResolution:16.0]]
[2022.10.04-09.12.47:975][  0]LogConfig: Setting CVar [[r.SkyAtmosphere.FastSkyLUT:1]]
[2022.10.04-09.12.47:975][  0]LogConfig: Setting CVar [[r.SkyAtmosphere.FastSkyLUT.SampleCountMin:4.0]]
[2022.10.04-09.12.47:975][  0]LogConfig: Setting CVar [[r.SkyAtmosphere.FastSkyLUT.SampleCountMax:128.0]]
[2022.10.04-09.12.47:975][  0]LogConfig: Setting CVar [[r.SkyAtmosphere.SampleCountMin:4.0]]
[2022.10.04-09.12.47:975][  0]LogConfig: Setting CVar [[r.SkyAtmosphere.SampleCountMax:128.0]]
[2022.10.04-09.12.47:975][  0]LogConfig: Setting CVar [[r.SkyAtmosphere.TransmittanceLUT.UseSmallFormat:0]]
[2022.10.04-09.12.47:975][  0]LogConfig: Setting CVar [[r.SkyAtmosphere.TransmittanceLUT.SampleCount:10.0]]
[2022.10.04-09.12.47:975][  0]LogConfig: Setting CVar [[r.SkyAtmosphere.MultiScatteringLUT.SampleCount:15.0]]
[2022.10.04-09.12.47:975][  0]LogConfig: Setting CVar [[r.SkyLight.RealTimeReflectionCapture:1]]
[2022.10.04-09.12.47:975][  0]LogConfig: Applying CVar settings from Section [FoliageQuality@3] File [C:/Users/20050/OneDrive/Dokumenty/Mafia/MafiaThirdPerson/Saved/Config/Windows/Scalability.ini]
[2022.10.04-09.12.47:975][  0]LogConfig: Setting CVar [[foliage.DensityScale:1.0]]
[2022.10.04-09.12.47:975][  0]LogConfig: Setting CVar [[grass.DensityScale:1.0]]
[2022.10.04-09.12.47:975][  0]LogConfig: Applying CVar settings from Section [ShadingQuality@3] File [C:/Users/20050/OneDrive/Dokumenty/Mafia/MafiaThirdPerson/Saved/Config/Windows/Scalability.ini]
[2022.10.04-09.12.47:975][  0]LogConfig: Setting CVar [[r.HairStrands.SkyLighting.IntegrationType:2]]
[2022.10.04-09.12.47:975][  0]LogConfig: Setting CVar [[r.HairStrands.SkyAO.SampleCount:4]]
[2022.10.04-09.12.47:975][  0]LogConfig: Setting CVar [[r.HairStrands.Visibility.MSAA.SamplePerPixel:4]]
[2022.10.04-09.12.47:975][  0]LogInit: Selected Device Profile: [Windows]
[2022.10.04-09.12.47:976][  0]LogInit: Applying CVar settings loaded from the selected device profile: [Windows]
[2022.10.04-09.12.47:976][  0]LogHAL: Display: Platform has ~ 16 GB [17024741376 / 17179869184 / 16], which maps to Larger [LargestMinGB=32, LargerMinGB=12, DefaultMinGB=8, SmallerMinGB=6, SmallestMinGB=0)
[2022.10.04-09.12.47:976][  0]LogInit: Going up to parent DeviceProfile []
[2022.10.04-09.12.47:976][  0]LogConfig: Applying CVar settings from Section [ViewDistanceQuality@3] File [C:/Users/20050/OneDrive/Dokumenty/Mafia/MafiaThirdPerson/Saved/Config/Windows/Scalability.ini]
[2022.10.04-09.12.47:976][  0]LogConfig: Setting CVar [[r.SkeletalMeshLODBias:0]]
[2022.10.04-09.12.47:976][  0]LogConfig: Setting CVar [[r.ViewDistanceScale:1.0]]
[2022.10.04-09.12.47:976][  0]LogConfig: Applying CVar settings from Section [AntiAliasingQuality@3] File [C:/Users/20050/OneDrive/Dokumenty/Mafia/MafiaThirdPerson/Saved/Config/Windows/Scalability.ini]
[2022.10.04-09.12.47:976][  0]LogConfig: Setting CVar [[r.PostProcessAAQuality:4]]
[2022.10.04-09.12.47:976][  0]LogConfig: Applying CVar settings from Section [ShadowQuality@3] File [C:/Users/20050/OneDrive/Dokumenty/Mafia/MafiaThirdPerson/Saved/Config/Windows/Scalability.ini]
[2022.10.04-09.12.47:976][  0]LogConfig: Setting CVar [[r.LightFunctionQuality:1]]
[2022.10.04-09.12.47:976][  0]LogConfig: Setting CVar [[r.ShadowQuality:5]]
[2022.10.04-09.12.47:976][  0]LogConfig: Setting CVar [[r.Shadow.CSM.MaxCascades:10]]
[2022.10.04-09.12.47:976][  0]LogConfig: Setting CVar [[r.Shadow.MaxResolution:2048]]
[2022.10.04-09.12.47:976][  0]LogConfig: Setting CVar [[r.Shadow.MaxCSMResolution:2048]]
[2022.10.04-09.12.47:976][  0]LogConfig: Setting CVar [[r.Shadow.RadiusThreshold:0.01]]
[2022.10.04-09.12.47:976][  0]LogConfig: Setting CVar [[r.Shadow.DistanceScale:1.0]]
[2022.10.04-09.12.47:976][  0]LogConfig: Setting CVar [[r.Shadow.CSM.TransitionScale:1.0]]
[2022.10.04-09.12.47:976][  0]LogConfig: Setting CVar [[r.Shadow.PreShadowResolutionFactor:1.0]]
[2022.10.04-09.12.47:976][  0]LogConfig: Setting CVar [[r.DistanceFieldShadowing:1]]
[2022.10.04-09.12.47:976][  0]LogConfig: Setting CVar [[r.DistanceFieldAO:1]]
[2022.10.04-09.12.47:976][  0]LogConfig: Setting CVar [[r.AOQuality:2]]
[2022.10.04-09.12.47:976][  0]LogConfig: Setting CVar [[r.VolumetricFog:1]]
[2022.10.04-09.12.47:976][  0]LogConfig: Setting CVar [[r.VolumetricFog.GridPixelSize:8]]
[2022.10.04-09.12.47:976][  0]LogConfig: Setting CVar [[r.VolumetricFog.GridSizeZ:128]]
[2022.10.04-09.12.47:976][  0]LogConfig: Setting CVar [[r.VolumetricFog.HistoryMissSupersampleCount:4]]
[2022.10.04-09.12.47:976][  0]LogConfig: Setting CVar [[r.LightMaxDrawDistanceScale:1]]
[2022.10.04-09.12.47:976][  0]LogConfig: Setting CVar [[r.CapsuleShadows:1]]
[2022.10.04-09.12.47:976][  0]LogConfig: Applying CVar settings from Section [PostProcessQuality@3] File [C:/Users/20050/OneDrive/Dokumenty/Mafia/MafiaThirdPerson/Saved/Config/Windows/Scalability.ini]
[2022.10.04-09.12.47:976][  0]LogConfig: Setting CVar [[r.MotionBlurQuality:4]]
[2022.10.04-09.12.47:976][  0]LogConfig: Setting CVar [[r.AmbientOcclusionMipLevelFactor:0.4]]
[2022.10.04-09.12.47:976][  0]LogConfig: Setting CVar [[r.AmbientOcclusionMaxQuality:100]]
[2022.10.04-09.12.47:976][  0]LogConfig: Setting CVar [[r.AmbientOcclusionLevels:-1]]
[2022.10.04-09.12.47:976][  0]LogConfig: Setting CVar [[r.AmbientOcclusionRadiusScale:1.0]]
[2022.10.04-09.12.47:976][  0]LogConfig: Setting CVar [[r.DepthOfFieldQuality:2]]
[2022.10.04-09.12.47:976][  0]LogConfig: Setting CVar [[r.RenderTargetPoolMin:400]]
[2022.10.04-09.12.47:976][  0]LogConfig: Setting CVar [[r.LensFlareQuality:2]]
[2022.10.04-09.12.47:976][  0]LogConfig: Setting CVar [[r.SceneColorFringeQuality:1]]
[2022.10.04-09.12.47:976][  0]LogConfig: Setting CVar [[r.EyeAdaptationQuality:2]]
[2022.10.04-09.12.47:976][  0]LogConfig: Setting CVar [[r.BloomQuality:5]]
[2022.10.04-09.12.47:976][  0]LogConfig: Setting CVar [[r.FastBlurThreshold:100]]
[2022.10.04-09.12.47:976][  0]LogConfig: Setting CVar [[r.Upscale.Quality:3]]
[2022.10.04-09.12.47:976][  0]LogConfig: Setting CVar [[r.Tonemapper.GrainQuantization:1]]
[2022.10.04-09.12.47:976][  0]LogConfig: Setting CVar [[r.LightShaftQuality:1]]
[2022.10.04-09.12.47:976][  0]LogConfig: Setting CVar [[r.Filter.SizeScale:1]]
[2022.10.04-09.12.47:976][  0]LogConfig: Setting CVar [[r.Tonemapper.Quality:5]]
[2022.10.04-09.12.47:976][  0]LogConfig: Setting CVar [[r.DOF.Gather.AccumulatorQuality:1        ; higher gathering accumulator quality]]
[2022.10.04-09.12.47:976][  0]LogConfig: Setting CVar [[r.DOF.Gather.PostfilterMethod:1          ; Median3x3 postfilering method]]
[2022.10.04-09.12.47:976][  0]LogConfig: Setting CVar [[r.DOF.Gather.EnableBokehSettings:0       ; no bokeh simulation when gathering]]
[2022.10.04-09.12.47:976][  0]LogConfig: Setting CVar [[r.DOF.Gather.RingCount:4                 ; medium number of samples when gathering]]
[2022.10.04-09.12.47:976][  0]LogConfig: Setting CVar [[r.DOF.Scatter.ForegroundCompositing:1    ; additive foreground scattering]]
[2022.10.04-09.12.47:977][  0]LogConfig: Setting CVar [[r.DOF.Scatter.BackgroundCompositing:2    ; additive background scattering]]
[2022.10.04-09.12.47:977][  0]LogConfig: Setting CVar [[r.DOF.Scatter.EnableBokehSettings:1      ; bokeh simulation when scattering]]
[2022.10.04-09.12.47:977][  0]LogConfig: Setting CVar [[r.DOF.Scatter.MaxSpriteRatio:0.1         ; only a maximum of 10% of scattered bokeh]]
[2022.10.04-09.12.47:977][  0]LogConfig: Setting CVar [[r.DOF.Recombine.Quality:1                ; cheap slight out of focus]]
[2022.10.04-09.12.47:977][  0]LogConfig: Setting CVar [[r.DOF.Recombine.EnableBokehSettings:0    ; no bokeh simulation on slight out of focus]]
[2022.10.04-09.12.47:977][  0]LogConfig: Setting CVar [[r.DOF.TemporalAAQuality:1                ; more stable temporal accumulation]]
[2022.10.04-09.12.47:977][  0]LogConfig: Setting CVar [[r.DOF.Kernel.MaxForegroundRadius:0.025]]
[2022.10.04-09.12.47:977][  0]LogConfig: Setting CVar [[r.DOF.Kernel.MaxBackgroundRadius:0.025]]
[2022.10.04-09.12.47:977][  0]LogConfig: Applying CVar settings from Section [TextureQuality@3] File [C:/Users/20050/OneDrive/Dokumenty/Mafia/MafiaThirdPerson/Saved/Config/Windows/Scalability.ini]
[2022.10.04-09.12.47:977][  0]LogConfig: Setting CVar [[r.Streaming.MipBias:0]]
[2022.10.04-09.12.47:977][  0]LogConfig: Setting CVar [[r.Streaming.AmortizeCPUToGPUCopy:0]]
[2022.10.04-09.12.47:977][  0]LogConfig: Setting CVar [[r.Streaming.MaxNumTexturesToStreamPerFrame:0]]
[2022.10.04-09.12.47:977][  0]LogConfig: Setting CVar [[r.Streaming.Boost:1]]
[2022.10.04-09.12.47:977][  0]LogConfig: Setting CVar [[r.MaxAnisotropy:8]]
[2022.10.04-09.12.47:977][  0]LogConfig: Setting CVar [[r.VT.MaxAnisotropy:8]]
[2022.10.04-09.12.47:977][  0]LogConfig: Setting CVar [[r.Streaming.LimitPoolSizeToVRAM:0]]
[2022.10.04-09.12.47:977][  0]LogConfig: Setting CVar [[r.Streaming.PoolSize:1000]]
[2022.10.04-09.12.47:977][  0]LogConfig: Setting CVar [[r.Streaming.MaxEffectiveScreenSize:0]]
[2022.10.04-09.12.47:977][  0]LogConfig: Applying CVar settings from Section [EffectsQuality@3] File [C:/Users/20050/OneDrive/Dokumenty/Mafia/MafiaThirdPerson/Saved/Config/Windows/Scalability.ini]
[2022.10.04-09.12.47:977][  0]LogConfig: Setting CVar [[r.TranslucencyLightingVolumeDim:64]]
[2022.10.04-09.12.47:977][  0]LogConfig: Setting CVar [[r.RefractionQuality:2]]
[2022.10.04-09.12.47:977][  0]LogConfig: Setting CVar [[r.SSR.Quality:3]]
[2022.10.04-09.12.47:977][  0]LogConfig: Setting CVar [[r.SSR.HalfResSceneColor:0]]
[2022.10.04-09.12.47:977][  0]LogConfig: Setting CVar [[r.SceneColorFormat:4]]
[2022.10.04-09.12.47:977][  0]LogConfig: Setting CVar [[r.DetailMode:2]]
[2022.10.04-09.12.47:977][  0]LogConfig: Setting CVar [[r.TranslucencyVolumeBlur:1]]
[2022.10.04-09.12.47:977][  0]LogConfig: Setting CVar [[r.MaterialQualityLevel:1 ; High quality]]
[2022.10.04-09.12.47:977][  0]LogConfig: Setting CVar [[r.AnisotropicMaterials:1]]
[2022.10.04-09.12.47:977][  0]LogConfig: Setting CVar [[r.SSS.Scale:1]]
[2022.10.04-09.12.47:977][  0]LogConfig: Setting CVar [[r.SSS.SampleSet:2]]
[2022.10.04-09.12.47:977][  0]LogConfig: Setting CVar [[r.SSS.Quality:1]]
[2022.10.04-09.12.47:977][  0]LogConfig: Setting CVar [[r.SSS.HalfRes:0]]
[2022.10.04-09.12.47:977][  0]LogConfig: Setting CVar [[r.SSGI.Quality:3]]
[2022.10.04-09.12.47:977][  0]LogConfig: Setting CVar [[r.EmitterSpawnRateScale:1.0]]
[2022.10.04-09.12.47:977][  0]LogConfig: Setting CVar [[r.ParticleLightQuality:2]]
[2022.10.04-09.12.47:977][  0]LogConfig: Setting CVar [[r.SkyAtmosphere.AerialPerspectiveLUT.FastApplyOnOpaque:1 ; Always have FastSkyLUT 1 in this case to avoid wrong sky]]
[2022.10.04-09.12.47:977][  0]LogConfig: Setting CVar [[r.SkyAtmosphere.AerialPerspectiveLUT.SampleCountMaxPerSlice:4]]
[2022.10.04-09.12.47:977][  0]LogConfig: Setting CVar [[r.SkyAtmosphere.AerialPerspectiveLUT.DepthResolution:16.0]]
[2022.10.04-09.12.47:977][  0]LogConfig: Setting CVar [[r.SkyAtmosphere.FastSkyLUT:1]]
[2022.10.04-09.12.47:977][  0]LogConfig: Setting CVar [[r.SkyAtmosphere.FastSkyLUT.SampleCountMin:4.0]]
[2022.10.04-09.12.47:977][  0]LogConfig: Setting CVar [[r.SkyAtmosphere.FastSkyLUT.SampleCountMax:128.0]]
[2022.10.04-09.12.47:977][  0]LogConfig: Setting CVar [[r.SkyAtmosphere.SampleCountMin:4.0]]
[2022.10.04-09.12.47:977][  0]LogConfig: Setting CVar [[r.SkyAtmosphere.SampleCountMax:128.0]]
[2022.10.04-09.12.47:977][  0]LogConfig: Setting CVar [[r.SkyAtmosphere.TransmittanceLUT.UseSmallFormat:0]]
[2022.10.04-09.12.47:977][  0]LogConfig: Setting CVar [[r.SkyAtmosphere.TransmittanceLUT.SampleCount:10.0]]
[2022.10.04-09.12.47:977][  0]LogConfig: Setting CVar [[r.SkyAtmosphere.MultiScatteringLUT.SampleCount:15.0]]
[2022.10.04-09.12.47:977][  0]LogConfig: Setting CVar [[r.SkyLight.RealTimeReflectionCapture:1]]
[2022.10.04-09.12.47:977][  0]LogConfig: Applying CVar settings from Section [FoliageQuality@3] File [C:/Users/20050/OneDrive/Dokumenty/Mafia/MafiaThirdPerson/Saved/Config/Windows/Scalability.ini]
[2022.10.04-09.12.47:977][  0]LogConfig: Setting CVar [[foliage.DensityScale:1.0]]
[2022.10.04-09.12.47:977][  0]LogConfig: Setting CVar [[grass.DensityScale:1.0]]
[2022.10.04-09.12.47:977][  0]LogConfig: Applying CVar settings from Section [ShadingQuality@3] File [C:/Users/20050/OneDrive/Dokumenty/Mafia/MafiaThirdPerson/Saved/Config/Windows/Scalability.ini]
[2022.10.04-09.12.47:977][  0]LogConfig: Setting CVar [[r.HairStrands.SkyLighting.IntegrationType:2]]
[2022.10.04-09.12.47:977][  0]LogConfig: Setting CVar [[r.HairStrands.SkyAO.SampleCount:4]]
[2022.10.04-09.12.47:977][  0]LogConfig: Setting CVar [[r.HairStrands.Visibility.MSAA.SamplePerPixel:4]]
[2022.10.04-09.12.47:977][  0]LogConfig: Applying CVar settings from Section [Startup] File [../../../Engine/Config/ConsoleVariables.ini]
[2022.10.04-09.12.47:978][  0]LogConfig: Setting CVar [[net.UseAdaptiveNetUpdateFrequency:0]]
[2022.10.04-09.12.47:978][  0]LogConfig: Setting CVar [[p.chaos.AllowCreatePhysxBodies:1]]
[2022.10.04-09.12.47:978][  0]LogConfig: Setting CVar [[fx.SkipVectorVMBackendOptimizations:1]]
[2022.10.04-09.12.47:978][  0]LogConfig: Applying CVar settings from Section [ConsoleVariables] File [C:/Users/20050/OneDrive/Dokumenty/Mafia/MafiaThirdPerson/Saved/Config/Windows/Engine.ini]
[2022.10.04-09.12.47:978][  0]LogConfig: Applying CVar settings from Section [ConsoleVariables] File [C:/Users/20050/OneDrive/Dokumenty/Mafia/MafiaThirdPerson/Saved/Config/Windows/Editor.ini]
[2022.10.04-09.12.47:978][  0]LogInit: Computer: LAPTOP-HO93C6MG
[2022.10.04-09.12.47:978][  0]LogInit: User: 20050
[2022.10.04-09.12.47:978][  0]LogInit: CPU Page size=4096, Cores=8
[2022.10.04-09.12.47:978][  0]LogInit: High frequency timer resolution =10.000000 MHz
[2022.10.04-09.12.47:978][  0]LogMemory: Memory total: Physical=15.9GB (16GB approx)
[2022.10.04-09.12.47:978][  0]LogMemory: Platform Memory Stats for Windows
[2022.10.04-09.12.47:978][  0]LogMemory: Process Physical Memory: 146.91 MB used, 146.92 MB peak
[2022.10.04-09.12.47:978][  0]LogMemory: Process Virtual Memory: 123.10 MB used, 123.10 MB peak
[2022.10.04-09.12.47:978][  0]LogMemory: Physical Memory: 7978.12 MB used,  8257.93 MB free, 16236.06 MB total
[2022.10.04-09.12.47:978][  0]LogMemory: Virtual Memory: 134207080.00 MB used,  10647.88 MB free, 134217728.00 MB total
[2022.10.04-09.12.48:013][  0]LogWindows: WindowsPlatformFeatures enabled
[2022.10.04-09.12.48:258][  0]LogInit: Physics initialised using underlying interface: PhysX
[2022.10.04-09.12.48:259][  0]LogInit: Using OS detected language (en-US).
[2022.10.04-09.12.48:259][  0]LogInit: Using OS detected locale (en-US).
[2022.10.04-09.12.48:273][  0]LogTextLocalizationManager: No specific localization for 'en-US' exists, so the 'en' localization will be used.
[2022.10.04-09.12.48:555][  0]LogInit: Setting process to per monitor DPI aware
[2022.10.04-09.12.48:574][  0]LogWindowsTextInputMethodSystem: Display: IME system deactivated.
[2022.10.04-09.12.48:626][  0]LogSlate: New Slate User Created.  User Index 0, Is Virtual User: 0
[2022.10.04-09.12.48:626][  0]LogSlate: Slate User Registered.  User Index 0, Is Virtual User: 0
[2022.10.04-09.12.50:559][  0]LogD3D11RHI: Loaded GFSDK_Aftermath_Lib.x64.dll
[2022.10.04-09.12.50:563][  0]LogHMD: Failed to initialize OpenVR with code 110
[2022.10.04-09.12.50:563][  0]LogD3D11RHI: D3D11 min allowed feature level: 11_0
[2022.10.04-09.12.50:563][  0]LogD3D11RHI: D3D11 max allowed feature level: 11_0
[2022.10.04-09.12.50:563][  0]LogD3D11RHI: D3D11 adapters:
[2022.10.04-09.12.50:657][  0]LogD3D11RHI:    0. 'NVIDIA GeForce RTX 3060 Laptop GPU' (Feature Level 11_0)
[2022.10.04-09.12.50:657][  0]LogD3D11RHI:       6023/0/8118 MB DedicatedVideo/DedicatedSystem/SharedSystem, Outputs:1, VendorId:0x10de
[2022.10.04-09.12.50:659][  0]LogD3D11RHI:    1. 'Microsoft Basic Render Driver' (Feature Level 11_0)
[2022.10.04-09.12.50:659][  0]LogD3D11RHI:       0/0/8118 MB DedicatedVideo/DedicatedSystem/SharedSystem, Outputs:0, VendorId:0x1414
[2022.10.04-09.12.50:659][  0]LogD3D11RHI: Chosen D3D11 Adapter:
[2022.10.04-09.12.50:659][  0]LogD3D11RHI:     Description : NVIDIA GeForce RTX 3060 Laptop GPU
[2022.10.04-09.12.50:659][  0]LogD3D11RHI:     VendorId    : 10de
[2022.10.04-09.12.50:659][  0]LogD3D11RHI:     DeviceId    : 2560
[2022.10.04-09.12.50:659][  0]LogD3D11RHI:     SubSysId    : 3aa617aa
[2022.10.04-09.12.50:659][  0]LogD3D11RHI:     Revision    : 00a1
[2022.10.04-09.12.50:659][  0]LogD3D11RHI:     DedicatedVideoMemory : 6315573248 bytes
[2022.10.04-09.12.50:659][  0]LogD3D11RHI:     DedicatedSystemMemory : 0 bytes
[2022.10.04-09.12.50:659][  0]LogD3D11RHI:     SharedSystemMemory : 8512370688 bytes
[2022.10.04-09.12.50:659][  0]LogD3D11RHI:     AdapterLuid : 0 57790
[2022.10.04-09.12.50:666][  0]LogD3D11RHI: Creating new Direct3DDevice
[2022.10.04-09.12.50:666][  0]LogD3D11RHI:     GPU DeviceId: 0x2560 (for the marketing name, search the web for "GPU Device Id")
[2022.10.04-09.12.50:666][  0]LogWindows: EnumDisplayDevices:
[2022.10.04-09.12.50:666][  0]LogWindows:    0. 'NVIDIA GeForce RTX 3060 Laptop GPU' (P:1 D:1)
[2022.10.04-09.12.50:667][  0]LogWindows:    1. 'NVIDIA GeForce RTX 3060 Laptop GPU' (P:0 D:0)
[2022.10.04-09.12.50:667][  0]LogWindows:    2. 'NVIDIA GeForce RTX 3060 Laptop GPU' (P:0 D:0)
[2022.10.04-09.12.50:667][  0]LogWindows:    3. 'NVIDIA GeForce RTX 3060 Laptop GPU' (P:0 D:0)
[2022.10.04-09.12.50:667][  0]LogWindows: DebugString: FoundDriverCount:4 
[2022.10.04-09.12.50:667][  0]LogD3D11RHI:     Adapter Name: NVIDIA GeForce RTX 3060 Laptop GPU
[2022.10.04-09.12.50:667][  0]LogD3D11RHI:   Driver Version: 516.94 (internal:31.0.15.1694, unified:516.94)
[2022.10.04-09.12.50:667][  0]LogD3D11RHI:      Driver Date: 7-21-2022
[2022.10.04-09.12.50:667][  0]LogRHI: Texture pool is 4216 MB (70% of 6023 MB)
[2022.10.04-09.12.50:667][  0]LogD3D11RHI: Creating D3DDevice using adapter:
[2022.10.04-09.12.50:667][  0]LogD3D11RHI:     Description : NVIDIA GeForce RTX 3060 Laptop GPU
[2022.10.04-09.12.50:667][  0]LogD3D11RHI:     VendorId    : 10de
[2022.10.04-09.12.50:667][  0]LogD3D11RHI:     DeviceId    : 2560
[2022.10.04-09.12.50:667][  0]LogD3D11RHI:     SubSysId    : 3aa617aa
[2022.10.04-09.12.50:667][  0]LogD3D11RHI:     Revision    : 00a1
[2022.10.04-09.12.50:667][  0]LogD3D11RHI:     DedicatedVideoMemory : 6315573248 bytes
[2022.10.04-09.12.50:667][  0]LogD3D11RHI:     DedicatedSystemMemory : 0 bytes
[2022.10.04-09.12.50:667][  0]LogD3D11RHI:     SharedSystemMemory : 8512370688 bytes
[2022.10.04-09.12.50:667][  0]LogD3D11RHI:     AdapterLuid : 0 57790
[2022.10.04-09.12.50:723][  0]LogD3D11RHI: RHI has support for 64 bit atomics
[2022.10.04-09.12.50:724][  0]LogD3D11RHI: Async texture creation enabled
[2022.10.04-09.12.50:724][  0]LogD3D11RHI: Array index from any shader is supported
[2022.10.04-09.12.50:725][  0]LogD3D11RHI: HDR output is supported on display 0 (NvId: 0x80061086).
[2022.10.04-09.12.50:765][  0]LogD3D11RHI: GPU Timing Frequency: 1000.000000 (Debug: 2 2)
[2022.10.04-09.12.50:837][  0]LogRHI: GeForceNow SDK initialized: 1
[2022.10.04-09.12.51:222][  0]LogTargetPlatformManager: Display: Loaded TargetPlatform 'AllDesktop'
[2022.10.04-09.12.51:260][  0]LogTargetPlatformManager: Display: Loaded TargetPlatform 'Android'
[2022.10.04-09.12.51:260][  0]LogTargetPlatformManager: Display: Loaded TargetPlatform 'Android_ASTC'
[2022.10.04-09.12.51:260][  0]LogTargetPlatformManager: Display: Loaded TargetPlatform 'Android_DXT'
[2022.10.04-09.12.51:260][  0]LogTargetPlatformManager: Display: Loaded TargetPlatform 'Android_ETC2'
[2022.10.04-09.12.51:260][  0]LogTargetPlatformManager: Display: Loaded TargetPlatform 'AndroidClient'
[2022.10.04-09.12.51:260][  0]LogTargetPlatformManager: Display: Loaded TargetPlatform 'Android_ASTCClient'
[2022.10.04-09.12.51:260][  0]LogTargetPlatformManager: Display: Loaded TargetPlatform 'Android_DXTClient'
[2022.10.04-09.12.51:260][  0]LogTargetPlatformManager: Display: Loaded TargetPlatform 'Android_ETC2Client'
[2022.10.04-09.12.51:260][  0]LogTargetPlatformManager: Display: Loaded TargetPlatform 'Android_Multi'
[2022.10.04-09.12.51:260][  0]LogTargetPlatformManager: Display: Loaded TargetPlatform 'Android_MultiClient'
[2022.10.04-09.12.51:318][  0]LogTargetPlatformManager: Display: Loaded TargetPlatform 'IOSClient'
[2022.10.04-09.12.51:318][  0]LogTargetPlatformManager: Display: Loaded TargetPlatform 'IOS'
[2022.10.04-09.12.51:343][  0]LogTargetPlatformManager: Display: Loaded TargetPlatform 'Linux'
[2022.10.04-09.12.51:360][  0]LogTargetPlatformManager: Display: Loaded TargetPlatform 'LinuxNoEditor'
[2022.10.04-09.12.51:378][  0]LogTargetPlatformManager: Display: Loaded TargetPlatform 'LinuxClient'
[2022.10.04-09.12.51:396][  0]LogTargetPlatformManager: Display: Loaded TargetPlatform 'LinuxServer'
[2022.10.04-09.12.51:419][  0]LogTargetPlatformManager: Display: Loaded TargetPlatform 'LinuxAArch64NoEditor'
[2022.10.04-09.12.51:436][  0]LogTargetPlatformManager: Display: Loaded TargetPlatform 'LinuxAArch64Client'
[2022.10.04-09.12.51:453][  0]LogTargetPlatformManager: Display: Loaded TargetPlatform 'LinuxAArch64Server'
[2022.10.04-09.12.51:492][  0]LogTargetPlatformManager: Display: Loaded TargetPlatform 'Lumin'
[2022.10.04-09.12.51:492][  0]LogTargetPlatformManager: Display: Loaded TargetPlatform 'LuminClient'
[2022.10.04-09.12.51:513][  0]LogTargetPlatformManager: Display: Loaded TargetPlatform 'MacNoEditor'
[2022.10.04-09.12.51:531][  0]LogTargetPlatformManager: Display: Loaded TargetPlatform 'Mac'
[2022.10.04-09.12.51:548][  0]LogTargetPlatformManager: Display: Loaded TargetPlatform 'MacClient'
[2022.10.04-09.12.51:566][  0]LogTargetPlatformManager: Display: Loaded TargetPlatform 'MacServer'
[2022.10.04-09.12.51:589][  0]LogTargetPlatformManager: Display: Loaded TargetPlatform 'TVOSClient'
[2022.10.04-09.12.51:589][  0]LogTargetPlatformManager: Display: Loaded TargetPlatform 'TVOS'
[2022.10.04-09.12.51:614][  0]LogTargetPlatformManager: Display: Loaded TargetPlatform 'WindowsNoEditor'
[2022.10.04-09.12.51:633][  0]LogTargetPlatformManager: Display: Loaded TargetPlatform 'Windows'
[2022.10.04-09.12.51:653][  0]LogTargetPlatformManager: Display: Loaded TargetPlatform 'WindowsClient'
[2022.10.04-09.12.51:672][  0]LogTargetPlatformManager: Display: Loaded TargetPlatform 'WindowsServer'
[2022.10.04-09.12.51:672][  0]LogTargetPlatformManager: Display: Building Assets For Windows
[2022.10.04-09.12.51:736][  0]LogAudioDebug: Display: Lib vorbis DLL was dynamically loaded.
[2022.10.04-09.12.51:926][  0]LogTextureFormatOodle: Display: Oodle Texture 2.9.0 init RDO Off
[2022.10.04-09.12.52:174][  0]LogRendererCore: Ray tracing is disabled. Reason: r.RayTracing=0.
[2022.10.04-09.12.52:175][  0]LogShaderCompilers: Guid format shader working directory is -26 characters bigger than the processId version (../../../../../../Users/20050/OneDrive/Dokumenty/Mafia/MafiaThirdPerson/Intermediate/Shaders/WorkingDirectory/22800/).
[2022.10.04-09.12.52:175][  0]LogShaderCompilers: Cleaned the shader compiler working directory 'C:/Users/20050/AppData/Local/Temp/UnrealShaderWorkingDir/885397474E2A9093864658BD3CFB717D/'.
[2022.10.04-09.12.52:176][  0]LogXGEController: Cannot use XGE Controller as Incredibuild is not installed on this machine.
[2022.10.04-09.12.52:176][  0]LogShaderCompilers: Cannot use XGE Shader Compiler as Incredibuild is not installed on this machine.
[2022.10.04-09.12.52:176][  0]LogShaderCompilers: Display: Using Local Shader Compiler.
[2022.10.04-09.12.54:542][  0]LogDerivedDataCache: Display: Max Cache Size: 512 MB
[2022.10.04-09.12.54:622][  0]LogDerivedDataCache: Loaded boot cache 0.08s 94MB C:/Users/20050/AppData/Local/UnrealEngine/4.27/DerivedDataCache/Boot.ddc.
[2022.10.04-09.12.54:622][  0]LogDerivedDataCache: Display: Loaded Boot cache: C:/Users/20050/AppData/Local/UnrealEngine/4.27/DerivedDataCache/Boot.ddc
[2022.10.04-09.12.54:622][  0]LogDerivedDataCache: FDerivedDataBackendGraph:  Pak pak cache file ../../../../../../Users/20050/OneDrive/Dokumenty/Mafia/MafiaThirdPerson/DerivedDataCache/DDC.ddp not found, will not use a pak cache.
[2022.10.04-09.12.54:622][  0]LogDerivedDataCache: Unable to find inner node Pak for hierarchical cache Hierarchy.
[2022.10.04-09.12.54:622][  0]LogDerivedDataCache: FDerivedDataBackendGraph:  CompressedPak pak cache file ../../../../../../Users/20050/OneDrive/Dokumenty/Mafia/MafiaThirdPerson/DerivedDataCache/Compressed.ddp not found, will not use a pak cache.
[2022.10.04-09.12.54:622][  0]LogDerivedDataCache: Unable to find inner node CompressedPak for hierarchical cache Hierarchy.
[2022.10.04-09.12.54:646][  0]LogDerivedDataCache: Display: Pak cache opened for reading ../../../Engine/DerivedDataCache/Compressed.ddp.
[2022.10.04-09.12.54:646][  0]LogDerivedDataCache: FDerivedDataBackendGraph:  EnterprisePak pak cache file ../../../Enterprise/DerivedDataCache/Compressed.ddp not found, will not use a pak cache.
[2022.10.04-09.12.54:646][  0]LogDerivedDataCache: Unable to find inner node EnterprisePak for hierarchical cache Hierarchy.
[2022.10.04-09.12.54:658][  0]LogDerivedDataCache: Speed tests for C:/Users/20050/AppData/Local/UnrealEngine/Common/DerivedDataCache took 0.01 seconds
[2022.10.04-09.12.54:658][  0]LogDerivedDataCache: Display: Performance to C:/Users/20050/AppData/Local/UnrealEngine/Common/DerivedDataCache: Latency=0.13ms. RandomReadSpeed=186.08MBs, RandomWriteSpeed=193.13MBs. Assigned SpeedClass 'Local'
[2022.10.04-09.12.54:659][  0]LogDerivedDataCache: Using Local data cache path C:/Users/20050/AppData/Local/UnrealEngine/Common/DerivedDataCache: Writable
[2022.10.04-09.12.54:659][  0]LogDerivedDataCache: Shared data cache path not found in *engine.ini, will not use an Shared cache.
[2022.10.04-09.12.54:659][  0]LogDerivedDataCache: Unable to find inner node Shared for hierarchical cache Hierarchy.
[2022.10.04-09.12.54:700][  0]LogSlate: Using FreeType 2.10.0
[2022.10.04-09.12.54:713][  0]LogSlate: SlateFontServices - WITH_FREETYPE: 1, WITH_HARFBUZZ: 1
[2022.10.04-09.12.54:752][  0]LogAssetRegistry: FAssetRegistry took 0.0047 seconds to start up
[2022.10.04-09.12.55:189][  0]LogInit: Selected Device Profile: [Windows]
[2022.10.04-09.12.55:189][  0]LogInit: Active device profile: [000001E9F2956600][000001E9F14C8780 49] Windows
[2022.10.04-09.12.55:189][  0]LogInit: Profiles: [000001E9F2956600][000001E9F14C8780 49] Windows, [000001E9F2902900][000001E9F14C48C0 49] WindowsNoEditor, [000001E9F2956E00][000001E9F14CCA00 49] WindowsServer, [000001E9F2901300][000001E9F1EBEB40 49] WindowsClient, [000001E9F2955200][000001E9F1EC6CC0 49] IOS, [000001E9F2903F00][000001E9F1ECAE40 49] iPadAir, [000001E9F2955600][000001E9F1ECEFC0 49] iPadAir2, [000001E9F284E600][000001E9F1ED7280 49] IPadPro, [000001E9F284E700][000001E9F1ED32C0 49] iPadAir3, [000001E9F2956400][000001E9F1EDB440 49] iPadAir4, [000001E9F284EB00][000001E9F1EDF5C0 49] iPadMini2, [000001E9F2954100][000001E9F1EE3740 49] iPadMini3, [000001E9F284C500][000001E9F1EE78C0 49] iPadMini4, [000001E9F2956F00][000001E9F1EEBA40 49] iPadMini5, [000001E9F288DF00][000001E9F1EF2180 49] iPhone6, [000001E9F288E000][000001E9F1EEE1C0 49] iPodTouch6, [000001E9F284DF00][000001E9F1EFA480 49] iPhone7, [000001E9F284E000][000001E9F1EF64C0 49] iPodTouch7, [000001E9F288E500][000001E9F1EFE640 49] iPhone5S, [000001E9F284D300][000001E9F1F027C0 49] iPhone6Plus, [000001E9F288E900][000001E9F1F06940 49] iPhone6S, [000001E9F284F400][000001E9F1EC2A80 49] iPhone6SPlus, [000001E9F288E800][000001E9F1F0ABC0 49] iPhone7Plus, [000001E9F284D600][000001E9F1F0ED00 49] iPhoneSE, [000001E9F288FF00][000001E9F1F16E80 49] iPhone8, [000001E9F284E900][000001E9F1F1B000 49] iPhone8Plus, [000001E9F288FA00][000001E9F1F1F180 49] iPhoneX, [000001E9F284F600][000001E9F1F23300 49] iPhoneXS, [000001E9F288C800][000001E9F1F27480 49] iPhoneXSMax, [000001E9F284F900][000001E9F1F2B600 49] iPhoneXR, [000001E9F288EF00][000001E9F1F2F780 49] iPhone11, [000001E9F284CA00][000001E9F1F33900 49] iPhone11Pro, [000001E9F288CE00][000001E9F1F37A80 49] iPhone11ProMax, [000001E9F284E500][000001E9F1F3BC00 49] iPhoneSE2, [000001E9F288F000][000001E9F1F3E200 49] iPhone12Mini, [000001E9F284DB00][000001E9F1F42380 49] iPhone12, [000001E9F288D200][000001E9F1F46500 49] iPhone12Pro, [000001E9F284EC00][000001E9F1F4A680 49] iPhone12ProMax, [000001E9F288C200][000001E9F1F4E800 49] iPadPro105, [000001E9F284C200][000001E9F1F52980 49] iPadPro129, [000001E9F288DB00][000001E9F1F56B00 49] iPadPro97, [000001E9F284D700][000001E9F1F12C40 49] iPadPro2_129, [000001E9F288C300][000001E9F1F5AD80 49] iPad5, [000001E9F284FB00][000001E9F1F5EEC0 49] iPad6, [000001E9F288EC00][000001E9F1F67040 49] iPad7, [000001E9F284D100][000001E9F1F6B1C0 49] iPad8, [000001E9F29D0800][000001E9F1F6F340 49] iPadPro11, [000001E9F2901500][000001E9F1F734C0 49] iPadPro2_11, [000001E9F29D0B00][000001E9F1F77640 49] iPadPro3_129, [000001E9F2900700][000001E9F1F7B7C0 49] iPadPro4_129, [000001E9F29D0C00][000001E9F1F7F940 49] AppleTV, [000001E9F2900900][000001E9F1F83AC0 49] AppleTV4K, [000001E9F29D1000][000001E9F1F860C0 49] TVOS, [000001E9F2902100][000001E9F1F8A240 49] Mac, [000001E9F284FE00][000001E9F1F8E3C0 49] MacClient, [000001E9F2901100][000001E9F1F92540 49] MacNoEditor, [000001E9F288DA00][000001E9F1F966C0 49] MacServer, [000001E9F2900800][000001E9F1F9A840 49] Linux, [000001E9F288FC00][000001E9F1F9E9C0 49] LinuxAArch64, [000001E9F2900600][000001E9F1FA2B40 49] LinuxNoEditor, [000001E9F288D900][000001E9F1FA6CC0 49] LinuxAArch64NoEditor, [000001E9F2903A00][000001E9F1F62E00 49] LinuxClient, [000001E9F288E700][000001E9F1FAAF40 49] LinuxAArch64Client, [000001E9F2901200][000001E9F1FAF080 49] LinuxServer, [000001E9F288DC00][000001E9F1FB31C0 49] LinuxAArch64Server, [000001E9F2903700][000001E9F1FBB340 49] Android, [000001E9F288D000][000001E9F1FBF4C0 49] Android_Low, [000001E9F2903B00][000001E9F1FC3640 49] Android_Mid, [000001E9F288F200][000001E9F1FC77C0 49] Android_High, [000001E9F2903C00][000001E9F1FCB940 49] Android_Default, [000001E9F288E600][000001E9F1FCFAC0 49] Android_Adreno4xx, [000001E9F2900D00][000001E9F1FD20C0 49] Android_Adreno5xx_Low, [000001E9F288CF00][000001E9F1FD6240 49] Android_Adreno5xx, [000001E9F2903600][000001E9F1FDA3C0 49] Android_Adreno6xx, [000001E9F288F100][000001E9F1FDE540 49] Android_Adreno6xx_Vulkan, [000001E9F2901000][000001E9F1FE26C0 49] Android_Mali_T6xx, [000001E9F288F900][000001E9F1FE6840 49] Android_Mali_T7xx, [000001E9F2901A00][000001E9F1FEA9C0 49] Android_Mali_T8xx, [000001E9F288D600][000001E9F1FEEB40 49] Android_Mali_G71, [000001E9F2902E00][000001E9F1FF2CC0 49] Android_Mali_G72, [000001E9F288D500][000001E9F1FF6E40 49] Android_Mali_G72_Vulkan, [000001E9F2901C00][000001E9F1FB6F80 49] Android_Mali_G76, [000001E9F288D300][000001E9F1FFB0C0 49] Android_Mali_G76_Vulkan, [000001E9F2901800][000001E9F1FFF200 49] Android_Mali_G77, [000001E9F288E100][000001E9F2003340 49] Android_Mali_G77_Vulkan, [000001E9F2903800][000001E9F200B4C0 49] Android_Mali_G78, [000001E9F288DD00][000001E9F200F640 49] Android_Mali_G78_Vulkan, [000001E9F2902400][000001E9F20137C0 49] Android_Mali_G710, [000001E9F288FE00][000001E9F2017940 49] Android_Mali_G710_Vulkan, [000001E9F2900500][000001E9F201BAC0 49] Android_Vulkan_SM5, [000001E9F288C700][000001E9F201E0C0 49] Android_PowerVR_G6xxx, [000001E9F2900400][000001E9F2022240 49] Android_PowerVR_GT7xxx, [000001E9F288E300][000001E9F20263C0 49] Android_PowerVR_GE8xxx, [000001E9F2901400][000001E9F202A540 49] Android_PowerVR_GM9xxx, [000001E9F288F800][000001E9F202E6C0 49] Android_PowerVR_GM9xxx_Vulkan, [000001E9F2900100][000001E9F2032840 49] Android_TegraK1, [000001E9F288E200][000001E9F20369C0 49] Android_Unknown_Vulkan, [000001E9F2903200][000001E9F203AB40 49] Lumin, [000001E9F288D400][000001E9F203ECC0 49] Lumin_Desktop, [000001E9F2901D00][000001E9F2042E40 49] HoloLens, 
[2022.10.04-09.12.55:712][  0]LogMeshReduction: Using QuadricMeshReduction for automatic static mesh reduction
[2022.10.04-09.12.55:712][  0]LogMeshReduction: Using SimplygonMeshReduction for automatic skeletal mesh reduction
[2022.10.04-09.12.55:712][  0]LogMeshReduction: Using ProxyLODMeshReduction for automatic mesh merging
[2022.10.04-09.12.55:712][  0]LogMeshReduction: No distributed automatic mesh merging module available
[2022.10.04-09.12.55:713][  0]LogMeshMerging: No distributed automatic mesh merging module available
[2022.10.04-09.12.55:780][  0]LogNetVersion: MafiaThirdPerson 1.0.0, NetCL: 17155196, EngineNetVer: 17, GameNetVer: 0 (Checksum: 2339536633)
[2022.10.04-09.12.56:353][  0]LogTexture: Default maximum texture size for cubemaps generated from long-lat sources has been changed from 512 to unlimited. In order to preserve old behaiour for '/Engine/MapTemplates/Sky/DaylightAmbientCubemap.DaylightAmbientCubemap', its maximum texture size has been explicitly set to 512.
[2022.10.04-09.12.56:415][  0]LogHMD: PokeAHoleMaterial loaded successfully
[2022.10.04-09.12.56:421][  0]LogUObjectArray: 17178 objects as part of root set at end of initial load.
[2022.10.04-09.12.56:421][  0]LogUObjectAllocator: 4302048 out of 0 bytes used by permanent object pool.
[2022.10.04-09.12.56:421][  0]LogUObjectArray: CloseDisregardForGC: 0/0 objects in disregard for GC pool
[2022.10.04-09.12.57:627][  0]LogNiagaraDebuggerClient: Niagara Debugger Client Initialized | Session: C24633B24C2A224A7729C19CD7A4B19D | Instance: AFF2DDA94C75BD41E10D698F59B325EB (LAPTOP-HO93C6MG-22800).
[2022.10.04-09.12.57:798][  0]LogPython: Using Python 3.7.7
[2022.10.04-09.12.58:843][  0]LogTcpMessaging: Initializing TcpMessaging bridge
[2022.10.04-09.12.58:885][  0]LogUdpMessaging: Initializing bridge on interface 0.0.0.0:0 to multicast group 230.0.0.1:6666.
[2022.10.04-09.12.59:808][  0]SourceControl: Source control is disabled
[2022.10.04-09.12.59:808][  0]SourceControl: Source control is disabled
[2022.10.04-09.12.59:827][  0]SourceControl: Source control is disabled
[2022.10.04-09.12.59:852][  0]SourceControl: Source control is disabled
[2022.10.04-09.12.59:898][  0]SourceControl: Source control is disabled
[2022.10.04-09.12.59:929][  0]LogUProjectInfo: Found projects:
[2022.10.04-09.13.00:604][  0]LogOpenImageDenoise: OIDN starting up
[2022.10.04-09.13.00:807][  0]LogAndroidPermission: UAndroidPermissionCallbackProxy::GetInstance
[2022.10.04-09.13.00:914][  0]LogAudioCaptureCore: Display: No Audio Capture implementations found. Audio input will be silent.
[2022.10.04-09.13.00:914][  0]LogAudioCaptureCore: Display: No Audio Capture implementations found. Audio input will be silent.
[2022.10.04-09.13.01:246][  0]LogCollectionManager: Loaded 0 collections in 0.002014 seconds
[2022.10.04-09.13.01:322][  0]LogFileCache: Scanning file cache for directory 'C:/Users/20050/OneDrive/Dokumenty/Mafia/MafiaThirdPerson/Saved/Collections/' took 0.00s
[2022.10.04-09.13.01:322][  0]LogFileCache: Scanning file cache for directory 'C:/Users/20050/OneDrive/Dokumenty/Mafia/MafiaThirdPerson/Content/Developers/20050/Collections/' took 0.00s
[2022.10.04-09.13.01:322][  0]LogFileCache: Scanning file cache for directory 'C:/Users/20050/OneDrive/Dokumenty/Mafia/MafiaThirdPerson/Content/Collections/' took 0.00s
[2022.10.04-09.13.01:323][  0]LogOcInput: OculusInput pre-init called
[2022.10.04-09.13.01:618][  0]LogEngine: Initializing Engine...
[2022.10.04-09.13.01:656][  0]LogHMD: Failed to enumerate extensions. Please check that you have a valid OpenXR runtime installed.
[2022.10.04-09.13.01:656][  0]LogHMD: Failed to initialize OpenVR with code 110
[2022.10.04-09.13.01:656][  0]LogMagicLeap: Warning: VR disabled because ZI is not enabled.  To enable, in the editor, Edit -> Project Settings -> Plugins -> Magic Leap Plugin -> Enable Zero Iteration
[2022.10.04-09.13.01:659][  0]LogStats: UGameplayTagsManager::InitializeManager -  0.001 s
[2022.10.04-09.13.01:763][  0]LogInit: Initializing FReadOnlyCVARCache
[2022.10.04-09.13.01:801][  0]LogAIModule: Creating AISystem for world Untitled
[2022.10.04-09.13.01:804][  0]LogAudio: Display: Initializing Audio Device Manager...
[2022.10.04-09.13.01:821][  0]LogAudio: Display: Loading Default Audio Settings Objects...
[2022.10.04-09.13.01:822][  0]LogAudio: Display: No default SoundConcurrencyObject specified (or failed to load).
[2022.10.04-09.13.01:823][  0]LogAudio: Display: Audio Device Manager Initialized
[2022.10.04-09.13.01:823][  0]LogAudio: Display: Creating Audio Device:                 Id: 1, Scope: Shared, Realtime: True
[2022.10.04-09.13.01:823][  0]LogAudioMixer: Display: Audio Mixer Platform Settings:
[2022.10.04-09.13.01:823][  0]LogAudioMixer: Display: 	Sample Rate:						  48000
[2022.10.04-09.13.01:823][  0]LogAudioMixer: Display: 	Callback Buffer Frame Size Requested: 1024
[2022.10.04-09.13.01:823][  0]LogAudioMixer: Display: 	Callback Buffer Frame Size To Use:	  1024
[2022.10.04-09.13.01:823][  0]LogAudioMixer: Display: 	Number of buffers to queue:			  2
[2022.10.04-09.13.01:823][  0]LogAudioMixer: Display: 	Max Channels (voices):				  32
[2022.10.04-09.13.01:823][  0]LogAudioMixer: Display: 	Number of Async Source Workers:		  0
[2022.10.04-09.13.01:823][  0]LogAudio: Display: AudioDevice MaxSources: 32
[2022.10.04-09.13.01:824][  0]LogAudio: Display: Audio Spatialization Plugin: None (built-in).
[2022.10.04-09.13.01:824][  0]LogAudio: Display: Audio Reverb Plugin: None (built-in).
[2022.10.04-09.13.01:824][  0]LogAudio: Display: Audio Occlusion Plugin: None (built-in).
[2022.10.04-09.13.01:824][  0]LogAudioMixer: Display: Initializing audio mixer.
[2022.10.04-09.13.01:896][  0]LogAudioMixer: Display: 0: FrontLeft
[2022.10.04-09.13.01:896][  0]LogAudioMixer: Display: 1: FrontRight
[2022.10.04-09.13.01:908][  0]LogAudioMixer: Display: Using Audio Device Głośniki (HyperX Cloud II Wireless)
[2022.10.04-09.13.01:909][  0]LogAudioMixer: Display: Initializing Sound Submixes...
[2022.10.04-09.13.01:911][  0]LogAudioMixer: Display: Creating Master Submix 'MasterSubmixDefault'
[2022.10.04-09.13.01:911][  0]LogAudioMixer: Display: Creating Master Submix 'MasterReverbSubmixDefault'
[2022.10.04-09.13.01:913][  0]LogAudioMixer: Display: Creating Master Submix 'MasterEQSubmixDefault'
[2022.10.04-09.13.01:913][  0]LogAudioMixer: FMixerPlatformXAudio2::StartAudioStream() called
[2022.10.04-09.13.01:913][  0]LogAudioMixer: Display: Output buffers initialized: Frames=1024, Channels=2, Samples=2048
[2022.10.04-09.13.01:914][  0]LogAudioMixer: Display: Starting AudioMixerPlatformInterface::RunInternal()
[2022.10.04-09.13.01:914][  0]LogAudioMixer: Display: FMixerPlatformXAudio2::SubmitBuffer() called for the first time
[2022.10.04-09.13.01:914][  0]LogInit: FAudioDevice initialized.
[2022.10.04-09.13.01:915][  0]LogAudio: Display: Audio Device (ID: 1) registered with world 'Untitled'.
[2022.10.04-09.13.01:915][  0]LogNetVersion: Set ProjectVersion to 1.0.0.0. Version Checksum will be recalculated on next use.
[2022.10.04-09.13.01:963][  0]LogDerivedDataCache: Saved boot cache 0.05s 94MB C:/Users/20050/AppData/Local/UnrealEngine/4.27/DerivedDataCache/Boot.ddc.
[2022.10.04-09.13.01:964][  0]LogInit: Texture streaming: Enabled
[2022.10.04-09.13.02:018][  0]LogAnalytics: Display: [UEEditor.Rocket.Release] APIServer = https://datarouter.ol.epicgames.com/. AppVersion = 4.27.2-18319896+++UE4+Release-4.27
[2022.10.04-09.13.02:033][  0]LogEngineSessionManager: EngineSessionManager initialized
[2022.10.04-09.13.02:033][  0]LogEditorSessionSummary: Verbose: Initializing EditorSessionSummaryWriter for editor session tracking
[2022.10.04-09.13.02:035][  0]LogEditorSessionSummary: EditorSessionSummaryWriter initialized
[2022.10.04-09.13.02:316][  0]LogInit: Transaction tracking system initialized
[2022.10.04-09.13.02:452][  0]BlueprintLog: New page: Editor Load
[2022.10.04-09.13.02:780][  0]LocalizationService: Localization service is disabled
[2022.10.04-09.13.02:913][  0]TimingProfiler: Initialize
[2022.10.04-09.13.02:915][  0]TimingProfiler: OnSessionChanged
[2022.10.04-09.13.02:915][  0]LoadingProfiler: Initialize
[2022.10.04-09.13.02:915][  0]LoadingProfiler: OnSessionChanged
[2022.10.04-09.13.02:915][  0]NetworkingProfiler: Initialize
[2022.10.04-09.13.02:916][  0]NetworkingProfiler: OnSessionChanged
[2022.10.04-09.13.02:916][  0]MemoryProfiler: Initialize
[2022.10.04-09.13.02:916][  0]MemoryProfiler: OnSessionChanged
[2022.10.04-09.13.03:238][  0]LogCook: Display: CookSettings for Memory: MemoryMaxUsedVirtual 0MiB, MemoryMaxUsedPhysical 16384MiB, MemoryMinFreeVirtual 0MiB, MemoryMinFreePhysical 1024MiB
[2022.10.04-09.13.03:238][  0]LogCook: Display: Mobile HDR setting 1
[2022.10.04-09.13.04:003][  0]LogFileCache: Scanning file cache for directory 'C:/Users/20050/OneDrive/Dokumenty/Mafia/MafiaThirdPerson/Content/' took 0.01s
[2022.10.04-09.13.04:173][  0]LogInit: Display: Engine is initialized. Leaving FEngineLoop::Init()
[2022.10.04-09.13.04:178][  0]SourceControl: Source control is disabled
[2022.10.04-09.13.04:178][  0]LogUnrealEdMisc: Loading editor; pre map load, took 19.341
[2022.10.04-09.13.04:179][  0]Cmd: MAP LOAD FILE="../../../../../../Users/20050/OneDrive/Dokumenty/Mafia/MafiaThirdPerson/Content/ThirdPersonBP/Maps/ThirdPersonExampleMap.umap" TEMPLATE=0 SHOWPROGRESS=1 FEATURELEVEL=3
[2022.10.04-09.13.04:179][  0]LightingResults: New page: Lighting Build
[2022.10.04-09.13.04:182][  0]LogWorld: UWorld::CleanupWorld for Untitled, bSessionEnded=true, bCleanupResources=true
[2022.10.04-09.13.04:183][  0]LogSlate: InvalidateAllWidgets triggered.  All widgets were invalidated
[2022.10.04-09.13.04:184][  0]MapCheck: New page: Map Check
[2022.10.04-09.13.04:184][  0]LightingResults: New page: Lighting Build
[2022.10.04-09.13.04:189][  0]LogAudio: Display: Audio Device unregistered from world 'None'.
[2022.10.04-09.13.04:194][  0]LogUObjectHash: Compacting FUObjectHashTables data took   0.88ms
[2022.10.04-09.13.04:316][  0]LogLinker: Warning: [AssetLog] C:\Users\20050\OneDrive\Dokumenty\Mafia\MafiaThirdPerson\Content\ThirdPersonBP\Maps\ThirdPersonExampleMap.umap: Failed to load '/Game/ThirdPersonBP/Maps/ThirdPersonExampleMap_BuiltData': Can't find file.
[2022.10.04-09.13.04:316][  0]LogLinker: Warning: [AssetLog] C:\Users\20050\OneDrive\Dokumenty\Mafia\MafiaThirdPerson\Content\ThirdPersonBP\Maps\ThirdPersonExampleMap.umap: Failed to load '/Game/ThirdPersonBP/Maps/ThirdPersonExampleMap_BuiltData': Can't find file.
[2022.10.04-09.13.04:321][  0]LogLinker: Warning: [AssetLog] C:\Users\20050\OneDrive\Dokumenty\Mafia\MafiaThirdPerson\Content\ThirdPersonBP\Maps\ThirdPersonExampleMap.umap: Failed to load '/Game/ThirdPersonBP/Maps/ThirdPersonExampleMap_BuiltData': Can't find file.
[2022.10.04-09.13.04:322][  0]LogLinker: Warning: Failed to load '/Game/ThirdPersonBP/Maps/ThirdPersonExampleMap_BuiltData': Can't find file.
[2022.10.04-09.13.04:322][  0]LogLinker: Warning: Failed to load '/Game/ThirdPersonBP/Maps/ThirdPersonExampleMap_BuiltData': Can't find file.
[2022.10.04-09.13.04:371][  0]LogLinker: Warning: [AssetLog] C:\Users\20050\OneDrive\Dokumenty\Mafia\MafiaThirdPerson\Content\ThirdPersonBP\Maps\ThirdPersonExampleMap.umap: Failed to load '/Game/ThirdPersonBP/Maps/ThirdPersonExampleMap_BuiltData': Can't find file.
[2022.10.04-09.13.04:371][  0]LoadErrors: Failed to load /Game/ThirdPersonBP/Maps/ThirdPersonExampleMap_BuiltData.ThirdPersonExampleMap_BuiltData Referenced by PersistentLevel
[2022.10.04-09.13.04:463][  0]LogAudio: Display: Audio Device (ID: 1) registered with world 'ThirdPersonExampleMap'.
[2022.10.04-09.13.04:464][  0]LogAIModule: Creating AISystem for world ThirdPersonExampleMap
[2022.10.04-09.13.04:482][  0]LogEditorServer: Finished looking for orphan Actors (0.000 secs)
[2022.10.04-09.13.04:490][  0]LogUObjectHash: Compacting FUObjectHashTables data took   0.82ms
[2022.10.04-09.13.04:492][  0]Cmd: MAP CHECKDEP NOCLEARLOG
[2022.10.04-09.13.04:492][  0]MapCheck: Map check complete: 0 Error(s), 0 Warning(s), took 0.335ms to complete.
[2022.10.04-09.13.04:492][  0]LogFileHelpers: Loading map 'ThirdPersonExampleMap' took 0.314
[2022.10.04-09.13.04:504][  0]LogUnrealEdMisc: Total Editor Startup Time, took 19.668
[2022.10.04-09.13.04:629][  0]LogSlate: Updating window title bar state: overlay mode, drag disabled, window buttons hidden, title bar hidden
[2022.10.04-09.13.04:634][  0]LogSlate: Updating window title bar state: overlay mode, drag disabled, window buttons hidden, title bar hidden
[2022.10.04-09.13.04:639][  0]LogSlate: Updating window title bar state: overlay mode, drag disabled, window buttons hidden, title bar hidden
[2022.10.04-09.13.04:644][  0]LogSlate: Updating window title bar state: overlay mode, drag disabled, window buttons hidden, title bar hidden
[2022.10.04-09.13.04:671][  0]LogNativeClassHierarchy: Verbose: Native class hierarchy populated in 0.0089 seconds. Added 3822 classes and 928 folders.
[2022.10.04-09.13.04:675][  0]LogNativeClassHierarchy: Verbose: Native class hierarchy updated for 'WidgetCarousel' in 0.0003 seconds. Added 0 classes and 0 folders.
[2022.10.04-09.13.04:684][  0]LogPakFile: PakFile PrimaryIndexSize=187
[2022.10.04-09.13.04:684][  0]LogPakFile: PakFile PathHashIndexSize=101
[2022.10.04-09.13.04:684][  0]LogPakFile: PakFile FullDirectoryIndexSize=148
[2022.10.04-09.13.04:684][  0]LogShaderLibrary: Display: ShaderCodeLibraryPakFileMountedCallback: PakFile 'C:/Program Files/Epic Games/UE_4.27/FeaturePacks/FP_FirstPerson.upack' (chunk index -1, root 'root:/') mounted
[2022.10.04-09.13.04:684][  0]LogShaderLibrary: Display: ShaderCodeLibraryPakFileMountedCallback: pending pak file info (ChunkID:-1 Root:root:/ File:C:/Program Files/Epic Games/UE_4.27/FeaturePacks/FP_FirstPerson.upack)
[2022.10.04-09.13.04:684][  0]LogPakFile: OnPakFileMounted2Time == 0.000057
[2022.10.04-09.13.04:691][  0]LogPakFile: PakFile PrimaryIndexSize=189
[2022.10.04-09.13.04:691][  0]LogPakFile: PakFile PathHashIndexSize=101
[2022.10.04-09.13.04:691][  0]LogPakFile: PakFile FullDirectoryIndexSize=152
[2022.10.04-09.13.04:691][  0]LogShaderLibrary: Display: ShaderCodeLibraryPakFileMountedCallback: PakFile 'C:/Program Files/Epic Games/UE_4.27/FeaturePacks/FP_FirstPersonBP.upack' (chunk index -1, root 'root:/') mounted
[2022.10.04-09.13.04:691][  0]LogShaderLibrary: Display: ShaderCodeLibraryPakFileMountedCallback: pending pak file info (ChunkID:-1 Root:root:/ File:C:/Program Files/Epic Games/UE_4.27/FeaturePacks/FP_FirstPersonBP.upack)
[2022.10.04-09.13.04:691][  0]LogPakFile: OnPakFileMounted2Time == 0.000041
[2022.10.04-09.13.04:695][  0]LogPakFile: PakFile PrimaryIndexSize=191
[2022.10.04-09.13.04:696][  0]LogPakFile: PakFile PathHashIndexSize=101
[2022.10.04-09.13.04:696][  0]LogPakFile: PakFile FullDirectoryIndexSize=160
[2022.10.04-09.13.04:696][  0]LogShaderLibrary: Display: ShaderCodeLibraryPakFileMountedCallback: PakFile 'C:/Program Files/Epic Games/UE_4.27/FeaturePacks/MobileStarterContent.upack' (chunk index -1, root 'root:/') mounted
[2022.10.04-09.13.04:696][  0]LogShaderLibrary: Display: ShaderCodeLibraryPakFileMountedCallback: pending pak file info (ChunkID:-1 Root:root:/ File:C:/Program Files/Epic Games/UE_4.27/FeaturePacks/MobileStarterContent.upack)
[2022.10.04-09.13.04:696][  0]LogPakFile: OnPakFileMounted2Time == 0.000044
[2022.10.04-09.13.04:700][  0]LogPakFile: PakFile PrimaryIndexSize=185
[2022.10.04-09.13.04:700][  0]LogPakFile: PakFile PathHashIndexSize=101
[2022.10.04-09.13.04:700][  0]LogPakFile: PakFile FullDirectoryIndexSize=148
[2022.10.04-09.13.04:700][  0]LogShaderLibrary: Display: ShaderCodeLibraryPakFileMountedCallback: PakFile 'C:/Program Files/Epic Games/UE_4.27/FeaturePacks/StarterContent.upack' (chunk index -1, root 'root:/') mounted
[2022.10.04-09.13.04:700][  0]LogShaderLibrary: Display: ShaderCodeLibraryPakFileMountedCallback: pending pak file info (ChunkID:-1 Root:root:/ File:C:/Program Files/Epic Games/UE_4.27/FeaturePacks/StarterContent.upack)
[2022.10.04-09.13.04:700][  0]LogPakFile: OnPakFileMounted2Time == 0.000036
[2022.10.04-09.13.04:705][  0]LogPakFile: PakFile PrimaryIndexSize=190
[2022.10.04-09.13.04:705][  0]LogPakFile: PakFile PathHashIndexSize=101
[2022.10.04-09.13.04:705][  0]LogPakFile: PakFile FullDirectoryIndexSize=154
[2022.10.04-09.13.04:705][  0]LogShaderLibrary: Display: ShaderCodeLibraryPakFileMountedCallback: PakFile 'C:/Program Files/Epic Games/UE_4.27/FeaturePacks/TP_2DSideScroller.upack' (chunk index -1, root 'root:/') mounted
[2022.10.04-09.13.04:705][  0]LogShaderLibrary: Display: ShaderCodeLibraryPakFileMountedCallback: pending pak file info (ChunkID:-1 Root:root:/ File:C:/Program Files/Epic Games/UE_4.27/FeaturePacks/TP_2DSideScroller.upack)
[2022.10.04-09.13.04:705][  0]LogPakFile: OnPakFileMounted2Time == 0.000042
[2022.10.04-09.13.04:709][  0]LogPakFile: PakFile PrimaryIndexSize=192
[2022.10.04-09.13.04:709][  0]LogPakFile: PakFile PathHashIndexSize=101
[2022.10.04-09.13.04:709][  0]LogPakFile: PakFile FullDirectoryIndexSize=158
[2022.10.04-09.13.04:709][  0]LogShaderLibrary: Display: ShaderCodeLibraryPakFileMountedCallback: PakFile 'C:/Program Files/Epic Games/UE_4.27/FeaturePacks/TP_2DSideScrollerBP.upack' (chunk index -1, root 'root:/') mounted
[2022.10.04-09.13.04:709][  0]LogShaderLibrary: Display: ShaderCodeLibraryPakFileMountedCallback: pending pak file info (ChunkID:-1 Root:root:/ File:C:/Program Files/Epic Games/UE_4.27/FeaturePacks/TP_2DSideScrollerBP.upack)
[2022.10.04-09.13.04:709][  0]LogPakFile: OnPakFileMounted2Time == 0.000043
[2022.10.04-09.13.04:713][  0]LogPakFile: PakFile PrimaryIndexSize=182
[2022.10.04-09.13.04:713][  0]LogPakFile: PakFile PathHashIndexSize=101
[2022.10.04-09.13.04:713][  0]LogPakFile: PakFile FullDirectoryIndexSize=138
[2022.10.04-09.13.04:713][  0]LogShaderLibrary: Display: ShaderCodeLibraryPakFileMountedCallback: PakFile 'C:/Program Files/Epic Games/UE_4.27/FeaturePacks/TP_Flying.upack' (chunk index -1, root 'root:/') mounted
[2022.10.04-09.13.04:713][  0]LogShaderLibrary: Display: ShaderCodeLibraryPakFileMountedCallback: pending pak file info (ChunkID:-1 Root:root:/ File:C:/Program Files/Epic Games/UE_4.27/FeaturePacks/TP_Flying.upack)
[2022.10.04-09.13.04:713][  0]LogPakFile: OnPakFileMounted2Time == 0.000033
[2022.10.04-09.13.04:718][  0]LogPakFile: PakFile PrimaryIndexSize=184
[2022.10.04-09.13.04:718][  0]LogPakFile: PakFile PathHashIndexSize=101
[2022.10.04-09.13.04:718][  0]LogPakFile: PakFile FullDirectoryIndexSize=142
[2022.10.04-09.13.04:718][  0]LogShaderLibrary: Display: ShaderCodeLibraryPakFileMountedCallback: PakFile 'C:/Program Files/Epic Games/UE_4.27/FeaturePacks/TP_FlyingBP.upack' (chunk index -1, root 'root:/') mounted
[2022.10.04-09.13.04:718][  0]LogShaderLibrary: Display: ShaderCodeLibraryPakFileMountedCallback: pending pak file info (ChunkID:-1 Root:root:/ File:C:/Program Files/Epic Games/UE_4.27/FeaturePacks/TP_FlyingBP.upack)
[2022.10.04-09.13.04:718][  0]LogPakFile: OnPakFileMounted2Time == 0.000044
[2022.10.04-09.13.04:724][  0]LogPakFile: PakFile PrimaryIndexSize=188
[2022.10.04-09.13.04:724][  0]LogPakFile: PakFile PathHashIndexSize=101
[2022.10.04-09.13.04:724][  0]LogPakFile: PakFile FullDirectoryIndexSize=150
[2022.10.04-09.13.04:724][  0]LogShaderLibrary: Display: ShaderCodeLibraryPakFileMountedCallback: PakFile 'C:/Program Files/Epic Games/UE_4.27/FeaturePacks/TP_HandheldARBP.upack' (chunk index -1, root 'root:/') mounted
[2022.10.04-09.13.04:724][  0]LogShaderLibrary: Display: ShaderCodeLibraryPakFileMountedCallback: pending pak file info (ChunkID:-1 Root:root:/ File:C:/Program Files/Epic Games/UE_4.27/FeaturePacks/TP_HandheldARBP.upack)
[2022.10.04-09.13.04:724][  0]LogPakFile: OnPakFileMounted2Time == 0.000038
[2022.10.04-09.13.04:729][  0]LogPakFile: PakFile PrimaryIndexSize=182
[2022.10.04-09.13.04:729][  0]LogPakFile: PakFile PathHashIndexSize=101
[2022.10.04-09.13.04:729][  0]LogPakFile: PakFile FullDirectoryIndexSize=138
[2022.10.04-09.13.04:729][  0]LogShaderLibrary: Display: ShaderCodeLibraryPakFileMountedCallback: PakFile 'C:/Program Files/Epic Games/UE_4.27/FeaturePacks/TP_Puzzle.upack' (chunk index -1, root 'root:/') mounted
[2022.10.04-09.13.04:729][  0]LogShaderLibrary: Display: ShaderCodeLibraryPakFileMountedCallback: pending pak file info (ChunkID:-1 Root:root:/ File:C:/Program Files/Epic Games/UE_4.27/FeaturePacks/TP_Puzzle.upack)
[2022.10.04-09.13.04:729][  0]LogPakFile: OnPakFileMounted2Time == 0.000037
[2022.10.04-09.13.04:734][  0]LogPakFile: PakFile PrimaryIndexSize=184
[2022.10.04-09.13.04:734][  0]LogPakFile: PakFile PathHashIndexSize=101
[2022.10.04-09.13.04:734][  0]LogPakFile: PakFile FullDirectoryIndexSize=142
[2022.10.04-09.13.04:734][  0]LogShaderLibrary: Display: ShaderCodeLibraryPakFileMountedCallback: PakFile 'C:/Program Files/Epic Games/UE_4.27/FeaturePacks/TP_PuzzleBP.upack' (chunk index -1, root 'root:/') mounted
[2022.10.04-09.13.04:734][  0]LogShaderLibrary: Display: ShaderCodeLibraryPakFileMountedCallback: pending pak file info (ChunkID:-1 Root:root:/ File:C:/Program Files/Epic Games/UE_4.27/FeaturePacks/TP_PuzzleBP.upack)
[2022.10.04-09.13.04:734][  0]LogPakFile: OnPakFileMounted2Time == 0.000044
[2022.10.04-09.13.04:739][  0]LogPakFile: PakFile PrimaryIndexSize=183
[2022.10.04-09.13.04:739][  0]LogPakFile: PakFile PathHashIndexSize=101
[2022.10.04-09.13.04:739][  0]LogPakFile: PakFile FullDirectoryIndexSize=140
[2022.10.04-09.13.04:739][  0]LogShaderLibrary: Display: ShaderCodeLibraryPakFileMountedCallback: PakFile 'C:/Program Files/Epic Games/UE_4.27/FeaturePacks/TP_Rolling.upack' (chunk index -1, root 'root:/') mounted
[2022.10.04-09.13.04:739][  0]LogShaderLibrary: Display: ShaderCodeLibraryPakFileMountedCallback: pending pak file info (ChunkID:-1 Root:root:/ File:C:/Program Files/Epic Games/UE_4.27/FeaturePacks/TP_Rolling.upack)
[2022.10.04-09.13.04:739][  0]LogPakFile: OnPakFileMounted2Time == 0.000035
[2022.10.04-09.13.04:743][  0]LogPakFile: PakFile PrimaryIndexSize=185
[2022.10.04-09.13.04:743][  0]LogPakFile: PakFile PathHashIndexSize=101
[2022.10.04-09.13.04:743][  0]LogPakFile: PakFile FullDirectoryIndexSize=144
[2022.10.04-09.13.04:743][  0]LogShaderLibrary: Display: ShaderCodeLibraryPakFileMountedCallback: PakFile 'C:/Program Files/Epic Games/UE_4.27/FeaturePacks/TP_RollingBP.upack' (chunk index -1, root 'root:/') mounted
[2022.10.04-09.13.04:743][  0]LogShaderLibrary: Display: ShaderCodeLibraryPakFileMountedCallback: pending pak file info (ChunkID:-1 Root:root:/ File:C:/Program Files/Epic Games/UE_4.27/FeaturePacks/TP_RollingBP.upack)
[2022.10.04-09.13.04:743][  0]LogPakFile: OnPakFileMounted2Time == 0.000036
[2022.10.04-09.13.04:748][  0]LogPakFile: PakFile PrimaryIndexSize=188
[2022.10.04-09.13.04:748][  0]LogPakFile: PakFile PathHashIndexSize=101
[2022.10.04-09.13.04:748][  0]LogPakFile: PakFile FullDirectoryIndexSize=150
[2022.10.04-09.13.04:748][  0]LogShaderLibrary: Display: ShaderCodeLibraryPakFileMountedCallback: PakFile 'C:/Program Files/Epic Games/UE_4.27/FeaturePacks/TP_SideScroller.upack' (chunk index -1, root 'root:/') mounted
[2022.10.04-09.13.04:748][  0]LogShaderLibrary: Display: ShaderCodeLibraryPakFileMountedCallback: pending pak file info (ChunkID:-1 Root:root:/ File:C:/Program Files/Epic Games/UE_4.27/FeaturePacks/TP_SideScroller.upack)
[2022.10.04-09.13.04:748][  0]LogPakFile: OnPakFileMounted2Time == 0.000030
[2022.10.04-09.13.04:752][  0]LogPakFile: PakFile PrimaryIndexSize=190
[2022.10.04-09.13.04:752][  0]LogPakFile: PakFile PathHashIndexSize=101
[2022.10.04-09.13.04:752][  0]LogPakFile: PakFile FullDirectoryIndexSize=154
[2022.10.04-09.13.04:752][  0]LogShaderLibrary: Display: ShaderCodeLibraryPakFileMountedCallback: PakFile 'C:/Program Files/Epic Games/UE_4.27/FeaturePacks/TP_SideScrollerBP.upack' (chunk index -1, root 'root:/') mounted
[2022.10.04-09.13.04:752][  0]LogShaderLibrary: Display: ShaderCodeLibraryPakFileMountedCallback: pending pak file info (ChunkID:-1 Root:root:/ File:C:/Program Files/Epic Games/UE_4.27/FeaturePacks/TP_SideScrollerBP.upack)
[2022.10.04-09.13.04:752][  0]LogPakFile: OnPakFileMounted2Time == 0.000033
[2022.10.04-09.13.04:756][  0]LogPakFile: PakFile PrimaryIndexSize=187
[2022.10.04-09.13.04:756][  0]LogPakFile: PakFile PathHashIndexSize=101
[2022.10.04-09.13.04:756][  0]LogPakFile: PakFile FullDirectoryIndexSize=148
[2022.10.04-09.13.04:757][  0]LogShaderLibrary: Display: ShaderCodeLibraryPakFileMountedCallback: PakFile 'C:/Program Files/Epic Games/UE_4.27/FeaturePacks/TP_ThirdPerson.upack' (chunk index -1, root 'root:/') mounted
[2022.10.04-09.13.04:757][  0]LogShaderLibrary: Display: ShaderCodeLibraryPakFileMountedCallback: pending pak file info (ChunkID:-1 Root:root:/ File:C:/Program Files/Epic Games/UE_4.27/FeaturePacks/TP_ThirdPerson.upack)
[2022.10.04-09.13.04:757][  0]LogPakFile: OnPakFileMounted2Time == 0.000045
[2022.10.04-09.13.04:761][  0]LogPakFile: PakFile PrimaryIndexSize=189
[2022.10.04-09.13.04:761][  0]LogPakFile: PakFile PathHashIndexSize=101
[2022.10.04-09.13.04:761][  0]LogPakFile: PakFile FullDirectoryIndexSize=152
[2022.10.04-09.13.04:761][  0]LogShaderLibrary: Display: ShaderCodeLibraryPakFileMountedCallback: PakFile 'C:/Program Files/Epic Games/UE_4.27/FeaturePacks/TP_ThirdPersonBP.upack' (chunk index -1, root 'root:/') mounted
[2022.10.04-09.13.04:761][  0]LogShaderLibrary: Display: ShaderCodeLibraryPakFileMountedCallback: pending pak file info (ChunkID:-1 Root:root:/ File:C:/Program Files/Epic Games/UE_4.27/FeaturePacks/TP_ThirdPersonBP.upack)
[2022.10.04-09.13.04:761][  0]LogPakFile: OnPakFileMounted2Time == 0.000035
[2022.10.04-09.13.04:766][  0]LogPakFile: PakFile PrimaryIndexSize=183
[2022.10.04-09.13.04:766][  0]LogPakFile: PakFile PathHashIndexSize=101
[2022.10.04-09.13.04:766][  0]LogPakFile: PakFile FullDirectoryIndexSize=140
[2022.10.04-09.13.04:766][  0]LogShaderLibrary: Display: ShaderCodeLibraryPakFileMountedCallback: PakFile 'C:/Program Files/Epic Games/UE_4.27/FeaturePacks/TP_TopDown.upack' (chunk index -1, root 'root:/') mounted
[2022.10.04-09.13.04:766][  0]LogShaderLibrary: Display: ShaderCodeLibraryPakFileMountedCallback: pending pak file info (ChunkID:-1 Root:root:/ File:C:/Program Files/Epic Games/UE_4.27/FeaturePacks/TP_TopDown.upack)
[2022.10.04-09.13.04:766][  0]LogPakFile: OnPakFileMounted2Time == 0.000044
[2022.10.04-09.13.04:771][  0]LogPakFile: PakFile PrimaryIndexSize=185
[2022.10.04-09.13.04:771][  0]LogPakFile: PakFile PathHashIndexSize=101
[2022.10.04-09.13.04:771][  0]LogPakFile: PakFile FullDirectoryIndexSize=144
[2022.10.04-09.13.04:771][  0]LogShaderLibrary: Display: ShaderCodeLibraryPakFileMountedCallback: PakFile 'C:/Program Files/Epic Games/UE_4.27/FeaturePacks/TP_TopDownBP.upack' (chunk index -1, root 'root:/') mounted
[2022.10.04-09.13.04:771][  0]LogShaderLibrary: Display: ShaderCodeLibraryPakFileMountedCallback: pending pak file info (ChunkID:-1 Root:root:/ File:C:/Program Files/Epic Games/UE_4.27/FeaturePacks/TP_TopDownBP.upack)
[2022.10.04-09.13.04:771][  0]LogPakFile: OnPakFileMounted2Time == 0.000038
[2022.10.04-09.13.04:778][  0]LogPakFile: PakFile PrimaryIndexSize=185
[2022.10.04-09.13.04:778][  0]LogPakFile: PakFile PathHashIndexSize=101
[2022.10.04-09.13.04:778][  0]LogPakFile: PakFile FullDirectoryIndexSize=144
[2022.10.04-09.13.04:778][  0]LogShaderLibrary: Display: ShaderCodeLibraryPakFileMountedCallback: PakFile 'C:/Program Files/Epic Games/UE_4.27/FeaturePacks/TP_TwinStick.upack' (chunk index -1, root 'root:/') mounted
[2022.10.04-09.13.04:778][  0]LogShaderLibrary: Display: ShaderCodeLibraryPakFileMountedCallback: pending pak file info (ChunkID:-1 Root:root:/ File:C:/Program Files/Epic Games/UE_4.27/FeaturePacks/TP_TwinStick.upack)
[2022.10.04-09.13.04:778][  0]LogPakFile: OnPakFileMounted2Time == 0.000041
[2022.10.04-09.13.04:783][  0]LogPakFile: PakFile PrimaryIndexSize=187
[2022.10.04-09.13.04:783][  0]LogPakFile: PakFile PathHashIndexSize=101
[2022.10.04-09.13.04:783][  0]LogPakFile: PakFile FullDirectoryIndexSize=148
[2022.10.04-09.13.04:783][  0]LogShaderLibrary: Display: ShaderCodeLibraryPakFileMountedCallback: PakFile 'C:/Program Files/Epic Games/UE_4.27/FeaturePacks/TP_TwinStickBP.upack' (chunk index -1, root 'root:/') mounted
[2022.10.04-09.13.04:783][  0]LogShaderLibrary: Display: ShaderCodeLibraryPakFileMountedCallback: pending pak file info (ChunkID:-1 Root:root:/ File:C:/Program Files/Epic Games/UE_4.27/FeaturePacks/TP_TwinStickBP.upack)
[2022.10.04-09.13.04:783][  0]LogPakFile: OnPakFileMounted2Time == 0.000039
[2022.10.04-09.13.04:787][  0]LogPakFile: PakFile PrimaryIndexSize=183
[2022.10.04-09.13.04:787][  0]LogPakFile: PakFile PathHashIndexSize=101
[2022.10.04-09.13.04:787][  0]LogPakFile: PakFile FullDirectoryIndexSize=140
[2022.10.04-09.13.04:787][  0]LogShaderLibrary: Display: ShaderCodeLibraryPakFileMountedCallback: PakFile 'C:/Program Files/Epic Games/UE_4.27/FeaturePacks/TP_Vehicle.upack' (chunk index -1, root 'root:/') mounted
[2022.10.04-09.13.04:787][  0]LogShaderLibrary: Display: ShaderCodeLibraryPakFileMountedCallback: pending pak file info (ChunkID:-1 Root:root:/ File:C:/Program Files/Epic Games/UE_4.27/FeaturePacks/TP_Vehicle.upack)
[2022.10.04-09.13.04:787][  0]LogPakFile: OnPakFileMounted2Time == 0.000044
[2022.10.04-09.13.04:792][  0]LogPakFile: PakFile PrimaryIndexSize=186
[2022.10.04-09.13.04:792][  0]LogPakFile: PakFile PathHashIndexSize=101
[2022.10.04-09.13.04:792][  0]LogPakFile: PakFile FullDirectoryIndexSize=146
[2022.10.04-09.13.04:792][  0]LogShaderLibrary: Display: ShaderCodeLibraryPakFileMountedCallback: PakFile 'C:/Program Files/Epic Games/UE_4.27/FeaturePacks/TP_VehicleAdv.upack' (chunk index -1, root 'root:/') mounted
[2022.10.04-09.13.04:792][  0]LogShaderLibrary: Display: ShaderCodeLibraryPakFileMountedCallback: pending pak file info (ChunkID:-1 Root:root:/ File:C:/Program Files/Epic Games/UE_4.27/FeaturePacks/TP_VehicleAdv.upack)
[2022.10.04-09.13.04:792][  0]LogPakFile: OnPakFileMounted2Time == 0.000036
[2022.10.04-09.13.04:797][  0]LogPakFile: PakFile PrimaryIndexSize=188
[2022.10.04-09.13.04:797][  0]LogPakFile: PakFile PathHashIndexSize=101
[2022.10.04-09.13.04:797][  0]LogPakFile: PakFile FullDirectoryIndexSize=150
[2022.10.04-09.13.04:797][  0]LogShaderLibrary: Display: ShaderCodeLibraryPakFileMountedCallback: PakFile 'C:/Program Files/Epic Games/UE_4.27/FeaturePacks/TP_VehicleAdvBP.upack' (chunk index -1, root 'root:/') mounted
[2022.10.04-09.13.04:797][  0]LogShaderLibrary: Display: ShaderCodeLibraryPakFileMountedCallback: pending pak file info (ChunkID:-1 Root:root:/ File:C:/Program Files/Epic Games/UE_4.27/FeaturePacks/TP_VehicleAdvBP.upack)
[2022.10.04-09.13.04:797][  0]LogPakFile: OnPakFileMounted2Time == 0.000045
[2022.10.04-09.13.04:802][  0]LogPakFile: PakFile PrimaryIndexSize=185
[2022.10.04-09.13.04:802][  0]LogPakFile: PakFile PathHashIndexSize=101
[2022.10.04-09.13.04:802][  0]LogPakFile: PakFile FullDirectoryIndexSize=144
[2022.10.04-09.13.04:802][  0]LogShaderLibrary: Display: ShaderCodeLibraryPakFileMountedCallback: PakFile 'C:/Program Files/Epic Games/UE_4.27/FeaturePacks/TP_VehicleBP.upack' (chunk index -1, root 'root:/') mounted
[2022.10.04-09.13.04:802][  0]LogShaderLibrary: Display: ShaderCodeLibraryPakFileMountedCallback: pending pak file info (ChunkID:-1 Root:root:/ File:C:/Program Files/Epic Games/UE_4.27/FeaturePacks/TP_VehicleBP.upack)
[2022.10.04-09.13.04:802][  0]LogPakFile: OnPakFileMounted2Time == 0.000035
[2022.10.04-09.13.04:806][  0]LogPakFile: PakFile PrimaryIndexSize=192
[2022.10.04-09.13.04:806][  0]LogPakFile: PakFile PathHashIndexSize=101
[2022.10.04-09.13.04:806][  0]LogPakFile: PakFile FullDirectoryIndexSize=158
[2022.10.04-09.13.04:806][  0]LogShaderLibrary: Display: ShaderCodeLibraryPakFileMountedCallback: PakFile 'C:/Program Files/Epic Games/UE_4.27/FeaturePacks/TP_VirtualRealityBP.upack' (chunk index -1, root 'root:/') mounted
[2022.10.04-09.13.04:806][  0]LogShaderLibrary: Display: ShaderCodeLibraryPakFileMountedCallback: pending pak file info (ChunkID:-1 Root:root:/ File:C:/Program Files/Epic Games/UE_4.27/FeaturePacks/TP_VirtualRealityBP.upack)
[2022.10.04-09.13.04:806][  0]LogPakFile: OnPakFileMounted2Time == 0.000042
[2022.10.04-09.13.04:943][  0]LogNativeClassHierarchy: Verbose: Native class hierarchy updated for 'AddContentDialog' in 0.0003 seconds. Added 0 classes and 0 folders.
[2022.10.04-09.13.04:947][  0]LogNativeClassHierarchy: Verbose: Native class hierarchy updated for 'SceneOutliner' in 0.0002 seconds. Added 2 classes and 0 folders.
[2022.10.04-09.13.04:995][  0]LogSlate: Took 0.004056 seconds to synchronously load lazily loaded font '../../../Engine/Content/Slate/Fonts/Roboto-Regular.ttf' (155K)
[2022.10.04-09.13.05:001][  0]LogSlate: Took 0.004721 seconds to synchronously load lazily loaded font '../../../Engine/Content/Editor/Slate/Fonts/FontAwesome.ttf' (139K)
[2022.10.04-09.13.05:006][  0]LogSlate: Took 0.004087 seconds to synchronously load lazily loaded font '../../../Engine/Content/Slate/Fonts/Roboto-Bold.ttf' (160K)
[2022.10.04-09.13.05:111][  0]LogRenderer: Reallocating scene render targets to support 1072x564 Format 10 NumSamples 1 (Frame:1).
[2022.10.04-09.13.05:230][  0]LogNativeClassHierarchy: Verbose: Native class hierarchy updated for 'HierarchicalLODOutliner' in 0.0007 seconds. Added 0 classes and 0 folders.
[2022.10.04-09.13.05:230][  0]LogInput: Warning: Action Jump uses invalid key OculusGo_Left_Trigger_Click.
[2022.10.04-09.13.05:231][  0]LogInput: Warning: Action ResetVR uses invalid key OculusGo_Left_Trackpad_Click.
[2022.10.04-09.13.05:231][  0]LogInput: Warning: Use -RemoveInvalidKeys to remove instances of these keys from the action mapping.
[2022.10.04-09.13.05:231][  0]LogLoad: (Engine Initialization) Total time: 20.39 seconds
[2022.10.04-09.13.05:231][  0]LogLoad: (Engine Initialization) Total Blueprint compile time: 0.00 seconds
[2022.10.04-09.13.05:278][  0]LogAssetRegistry: Asset discovery search completed in 10.5267 seconds
[2022.10.04-09.13.05:283][  0]LogCollectionManager: Fixed up redirectors for 0 collections in 0.000005 seconds (updated 0 objects)
[2022.10.04-09.13.05:287][  0]LogContentStreaming: Texture pool size now 1000 MB
[2022.10.04-09.13.05:342][  0]LogSlate: Took 0.005706 seconds to synchronously load lazily loaded font '../../../Engine/Content/Slate/Fonts/DroidSansMono.ttf' (77K)
[2022.10.04-09.13.07:668][139]LogSlate: Window 'Message Log' being destroyed
[2022.10.04-09.13.07:672][139]LogSlate: Window 'Message Log' being destroyed
[2022.10.04-09.13.22:708][ 33]LogContentBrowser: Deferred new asset file creation: NewWidgetBlueprint
[2022.10.04-09.13.22:715][ 33]LogContentBrowser: Creating deferred item: NewWidgetBlueprint
[2022.10.04-09.13.49:176][621]LogContentBrowser: Attempting asset rename: NewWidgetBlueprint -> Objective_Widget
[2022.10.04-09.13.49:178][621]LogContentBrowser: End creating deferred item NewWidgetBlueprint
[2022.10.04-09.13.50:504][700]LogSlate: Took 0.003675 seconds to synchronously load lazily loaded font '../../../Engine/Content/Slate/Fonts/Roboto-Light.ttf' (167K)
[2022.10.04-09.13.50:514][700]LogAssetEditorSubsystem: Opening Asset editor for WidgetBlueprint /Game/Objective_System/Objective_Widget.Objective_Widget
[2022.10.04-09.13.50:617][700]LogNativeClassHierarchy: Verbose: Native class hierarchy updated for 'BlueprintGraph' in 0.0005 seconds. Added 126 classes and 0 folders.
[2022.10.04-09.13.51:636][700]LogSlate: Took 0.003618 seconds to synchronously load lazily loaded font '../../../Engine/Content/Slate/Fonts/Roboto-BoldCondensed.ttf' (158K)
[2022.10.04-09.17.22:331][240]BlueprintLog: New page: Compile Objective_Widget
[2022.10.04-09.17.22:379][240]LogUObjectHash: Compacting FUObjectHashTables data took   3.51ms
[2022.10.04-09.19.51:642][599]LogEditorTransaction: Undo Drag and Drop Widget
[2022.10.04-09.34.51:296][763]LogSlate: Took 0.005708 seconds to synchronously load lazily loaded font '../../../Engine/Content/Slate/Fonts/Roboto-Italic.ttf' (157K)
[2022.10.04-09.40.02:920][217]LogAssetEditorSubsystem: Opening Asset editor for Blueprint /Game/ThirdPersonBP/Blueprints/ThirdPersonCharacter.ThirdPersonCharacter
[2022.10.04-09.41.29:695][324]LogSlate: Took 0.004226 seconds to synchronously load lazily loaded font '../../../Engine/Content/Slate/Fonts/Roboto-BoldCondensedItalic.ttf' (160K)
[2022.10.04-09.41.45:417][255]BlueprintLog: New page: Compile ThirdPersonCharacter
[2022.10.04-09.41.45:480][255]LogUObjectHash: Compacting FUObjectHashTables data took   3.51ms
[2022.10.04-09.41.46:806][325]LogSavePackage: Moving '../../../../../../Users/20050/OneDrive/Dokumenty/Mafia/MafiaThirdPerson/Saved/ThirdPersonCharacter417DFEE74DCE3EECECC5FC891A82BF68.tmp' to '../../../../../../Users/20050/OneDrive/Dokumenty/Mafia/MafiaThirdPerson/Content/ThirdPersonBP/Blueprints/ThirdPersonCharacter.uasset'
[2022.10.04-09.41.46:821][325]AssetCheck: New page: Asset Save: ThirdPersonCharacter
[2022.10.04-09.41.46:821][325]LogContentValidation: Display: Validating Blueprint /Game/ThirdPersonBP/Blueprints/ThirdPersonCharacter.ThirdPersonCharacter
[2022.10.04-09.42.12:624][519]LogUObjectHash: Compacting FUObjectHashTables data took   3.16ms
[2022.10.04-09.42.12:642][519]LogSavePackage: Moving '../../../../../../Users/20050/OneDrive/Dokumenty/Mafia/MafiaThirdPerson/Saved/ThirdPersonExampleMap_Auto1AAFE5F704502C8E5BE72AFAD6F203E82.tmp' to '../../../../../../Users/20050/OneDrive/Dokumenty/Mafia/MafiaThirdPerson/Saved/Autosaves/Game/ThirdPersonBP/Maps/ThirdPersonExampleMap_Auto1.umap'
[2022.10.04-09.42.12:644][519]LogFileHelpers: Editor autosave (incl. external actors) for '/Game/ThirdPersonBP/Maps/ThirdPersonExampleMap' took 0.046
[2022.10.04-09.42.12:644][519]LogFileHelpers: Editor autosave (incl. sublevels & external actors) for all levels took 0.046
[2022.10.04-09.44.03:723][837]BlueprintLog: New page: Compile ThirdPersonCharacter
[2022.10.04-09.44.03:783][837]LogUObjectHash: Compacting FUObjectHashTables data took   3.33ms
[2022.10.04-09.44.05:304][921]LogSavePackage: Moving '../../../../../../Users/20050/OneDrive/Dokumenty/Mafia/MafiaThirdPerson/Saved/ThirdPersonCharacter2613B3F642C017F681A309B7D5F600BB.tmp' to '../../../../../../Users/20050/OneDrive/Dokumenty/Mafia/MafiaThirdPerson/Content/ThirdPersonBP/Blueprints/ThirdPersonCharacter.uasset'
[2022.10.04-09.44.05:315][921]AssetCheck: New page: Asset Save: ThirdPersonCharacter
[2022.10.04-09.44.05:315][921]LogContentValidation: Display: Validating Blueprint /Game/ThirdPersonBP/Blueprints/ThirdPersonCharacter.ThirdPersonCharacter
[2022.10.04-09.44.31:451][853]LogSlate: Window 'ThirdPersonCharacter' being destroyed
[2022.10.04-09.44.31:455][853]LogSlate: Window 'ThirdPersonCharacter' being destroyed
[2022.10.04-09.44.31:459][853]LogWorld: UWorld::CleanupWorld for World_3, bSessionEnded=true, bCleanupResources=true
[2022.10.04-09.44.31:460][853]LogSlate: InvalidateAllWidgets triggered.  All widgets were invalidated
[2022.10.04-09.44.31:465][853]LogWorld: UWorld::CleanupWorld for World_2, bSessionEnded=true, bCleanupResources=true
[2022.10.04-09.44.31:466][853]LogSlate: InvalidateAllWidgets triggered.  All widgets were invalidated
[2022.10.04-09.44.31:507][853]LogWorld: UWorld::CleanupWorld for World_4, bSessionEnded=true, bCleanupResources=true
[2022.10.04-09.44.31:507][853]LogSlate: InvalidateAllWidgets triggered.  All widgets were invalidated
[2022.10.04-09.44.39:848][347]LogUObjectHash: Compacting FUObjectHashTables data took   3.01ms
[2022.10.04-09.44.39:864][347]LogSavePackage: Moving '../../../../../../Users/20050/OneDrive/Dokumenty/Mafia/MafiaThirdPerson/Saved/ThirdPersonExampleMap6CD204FB4748E241D0595B9571253617.tmp' to '../../../../../../Users/20050/OneDrive/Dokumenty/Mafia/MafiaThirdPerson/Content/ThirdPersonBP/Maps/ThirdPersonExampleMap.umap'
[2022.10.04-09.44.39:879][347]AssetCheck: New page: Asset Save: ThirdPersonExampleMap
[2022.10.04-09.44.39:880][347]LogContentValidation: Display: Validating World /Game/ThirdPersonBP/Maps/ThirdPersonExampleMap.ThirdPersonExampleMap
