Log file open, 10/11/22 14:55:52
LogWindows: Failed to load 'aqProf.dll' (GetLastError=126)
LogWindows: File 'aqProf.dll' does not exist
LogWindows: Failed to load 'VtuneApi.dll' (GetLastError=126)
LogWindows: File 'VtuneApi.dll' does not exist
LogWindows: Failed to load 'VtuneApi32e.dll' (GetLastError=126)
LogWindows: File 'VtuneApi32e.dll' does not exist
LogConsoleResponse: Display: Failed to find resolution value strings in scalability ini. Falling back to default.
LogConsoleResponse: Display: Failed to find resolution value strings in scalability ini. Falling back to default.
LogInit: Display: Running engine for game: MafiaThirdPerson
LogPlatformFile: Not using cached read wrapper
LogTaskGraph: Started task graph with 5 named threads and 23 total threads with 3 sets of task threads.
LogStats: Stats thread started at 0.286076
LogICUInternationalization: ICU TimeZone Detection - Raw Offset: +0:00, Platform Override: ''
LogInit: Display: Loading text-based GConfig....
LogPluginManager: Mounting plugin MeshPainting
LogPluginManager: Mounting plugin XGEController
LogPluginManager: Mounting plugin Paper2D
LogPluginManager: Mounting plugin LiveLink
LogPluginManager: Mounting plugin AISupport
LogPluginManager: Mounting plugin EnvironmentQueryEditor
LogPluginManager: Mounting plugin LightPropagationVolume
LogPluginManager: Mounting plugin CameraShakePreviewer
LogPluginManager: Mounting plugin OodleData
LogPluginManager: Mounting plugin OodleNetwork
LogPluginManager: Mounting plugin GameplayCameras
LogPluginManager: Mounting plugin AssetManagerEditor
LogPluginManager: Mounting plugin CryptoKeys
LogPluginManager: Mounting plugin CurveEditorTools
LogPluginManager: Mounting plugin DataValidation
LogPluginManager: Mounting plugin FacialAnimation
LogPluginManager: Mounting plugin GameplayTagsEditor
LogPluginManager: Mounting plugin GeometryMode
LogPluginManager: Mounting plugin MacGraphicsSwitching
LogPluginManager: Mounting plugin MaterialAnalyzer
LogPluginManager: Mounting plugin MobileLauncherProfileWizard
LogPluginManager: Mounting plugin SpeedTreeImporter
LogPluginManager: Mounting plugin PluginBrowser
LogPluginManager: Mounting plugin Niagara
LogPluginManager: Mounting plugin AlembicImporter
LogPluginManager: Mounting plugin AutomationUtils
LogPluginManager: Mounting plugin BackChannel
LogPluginManager: Mounting plugin ChaosCloth
LogPluginManager: Mounting plugin ChaosEditor
LogPluginManager: Mounting plugin ChaosClothEditor
LogPluginManager: Mounting plugin ChaosNiagara
LogPluginManager: Mounting plugin ChaosSolverPlugin
LogPluginManager: Mounting plugin CharacterAI
LogPluginManager: Mounting plugin GeometryCache
LogPluginManager: Mounting plugin GeometryCollectionPlugin
LogPluginManager: Mounting plugin GeometryProcessing
LogPluginManager: Mounting plugin AnimationSharing
LogPluginManager: Mounting plugin MotoSynth
LogPluginManager: Mounting plugin OpenImageDenoise
LogPluginManager: Mounting plugin PlanarCut
LogPluginManager: Mounting plugin PlatformCrypto
LogPluginManager: Mounting plugin ProxyLODPlugin
LogPluginManager: Mounting plugin PythonScriptPlugin
LogPluginManager: Mounting plugin CLionSourceCodeAccess
LogPluginManager: Mounting plugin CodeLiteSourceCodeAccess
LogPluginManager: Mounting plugin GitSourceControl
LogPluginManager: Mounting plugin KDevelopSourceCodeAccess
LogPluginManager: Mounting plugin NullSourceCodeAccess
LogPluginManager: Mounting plugin PerforceSourceControl
LogPluginManager: Mounting plugin SkeletalReduction
LogPluginManager: Mounting plugin PixWinPlugin
LogPluginManager: Mounting plugin PlasticSourceControl
LogPluginManager: Mounting plugin PluginUtils
LogPluginManager: Mounting plugin PropertyAccessNode
LogPluginManager: Mounting plugin SubversionSourceControl
LogPluginManager: Mounting plugin TextureFormatOodle
LogPluginManager: Mounting plugin RiderSourceCodeAccess
LogPluginManager: Mounting plugin UObjectPlugin
LogPluginManager: Mounting plugin VisualStudioCodeSourceCodeAccess
LogPluginManager: Mounting plugin VisualStudioSourceCodeAccess
LogPluginManager: Mounting plugin XCodeSourceCodeAccess
LogPluginManager: Mounting plugin LuminPlatformFeatures
LogPluginManager: Mounting plugin AndroidMedia
LogPluginManager: Mounting plugin MagicLeap
LogPluginManager: Mounting plugin AvfMedia
LogPluginManager: Mounting plugin MagicLeapLightEstimation
LogPluginManager: Mounting plugin DatasmithContent
LogPluginManager: Mounting plugin MagicLeapMedia
LogPluginManager: Mounting plugin MediaCompositing
LogPluginManager: Mounting plugin VariantManagerContent
LogPluginManager: Mounting plugin ImgMedia
LogPluginManager: Mounting plugin MagicLeapPassableWorld
LogPluginManager: Mounting plugin MediaPlayerEditor
LogPluginManager: Mounting plugin MLSDK
LogPluginManager: Mounting plugin WebMMedia
LogPluginManager: Mounting plugin WmfMedia
LogPluginManager: Mounting plugin TcpMessaging
LogPluginManager: Mounting plugin ActorSequence
LogPluginManager: Mounting plugin UdpMessaging
LogPluginManager: Mounting plugin LevelSequenceEditor
LogPluginManager: Mounting plugin MatineeToLevelSequence
LogPluginManager: Mounting plugin TemplateSequence
LogPluginManager: Mounting plugin LauncherChunkInstaller
LogPluginManager: Mounting plugin OnlineSubsystem
LogPluginManager: Mounting plugin OnlineSubsystemNull
LogPluginManager: Mounting plugin OnlineSubsystemUtils
LogPluginManager: Mounting plugin ActorLayerUtilities
LogPluginManager: Mounting plugin AndroidDeviceProfileSelector
LogPluginManager: Mounting plugin AndroidMoviePlayer
LogPluginManager: Mounting plugin AndroidPermission
LogPluginManager: Mounting plugin AppleImageUtils
LogPluginManager: Mounting plugin AppleMoviePlayer
LogPluginManager: Mounting plugin ArchVisCharacter
LogPluginManager: Mounting plugin AssetTags
LogPluginManager: Mounting plugin AudioSynesthesia
LogPluginManager: Mounting plugin ChunkDownloader
LogPluginManager: Mounting plugin CableComponent
LogPluginManager: Mounting plugin CustomMeshComponent
LogPluginManager: Mounting plugin EditableMesh
LogPluginManager: Mounting plugin ExampleDeviceProfileSelector
LogPluginManager: Mounting plugin GoogleCloudMessaging
LogPluginManager: Mounting plugin GooglePAD
LogPluginManager: Mounting plugin AudioCapture
LogPluginManager: Mounting plugin ScreenshotTools
LogPluginManager: Mounting plugin IOSDeviceProfileSelector
LogPluginManager: Mounting plugin LinuxDeviceProfileSelector
LogPluginManager: Mounting plugin LocationServicesBPLibrary
LogPluginManager: Mounting plugin MobilePatchingUtils
LogPluginManager: Mounting plugin OpenXR
LogPluginManager: Mounting plugin OpenXREyeTracker
LogPluginManager: Mounting plugin OpenXRHandTracking
LogPluginManager: Mounting plugin PhysXVehicles
LogPluginManager: Mounting plugin Takes
LogPluginManager: Mounting plugin PostSplashScreen
LogPluginManager: Mounting plugin ProceduralMeshComponent
LogPluginManager: Mounting plugin PropertyAccessEditor
LogPluginManager: Mounting plugin RuntimePhysXCooking
LogPluginManager: Mounting plugin SoundFields
LogPluginManager: Mounting plugin SignificanceManager
LogPluginManager: Mounting plugin Synthesis
LogPluginManager: Mounting plugin WebMMoviePlayer
LogPluginManager: Mounting plugin WindowsMoviePlayer
LogPluginManager: Mounting plugin ContentBrowserClassDataSource
LogPluginManager: Mounting plugin ContentBrowserFileDataSource
LogPluginManager: Mounting plugin ContentBrowserAssetDataSource
LogPluginManager: Mounting plugin OnlineSubsystemGooglePlay
LogPluginManager: Mounting plugin OnlineSubsystemIOS
LogPluginManager: Mounting plugin OculusVR
LogPluginManager: Mounting plugin SteamVR
PixWinPlugin: PIX capture plugin failed to initialize! Check that the process is launched from PIX.
LogInit: Using libcurl 7.55.1-DEV
LogInit:  - built for x86_64-pc-win32
LogInit:  - supports SSL with OpenSSL/1.1.1
LogInit:  - supports HTTP deflate (compression) using libz 1.2.8
LogInit:  - other features:
LogInit:      CURL_VERSION_SSL
LogInit:      CURL_VERSION_LIBZ
LogInit:      CURL_VERSION_IPV6
LogInit:      CURL_VERSION_ASYNCHDNS
LogInit:      CURL_VERSION_LARGEFILE
LogInit:      CURL_VERSION_IDN
LogInit:  CurlRequestOptions (configurable via config and command line):
LogInit:  - bVerifyPeer = true  - Libcurl will verify peer certificate
LogInit:  - bUseHttpProxy = false  - Libcurl will NOT use HTTP proxy
LogInit:  - bDontReuseConnections = false  - Libcurl will reuse connections
LogInit:  - MaxHostConnections = 16  - Libcurl will limit the number of connections to a host
LogInit:  - LocalHostAddr = Default
LogInit:  - BufferSize = 65536
LogOnline: OSS: Creating online subsystem instance for: NULL
LogInit: WinSock: version 1.1 (2.2), MaxSocks=32767, MaxUdp=65467
LogOnline: OSS: TryLoadSubsystemAndSetDefault: Loaded subsystem for module [NULL]
LogOculusPluginWrapper: OculusPlugin initialized successfully
LogHMD: Failed initializing OVRPlugin 1.59.0
LogInit: Build: ++UE4+Release-4.27-CL-18319896
LogInit: Engine Version: 4.27.2-18319896+++UE4+Release-4.27
LogInit: Compatible Engine Version: 4.27.0-17155196+++UE4+Release-4.27
LogInit: Net CL: 17155196
LogInit: OS: Windows 10 (Release 2009) (), CPU: Intel(R) Core(TM) i5-10300H CPU @ 2.50GHz, GPU: Intel(R) UHD Graphics
LogInit: Compiled (64-bit): Nov 30 2021 07:12:08
LogInit: Compiled with Visual C++: 19.24.28315.00
LogInit: Build Configuration: Development
LogInit: Branch Name: ++UE4+Release-4.27
LogInit: Command Line:  /Game/ThirdPersonBP/Maps/ThirdPersonExampleMap -game -PIEVIACONSOLE -Multiprocess GameUserSettingsINI=C:/Users/hetja/Documents/Mafia/MafiaThirdPerson/Saved/Config/Windows/PIEGameUserSettings0.ini -MultiprocessSaveConfig -forcepassthrough -messaging -SessionName="Play in Standalone Game" -windowed -WinX=320 -WinY=185 SAVEWINPOS=1 -ResX=1282 -ResY=728
LogInit: Base Directory: C:/Program Files/Epic Games/UE_4.27/Engine/Binaries/Win64/
LogInit: Allocator: TBB
LogInit: Installed Engine Build: 1
LogDevObjectVersion: Number of dev versions registered: 29
LogDevObjectVersion:   Dev-Blueprints (B0D832E4-1F89-4F0D-ACCF-7EB736FD4AA2): 10
LogDevObjectVersion:   Dev-Build (E1C64328-A22C-4D53-A36C-8E866417BD8C): 0
LogDevObjectVersion:   Dev-Core (375EC13C-06E4-48FB-B500-84F0262A717E): 4
LogDevObjectVersion:   Dev-Editor (E4B068ED-F494-42E9-A231-DA0B2E46BB41): 40
LogDevObjectVersion:   Dev-Framework (CFFC743F-43B0-4480-9391-14DF171D2073): 37
LogDevObjectVersion:   Dev-Mobile (B02B49B5-BB20-44E9-A304-32B752E40360): 3
LogDevObjectVersion:   Dev-Networking (A4E4105C-59A1-49B5-A7C5-40C4547EDFEE): 0
LogDevObjectVersion:   Dev-Online (39C831C9-5AE6-47DC-9A44-9C173E1C8E7C): 0
LogDevObjectVersion:   Dev-Physics (78F01B33-EBEA-4F98-B9B4-84EACCB95AA2): 14
LogDevObjectVersion:   Dev-Platform (6631380F-2D4D-43E0-8009-CF276956A95A): 0
LogDevObjectVersion:   Dev-Rendering (12F88B9F-8875-4AFC-A67C-D90C383ABD29): 45
LogDevObjectVersion:   Dev-Sequencer (7B5AE74C-D270-4C10-A958-57980B212A5A): 13
LogDevObjectVersion:   Dev-VR (D7296918-1DD6-4BDD-9DE2-64A83CC13884): 3
LogDevObjectVersion:   Dev-LoadTimes (C2A15278-BFE7-4AFE-6C17-90FF531DF755): 1
LogDevObjectVersion:   Private-Geometry (6EACA3D4-40EC-4CC1-B786-8BED09428FC5): 3
LogDevObjectVersion:   Dev-AnimPhys (29E575DD-E0A3-4627-9D10-D276232CDCEA): 17
LogDevObjectVersion:   Dev-Anim (AF43A65D-7FD3-4947-9873-3E8ED9C1BB05): 15
LogDevObjectVersion:   Dev-ReflectionCapture (6B266CEC-1EC7-4B8F-A30B-E4D90942FC07): 1
LogDevObjectVersion:   Dev-Automation (0DF73D61-A23F-47EA-B727-89E90C41499A): 1
LogDevObjectVersion:   FortniteMain (601D1886-AC64-4F84-AA16-D3DE0DEAC7D6): 47
LogDevObjectVersion:   FortniteRelease (E7086368-6B23-4C58-8439-1B7016265E91): 1
LogDevObjectVersion:   Dev-Enterprise (9DFFBCD6-494F-0158-E221-12823C92A888): 10
LogDevObjectVersion:   Dev-Niagara (F2AED0AC-9AFE-416F-8664-AA7FFA26D6FC): 1
LogDevObjectVersion:   Dev-Destruction (174F1F0B-B4C6-45A5-B13F-2EE8D0FB917D): 10
LogDevObjectVersion:   Dev-Physics-Ext (35F94A83-E258-406C-A318-09F59610247C): 41
LogDevObjectVersion:   Dev-PhysicsMaterial-Chaos (B68FC16E-8B1B-42E2-B453-215C058844FE): 1
LogDevObjectVersion:   Dev-CineCamera (B2E18506-4273-CFC2-A54E-F4BB758BBA07): 1
LogDevObjectVersion:   Dev-VirtualProduction (64F58936-FD1B-42BA-BA96-7289D5D0FA4E): 1
LogDevObjectVersion:   Dev-MediaFramework (6F0ED827-A609-4895-9C91-998D90180EA4): 2
LogInit: Presizing for max 25165824 objects, including 0 objects not considered by GC, pre-allocating 0 bytes for permanent pool.
LogConfig: Applying CVar settings from Section [/Script/Engine.StreamingSettings] File [C:/Users/hetja/Documents/Mafia/MafiaThirdPerson/Saved/Config/Windows/Engine.ini]
LogConfig: Setting CVar [[s.MinBulkDataSizeForAsyncLoading:131072]]
LogConfig: Setting CVar [[s.AsyncLoadingThreadEnabled:0]]
LogConfig: Setting CVar [[s.EventDrivenLoaderEnabled:1]]
LogConfig: Setting CVar [[s.WarnIfTimeLimitExceeded:0]]
LogConfig: Setting CVar [[s.TimeLimitExceededMultiplier:1.5]]
LogConfig: Setting CVar [[s.TimeLimitExceededMinTime:0.005]]
LogConfig: Setting CVar [[s.UseBackgroundLevelStreaming:1]]
LogConfig: Setting CVar [[s.PriorityAsyncLoadingExtraTime:15.0]]
LogConfig: Setting CVar [[s.LevelStreamingActorsUpdateTimeLimit:5.0]]
LogConfig: Setting CVar [[s.PriorityLevelStreamingActorsUpdateExtraTime:5.0]]
LogConfig: Setting CVar [[s.LevelStreamingComponentsRegistrationGranularity:10]]
LogConfig: Setting CVar [[s.UnregisterComponentsTimeLimit:1.0]]
LogConfig: Setting CVar [[s.LevelStreamingComponentsUnregistrationGranularity:5]]
LogConfig: Setting CVar [[s.FlushStreamingOnExit:1]]
LogInit: Object subsystem initialized
LogConfig: Setting CVar [[con.DebugEarlyDefault:1]]
LogConfig: Setting CVar [[r.setres:1280x720]]
[2022.10.11-14.55.52:848][  0]LogConfig: Setting CVar [[con.DebugEarlyDefault:1]]
[2022.10.11-14.55.52:848][  0]LogConfig: Setting CVar [[r.setres:1280x720]]
[2022.10.11-14.55.52:848][  0]LogConfig: Applying CVar settings from Section [/Script/Engine.RendererSettings] File [C:/Users/hetja/Documents/Mafia/MafiaThirdPerson/Saved/Config/Windows/Engine.ini]
[2022.10.11-14.55.52:848][  0]LogConfig: Setting CVar [[r.GPUCrashDebugging:0]]
[2022.10.11-14.55.52:848][  0]LogConfig: Applying CVar settings from Section [/Script/Engine.RendererOverrideSettings] File [C:/Users/hetja/Documents/Mafia/MafiaThirdPerson/Saved/Config/Windows/Engine.ini]
[2022.10.11-14.55.52:848][  0]LogConfig: Applying CVar settings from Section [/Script/Engine.StreamingSettings] File [C:/Users/hetja/Documents/Mafia/MafiaThirdPerson/Saved/Config/Windows/Engine.ini]
[2022.10.11-14.55.52:848][  0]LogConfig: Setting CVar [[s.MinBulkDataSizeForAsyncLoading:131072]]
[2022.10.11-14.55.52:848][  0]LogConfig: Setting CVar [[s.AsyncLoadingThreadEnabled:0]]
[2022.10.11-14.55.52:848][  0]LogConfig: Setting CVar [[s.EventDrivenLoaderEnabled:1]]
[2022.10.11-14.55.52:848][  0]LogConfig: Setting CVar [[s.WarnIfTimeLimitExceeded:0]]
[2022.10.11-14.55.52:848][  0]LogConfig: Setting CVar [[s.TimeLimitExceededMultiplier:1.5]]
[2022.10.11-14.55.52:848][  0]LogConfig: Setting CVar [[s.TimeLimitExceededMinTime:0.005]]
[2022.10.11-14.55.52:848][  0]LogConfig: Setting CVar [[s.UseBackgroundLevelStreaming:1]]
[2022.10.11-14.55.52:848][  0]LogConfig: Setting CVar [[s.PriorityAsyncLoadingExtraTime:15.0]]
[2022.10.11-14.55.52:848][  0]LogConfig: Setting CVar [[s.LevelStreamingActorsUpdateTimeLimit:5.0]]
[2022.10.11-14.55.52:848][  0]LogConfig: Setting CVar [[s.PriorityLevelStreamingActorsUpdateExtraTime:5.0]]
[2022.10.11-14.55.52:848][  0]LogConfig: Setting CVar [[s.LevelStreamingComponentsRegistrationGranularity:10]]
[2022.10.11-14.55.52:848][  0]LogConfig: Setting CVar [[s.UnregisterComponentsTimeLimit:1.0]]
[2022.10.11-14.55.52:848][  0]LogConfig: Setting CVar [[s.LevelStreamingComponentsUnregistrationGranularity:5]]
[2022.10.11-14.55.52:848][  0]LogConfig: Setting CVar [[s.FlushStreamingOnExit:1]]
[2022.10.11-14.55.52:848][  0]LogConfig: Applying CVar settings from Section [/Script/Engine.GarbageCollectionSettings] File [C:/Users/hetja/Documents/Mafia/MafiaThirdPerson/Saved/Config/Windows/Engine.ini]
[2022.10.11-14.55.52:848][  0]LogConfig: Setting CVar [[gc.MaxObjectsNotConsideredByGC:1]]
[2022.10.11-14.55.52:848][  0]LogConfig: Setting CVar [[gc.SizeOfPermanentObjectPool:0]]
[2022.10.11-14.55.52:848][  0]LogConfig: Setting CVar [[gc.FlushStreamingOnGC:0]]
[2022.10.11-14.55.52:849][  0]LogConfig: Setting CVar [[gc.NumRetriesBeforeForcingGC:10]]
[2022.10.11-14.55.52:849][  0]LogConfig: Setting CVar [[gc.AllowParallelGC:1]]
[2022.10.11-14.55.52:849][  0]LogConfig: Setting CVar [[gc.TimeBetweenPurgingPendingKillObjects:61.1]]
[2022.10.11-14.55.52:849][  0]LogConfig: Setting CVar [[gc.MaxObjectsInEditor:25165824]]
[2022.10.11-14.55.52:849][  0]LogConfig: Setting CVar [[gc.IncrementalBeginDestroyEnabled:1]]
[2022.10.11-14.55.52:849][  0]LogConfig: Setting CVar [[gc.CreateGCClusters:1]]
[2022.10.11-14.55.52:849][  0]LogConfig: Setting CVar [[gc.MinGCClusterSize:5]]
[2022.10.11-14.55.52:849][  0]LogConfig: Setting CVar [[gc.ActorClusteringEnabled:0]]
[2022.10.11-14.55.52:849][  0]LogConfig: Setting CVar [[gc.BlueprintClusteringEnabled:0]]
[2022.10.11-14.55.52:849][  0]LogConfig: Setting CVar [[gc.UseDisregardForGCOnDedicatedServers:0]]
[2022.10.11-14.55.52:849][  0]LogConfig: Setting CVar [[gc.MultithreadedDestructionEnabled:1]]
[2022.10.11-14.55.52:849][  0]LogConfig: Applying CVar settings from Section [/Script/Engine.NetworkSettings] File [C:/Users/hetja/Documents/Mafia/MafiaThirdPerson/Saved/Config/Windows/Engine.ini]
[2022.10.11-14.55.52:849][  0]LogConfig: Applying CVar settings from Section [/Script/UnrealEd.CookerSettings] File [C:/Users/hetja/Documents/Mafia/MafiaThirdPerson/Saved/Config/Windows/Engine.ini]
[2022.10.11-14.55.52:855][  0]LogConfig: Applying CVar settings from Section [ViewDistanceQuality@3] File [C:/Users/hetja/Documents/Mafia/MafiaThirdPerson/Saved/Config/Windows/Scalability.ini]
[2022.10.11-14.55.52:855][  0]LogConfig: Setting CVar [[r.SkeletalMeshLODBias:0]]
[2022.10.11-14.55.52:855][  0]LogConfig: Setting CVar [[r.ViewDistanceScale:1.0]]
[2022.10.11-14.55.52:855][  0]LogConfig: Applying CVar settings from Section [AntiAliasingQuality@3] File [C:/Users/hetja/Documents/Mafia/MafiaThirdPerson/Saved/Config/Windows/Scalability.ini]
[2022.10.11-14.55.52:855][  0]LogConfig: Setting CVar [[r.PostProcessAAQuality:4]]
[2022.10.11-14.55.52:855][  0]LogConfig: Applying CVar settings from Section [ShadowQuality@3] File [C:/Users/hetja/Documents/Mafia/MafiaThirdPerson/Saved/Config/Windows/Scalability.ini]
[2022.10.11-14.55.52:855][  0]LogConfig: Setting CVar [[r.LightFunctionQuality:1]]
[2022.10.11-14.55.52:855][  0]LogConfig: Setting CVar [[r.ShadowQuality:5]]
[2022.10.11-14.55.52:855][  0]LogConfig: Setting CVar [[r.Shadow.CSM.MaxCascades:10]]
[2022.10.11-14.55.52:855][  0]LogConfig: Setting CVar [[r.Shadow.MaxResolution:2048]]
[2022.10.11-14.55.52:855][  0]LogConfig: Setting CVar [[r.Shadow.MaxCSMResolution:2048]]
[2022.10.11-14.55.52:855][  0]LogConfig: Setting CVar [[r.Shadow.RadiusThreshold:0.01]]
[2022.10.11-14.55.52:855][  0]LogConfig: Setting CVar [[r.Shadow.DistanceScale:1.0]]
[2022.10.11-14.55.52:855][  0]LogConfig: Setting CVar [[r.Shadow.CSM.TransitionScale:1.0]]
[2022.10.11-14.55.52:855][  0]LogConfig: Setting CVar [[r.Shadow.PreShadowResolutionFactor:1.0]]
[2022.10.11-14.55.52:855][  0]LogConfig: Setting CVar [[r.DistanceFieldShadowing:1]]
[2022.10.11-14.55.52:856][  0]LogConfig: Setting CVar [[r.DistanceFieldAO:1]]
[2022.10.11-14.55.52:856][  0]LogConfig: Setting CVar [[r.AOQuality:2]]
[2022.10.11-14.55.52:856][  0]LogConfig: Setting CVar [[r.VolumetricFog:1]]
[2022.10.11-14.55.52:856][  0]LogConfig: Setting CVar [[r.VolumetricFog.GridPixelSize:8]]
[2022.10.11-14.55.52:856][  0]LogConfig: Setting CVar [[r.VolumetricFog.GridSizeZ:128]]
[2022.10.11-14.55.52:856][  0]LogConfig: Setting CVar [[r.VolumetricFog.HistoryMissSupersampleCount:4]]
[2022.10.11-14.55.52:856][  0]LogConfig: Setting CVar [[r.LightMaxDrawDistanceScale:1]]
[2022.10.11-14.55.52:856][  0]LogConfig: Setting CVar [[r.CapsuleShadows:1]]
[2022.10.11-14.55.52:856][  0]LogConfig: Applying CVar settings from Section [PostProcessQuality@3] File [C:/Users/hetja/Documents/Mafia/MafiaThirdPerson/Saved/Config/Windows/Scalability.ini]
[2022.10.11-14.55.52:856][  0]LogConfig: Setting CVar [[r.MotionBlurQuality:4]]
[2022.10.11-14.55.52:856][  0]LogConfig: Setting CVar [[r.AmbientOcclusionMipLevelFactor:0.4]]
[2022.10.11-14.55.52:856][  0]LogConfig: Setting CVar [[r.AmbientOcclusionMaxQuality:100]]
[2022.10.11-14.55.52:856][  0]LogConfig: Setting CVar [[r.AmbientOcclusionLevels:-1]]
[2022.10.11-14.55.52:856][  0]LogConfig: Setting CVar [[r.AmbientOcclusionRadiusScale:1.0]]
[2022.10.11-14.55.52:856][  0]LogConfig: Setting CVar [[r.DepthOfFieldQuality:2]]
[2022.10.11-14.55.52:856][  0]LogConfig: Setting CVar [[r.RenderTargetPoolMin:400]]
[2022.10.11-14.55.52:856][  0]LogConfig: Setting CVar [[r.LensFlareQuality:2]]
[2022.10.11-14.55.52:856][  0]LogConfig: Setting CVar [[r.SceneColorFringeQuality:1]]
[2022.10.11-14.55.52:856][  0]LogConfig: Setting CVar [[r.EyeAdaptationQuality:2]]
[2022.10.11-14.55.52:856][  0]LogConfig: Setting CVar [[r.BloomQuality:5]]
[2022.10.11-14.55.52:856][  0]LogConfig: Setting CVar [[r.FastBlurThreshold:100]]
[2022.10.11-14.55.52:856][  0]LogConfig: Setting CVar [[r.Upscale.Quality:3]]
[2022.10.11-14.55.52:856][  0]LogConfig: Setting CVar [[r.Tonemapper.GrainQuantization:1]]
[2022.10.11-14.55.52:856][  0]LogConfig: Setting CVar [[r.LightShaftQuality:1]]
[2022.10.11-14.55.52:856][  0]LogConfig: Setting CVar [[r.Filter.SizeScale:1]]
[2022.10.11-14.55.52:856][  0]LogConfig: Setting CVar [[r.Tonemapper.Quality:5]]
[2022.10.11-14.55.52:856][  0]LogConfig: Setting CVar [[r.DOF.Gather.AccumulatorQuality:1        ; higher gathering accumulator quality]]
[2022.10.11-14.55.52:856][  0]LogConfig: Setting CVar [[r.DOF.Gather.PostfilterMethod:1          ; Median3x3 postfilering method]]
[2022.10.11-14.55.52:856][  0]LogConfig: Setting CVar [[r.DOF.Gather.EnableBokehSettings:0       ; no bokeh simulation when gathering]]
[2022.10.11-14.55.52:856][  0]LogConfig: Setting CVar [[r.DOF.Gather.RingCount:4                 ; medium number of samples when gathering]]
[2022.10.11-14.55.52:856][  0]LogConfig: Setting CVar [[r.DOF.Scatter.ForegroundCompositing:1    ; additive foreground scattering]]
[2022.10.11-14.55.52:856][  0]LogConfig: Setting CVar [[r.DOF.Scatter.BackgroundCompositing:2    ; additive background scattering]]
[2022.10.11-14.55.52:856][  0]LogConfig: Setting CVar [[r.DOF.Scatter.EnableBokehSettings:1      ; bokeh simulation when scattering]]
[2022.10.11-14.55.52:856][  0]LogConfig: Setting CVar [[r.DOF.Scatter.MaxSpriteRatio:0.1         ; only a maximum of 10% of scattered bokeh]]
[2022.10.11-14.55.52:856][  0]LogConfig: Setting CVar [[r.DOF.Recombine.Quality:1                ; cheap slight out of focus]]
[2022.10.11-14.55.52:856][  0]LogConfig: Setting CVar [[r.DOF.Recombine.EnableBokehSettings:0    ; no bokeh simulation on slight out of focus]]
[2022.10.11-14.55.52:856][  0]LogConfig: Setting CVar [[r.DOF.TemporalAAQuality:1                ; more stable temporal accumulation]]
[2022.10.11-14.55.52:856][  0]LogConfig: Setting CVar [[r.DOF.Kernel.MaxForegroundRadius:0.025]]
[2022.10.11-14.55.52:856][  0]LogConfig: Setting CVar [[r.DOF.Kernel.MaxBackgroundRadius:0.025]]
[2022.10.11-14.55.52:856][  0]LogConfig: Applying CVar settings from Section [TextureQuality@3] File [C:/Users/hetja/Documents/Mafia/MafiaThirdPerson/Saved/Config/Windows/Scalability.ini]
[2022.10.11-14.55.52:856][  0]LogConfig: Setting CVar [[r.Streaming.MipBias:0]]
[2022.10.11-14.55.52:856][  0]LogConfig: Setting CVar [[r.Streaming.AmortizeCPUToGPUCopy:0]]
[2022.10.11-14.55.52:856][  0]LogConfig: Setting CVar [[r.Streaming.MaxNumTexturesToStreamPerFrame:0]]
[2022.10.11-14.55.52:856][  0]LogConfig: Setting CVar [[r.Streaming.Boost:1]]
[2022.10.11-14.55.52:856][  0]LogConfig: Setting CVar [[r.MaxAnisotropy:8]]
[2022.10.11-14.55.52:856][  0]LogConfig: Setting CVar [[r.VT.MaxAnisotropy:8]]
[2022.10.11-14.55.52:856][  0]LogConfig: Setting CVar [[r.Streaming.LimitPoolSizeToVRAM:0]]
[2022.10.11-14.55.52:856][  0]LogConfig: Setting CVar [[r.Streaming.PoolSize:1000]]
[2022.10.11-14.55.52:856][  0]LogConfig: Setting CVar [[r.Streaming.MaxEffectiveScreenSize:0]]
[2022.10.11-14.55.52:856][  0]LogConfig: Applying CVar settings from Section [EffectsQuality@3] File [C:/Users/hetja/Documents/Mafia/MafiaThirdPerson/Saved/Config/Windows/Scalability.ini]
[2022.10.11-14.55.52:856][  0]LogConfig: Setting CVar [[r.TranslucencyLightingVolumeDim:64]]
[2022.10.11-14.55.52:856][  0]LogConfig: Setting CVar [[r.RefractionQuality:2]]
[2022.10.11-14.55.52:856][  0]LogConfig: Setting CVar [[r.SSR.Quality:3]]
[2022.10.11-14.55.52:856][  0]LogConfig: Setting CVar [[r.SSR.HalfResSceneColor:0]]
[2022.10.11-14.55.52:856][  0]LogConfig: Setting CVar [[r.SceneColorFormat:4]]
[2022.10.11-14.55.52:856][  0]LogConfig: Setting CVar [[r.DetailMode:2]]
[2022.10.11-14.55.52:856][  0]LogConfig: Setting CVar [[r.TranslucencyVolumeBlur:1]]
[2022.10.11-14.55.52:856][  0]LogConfig: Setting CVar [[r.MaterialQualityLevel:1 ; High quality]]
[2022.10.11-14.55.52:856][  0]LogConfig: Setting CVar [[r.AnisotropicMaterials:1]]
[2022.10.11-14.55.52:856][  0]LogConfig: Setting CVar [[r.SSS.Scale:1]]
[2022.10.11-14.55.52:856][  0]LogConfig: Setting CVar [[r.SSS.SampleSet:2]]
[2022.10.11-14.55.52:856][  0]LogConfig: Setting CVar [[r.SSS.Quality:1]]
[2022.10.11-14.55.52:856][  0]LogConfig: Setting CVar [[r.SSS.HalfRes:0]]
[2022.10.11-14.55.52:856][  0]LogConfig: Setting CVar [[r.SSGI.Quality:3]]
[2022.10.11-14.55.52:856][  0]LogConfig: Setting CVar [[r.EmitterSpawnRateScale:1.0]]
[2022.10.11-14.55.52:856][  0]LogConfig: Setting CVar [[r.ParticleLightQuality:2]]
[2022.10.11-14.55.52:856][  0]LogConfig: Setting CVar [[r.SkyAtmosphere.AerialPerspectiveLUT.FastApplyOnOpaque:1 ; Always have FastSkyLUT 1 in this case to avoid wrong sky]]
[2022.10.11-14.55.52:856][  0]LogConfig: Setting CVar [[r.SkyAtmosphere.AerialPerspectiveLUT.SampleCountMaxPerSlice:4]]
[2022.10.11-14.55.52:856][  0]LogConfig: Setting CVar [[r.SkyAtmosphere.AerialPerspectiveLUT.DepthResolution:16.0]]
[2022.10.11-14.55.52:856][  0]LogConfig: Setting CVar [[r.SkyAtmosphere.FastSkyLUT:1]]
[2022.10.11-14.55.52:856][  0]LogConfig: Setting CVar [[r.SkyAtmosphere.FastSkyLUT.SampleCountMin:4.0]]
[2022.10.11-14.55.52:856][  0]LogConfig: Setting CVar [[r.SkyAtmosphere.FastSkyLUT.SampleCountMax:128.0]]
[2022.10.11-14.55.52:856][  0]LogConfig: Setting CVar [[r.SkyAtmosphere.SampleCountMin:4.0]]
[2022.10.11-14.55.52:856][  0]LogConfig: Setting CVar [[r.SkyAtmosphere.SampleCountMax:128.0]]
[2022.10.11-14.55.52:856][  0]LogConfig: Setting CVar [[r.SkyAtmosphere.TransmittanceLUT.UseSmallFormat:0]]
[2022.10.11-14.55.52:856][  0]LogConfig: Setting CVar [[r.SkyAtmosphere.TransmittanceLUT.SampleCount:10.0]]
[2022.10.11-14.55.52:856][  0]LogConfig: Setting CVar [[r.SkyAtmosphere.MultiScatteringLUT.SampleCount:15.0]]
[2022.10.11-14.55.52:856][  0]LogConfig: Setting CVar [[r.SkyLight.RealTimeReflectionCapture:1]]
[2022.10.11-14.55.52:856][  0]LogConfig: Applying CVar settings from Section [FoliageQuality@3] File [C:/Users/hetja/Documents/Mafia/MafiaThirdPerson/Saved/Config/Windows/Scalability.ini]
[2022.10.11-14.55.52:856][  0]LogConfig: Setting CVar [[foliage.DensityScale:1.0]]
[2022.10.11-14.55.52:856][  0]LogConfig: Setting CVar [[grass.DensityScale:1.0]]
[2022.10.11-14.55.52:856][  0]LogConfig: Applying CVar settings from Section [ShadingQuality@3] File [C:/Users/hetja/Documents/Mafia/MafiaThirdPerson/Saved/Config/Windows/Scalability.ini]
[2022.10.11-14.55.52:856][  0]LogConfig: Setting CVar [[r.HairStrands.SkyLighting.IntegrationType:2]]
[2022.10.11-14.55.52:856][  0]LogConfig: Setting CVar [[r.HairStrands.SkyAO.SampleCount:4]]
[2022.10.11-14.55.52:856][  0]LogConfig: Setting CVar [[r.HairStrands.Visibility.MSAA.SamplePerPixel:4]]
[2022.10.11-14.55.52:856][  0]LogInit: Selected Device Profile: [Windows]
[2022.10.11-14.55.52:856][  0]LogInit: Applying CVar settings loaded from the selected device profile: [Windows]
[2022.10.11-14.55.52:856][  0]LogHAL: Display: Platform has ~ 8 GB [8451309568 / 8589934592 / 8], which maps to Default [LargestMinGB=32, LargerMinGB=12, DefaultMinGB=8, SmallerMinGB=6, SmallestMinGB=0)
[2022.10.11-14.55.52:856][  0]LogInit: Going up to parent DeviceProfile []
[2022.10.11-14.55.52:856][  0]LogConfig: Applying CVar settings from Section [ViewDistanceQuality@3] File [C:/Users/hetja/Documents/Mafia/MafiaThirdPerson/Saved/Config/Windows/Scalability.ini]
[2022.10.11-14.55.52:856][  0]LogConfig: Setting CVar [[r.SkeletalMeshLODBias:0]]
[2022.10.11-14.55.52:856][  0]LogConfig: Setting CVar [[r.ViewDistanceScale:1.0]]
[2022.10.11-14.55.52:856][  0]LogConfig: Applying CVar settings from Section [AntiAliasingQuality@3] File [C:/Users/hetja/Documents/Mafia/MafiaThirdPerson/Saved/Config/Windows/Scalability.ini]
[2022.10.11-14.55.52:856][  0]LogConfig: Setting CVar [[r.PostProcessAAQuality:4]]
[2022.10.11-14.55.52:857][  0]LogConfig: Applying CVar settings from Section [ShadowQuality@3] File [C:/Users/hetja/Documents/Mafia/MafiaThirdPerson/Saved/Config/Windows/Scalability.ini]
[2022.10.11-14.55.52:857][  0]LogConfig: Setting CVar [[r.LightFunctionQuality:1]]
[2022.10.11-14.55.52:857][  0]LogConfig: Setting CVar [[r.ShadowQuality:5]]
[2022.10.11-14.55.52:857][  0]LogConfig: Setting CVar [[r.Shadow.CSM.MaxCascades:10]]
[2022.10.11-14.55.52:857][  0]LogConfig: Setting CVar [[r.Shadow.MaxResolution:2048]]
[2022.10.11-14.55.52:857][  0]LogConfig: Setting CVar [[r.Shadow.MaxCSMResolution:2048]]
[2022.10.11-14.55.52:857][  0]LogConfig: Setting CVar [[r.Shadow.RadiusThreshold:0.01]]
[2022.10.11-14.55.52:857][  0]LogConfig: Setting CVar [[r.Shadow.DistanceScale:1.0]]
[2022.10.11-14.55.52:857][  0]LogConfig: Setting CVar [[r.Shadow.CSM.TransitionScale:1.0]]
[2022.10.11-14.55.52:857][  0]LogConfig: Setting CVar [[r.Shadow.PreShadowResolutionFactor:1.0]]
[2022.10.11-14.55.52:857][  0]LogConfig: Setting CVar [[r.DistanceFieldShadowing:1]]
[2022.10.11-14.55.52:857][  0]LogConfig: Setting CVar [[r.DistanceFieldAO:1]]
[2022.10.11-14.55.52:857][  0]LogConfig: Setting CVar [[r.AOQuality:2]]
[2022.10.11-14.55.52:857][  0]LogConfig: Setting CVar [[r.VolumetricFog:1]]
[2022.10.11-14.55.52:857][  0]LogConfig: Setting CVar [[r.VolumetricFog.GridPixelSize:8]]
[2022.10.11-14.55.52:857][  0]LogConfig: Setting CVar [[r.VolumetricFog.GridSizeZ:128]]
[2022.10.11-14.55.52:857][  0]LogConfig: Setting CVar [[r.VolumetricFog.HistoryMissSupersampleCount:4]]
[2022.10.11-14.55.52:857][  0]LogConfig: Setting CVar [[r.LightMaxDrawDistanceScale:1]]
[2022.10.11-14.55.52:857][  0]LogConfig: Setting CVar [[r.CapsuleShadows:1]]
[2022.10.11-14.55.52:857][  0]LogConfig: Applying CVar settings from Section [PostProcessQuality@3] File [C:/Users/hetja/Documents/Mafia/MafiaThirdPerson/Saved/Config/Windows/Scalability.ini]
[2022.10.11-14.55.52:857][  0]LogConfig: Setting CVar [[r.MotionBlurQuality:4]]
[2022.10.11-14.55.52:857][  0]LogConfig: Setting CVar [[r.AmbientOcclusionMipLevelFactor:0.4]]
[2022.10.11-14.55.52:857][  0]LogConfig: Setting CVar [[r.AmbientOcclusionMaxQuality:100]]
[2022.10.11-14.55.52:857][  0]LogConfig: Setting CVar [[r.AmbientOcclusionLevels:-1]]
[2022.10.11-14.55.52:857][  0]LogConfig: Setting CVar [[r.AmbientOcclusionRadiusScale:1.0]]
[2022.10.11-14.55.52:857][  0]LogConfig: Setting CVar [[r.DepthOfFieldQuality:2]]
[2022.10.11-14.55.52:857][  0]LogConfig: Setting CVar [[r.RenderTargetPoolMin:400]]
[2022.10.11-14.55.52:857][  0]LogConfig: Setting CVar [[r.LensFlareQuality:2]]
[2022.10.11-14.55.52:857][  0]LogConfig: Setting CVar [[r.SceneColorFringeQuality:1]]
[2022.10.11-14.55.52:857][  0]LogConfig: Setting CVar [[r.EyeAdaptationQuality:2]]
[2022.10.11-14.55.52:857][  0]LogConfig: Setting CVar [[r.BloomQuality:5]]
[2022.10.11-14.55.52:857][  0]LogConfig: Setting CVar [[r.FastBlurThreshold:100]]
[2022.10.11-14.55.52:857][  0]LogConfig: Setting CVar [[r.Upscale.Quality:3]]
[2022.10.11-14.55.52:857][  0]LogConfig: Setting CVar [[r.Tonemapper.GrainQuantization:1]]
[2022.10.11-14.55.52:857][  0]LogConfig: Setting CVar [[r.LightShaftQuality:1]]
[2022.10.11-14.55.52:857][  0]LogConfig: Setting CVar [[r.Filter.SizeScale:1]]
[2022.10.11-14.55.52:857][  0]LogConfig: Setting CVar [[r.Tonemapper.Quality:5]]
[2022.10.11-14.55.52:857][  0]LogConfig: Setting CVar [[r.DOF.Gather.AccumulatorQuality:1        ; higher gathering accumulator quality]]
[2022.10.11-14.55.52:857][  0]LogConfig: Setting CVar [[r.DOF.Gather.PostfilterMethod:1          ; Median3x3 postfilering method]]
[2022.10.11-14.55.52:857][  0]LogConfig: Setting CVar [[r.DOF.Gather.EnableBokehSettings:0       ; no bokeh simulation when gathering]]
[2022.10.11-14.55.52:857][  0]LogConfig: Setting CVar [[r.DOF.Gather.RingCount:4                 ; medium number of samples when gathering]]
[2022.10.11-14.55.52:857][  0]LogConfig: Setting CVar [[r.DOF.Scatter.ForegroundCompositing:1    ; additive foreground scattering]]
[2022.10.11-14.55.52:857][  0]LogConfig: Setting CVar [[r.DOF.Scatter.BackgroundCompositing:2    ; additive background scattering]]
[2022.10.11-14.55.52:857][  0]LogConfig: Setting CVar [[r.DOF.Scatter.EnableBokehSettings:1      ; bokeh simulation when scattering]]
[2022.10.11-14.55.52:857][  0]LogConfig: Setting CVar [[r.DOF.Scatter.MaxSpriteRatio:0.1         ; only a maximum of 10% of scattered bokeh]]
[2022.10.11-14.55.52:857][  0]LogConfig: Setting CVar [[r.DOF.Recombine.Quality:1                ; cheap slight out of focus]]
[2022.10.11-14.55.52:857][  0]LogConfig: Setting CVar [[r.DOF.Recombine.EnableBokehSettings:0    ; no bokeh simulation on slight out of focus]]
[2022.10.11-14.55.52:857][  0]LogConfig: Setting CVar [[r.DOF.TemporalAAQuality:1                ; more stable temporal accumulation]]
[2022.10.11-14.55.52:857][  0]LogConfig: Setting CVar [[r.DOF.Kernel.MaxForegroundRadius:0.025]]
[2022.10.11-14.55.52:857][  0]LogConfig: Setting CVar [[r.DOF.Kernel.MaxBackgroundRadius:0.025]]
[2022.10.11-14.55.52:857][  0]LogConfig: Applying CVar settings from Section [TextureQuality@3] File [C:/Users/hetja/Documents/Mafia/MafiaThirdPerson/Saved/Config/Windows/Scalability.ini]
[2022.10.11-14.55.52:857][  0]LogConfig: Setting CVar [[r.Streaming.MipBias:0]]
[2022.10.11-14.55.52:857][  0]LogConfig: Setting CVar [[r.Streaming.AmortizeCPUToGPUCopy:0]]
[2022.10.11-14.55.52:857][  0]LogConfig: Setting CVar [[r.Streaming.MaxNumTexturesToStreamPerFrame:0]]
[2022.10.11-14.55.52:857][  0]LogConfig: Setting CVar [[r.Streaming.Boost:1]]
[2022.10.11-14.55.52:857][  0]LogConfig: Setting CVar [[r.MaxAnisotropy:8]]
[2022.10.11-14.55.52:857][  0]LogConfig: Setting CVar [[r.VT.MaxAnisotropy:8]]
[2022.10.11-14.55.52:857][  0]LogConfig: Setting CVar [[r.Streaming.LimitPoolSizeToVRAM:0]]
[2022.10.11-14.55.52:857][  0]LogConfig: Setting CVar [[r.Streaming.PoolSize:1000]]
[2022.10.11-14.55.52:857][  0]LogConfig: Setting CVar [[r.Streaming.MaxEffectiveScreenSize:0]]
[2022.10.11-14.55.52:857][  0]LogConfig: Applying CVar settings from Section [EffectsQuality@3] File [C:/Users/hetja/Documents/Mafia/MafiaThirdPerson/Saved/Config/Windows/Scalability.ini]
[2022.10.11-14.55.52:857][  0]LogConfig: Setting CVar [[r.TranslucencyLightingVolumeDim:64]]
[2022.10.11-14.55.52:857][  0]LogConfig: Setting CVar [[r.RefractionQuality:2]]
[2022.10.11-14.55.52:857][  0]LogConfig: Setting CVar [[r.SSR.Quality:3]]
[2022.10.11-14.55.52:857][  0]LogConfig: Setting CVar [[r.SSR.HalfResSceneColor:0]]
[2022.10.11-14.55.52:857][  0]LogConfig: Setting CVar [[r.SceneColorFormat:4]]
[2022.10.11-14.55.52:857][  0]LogConfig: Setting CVar [[r.DetailMode:2]]
[2022.10.11-14.55.52:857][  0]LogConfig: Setting CVar [[r.TranslucencyVolumeBlur:1]]
[2022.10.11-14.55.52:857][  0]LogConfig: Setting CVar [[r.MaterialQualityLevel:1 ; High quality]]
[2022.10.11-14.55.52:857][  0]LogConfig: Setting CVar [[r.AnisotropicMaterials:1]]
[2022.10.11-14.55.52:857][  0]LogConfig: Setting CVar [[r.SSS.Scale:1]]
[2022.10.11-14.55.52:857][  0]LogConfig: Setting CVar [[r.SSS.SampleSet:2]]
[2022.10.11-14.55.52:857][  0]LogConfig: Setting CVar [[r.SSS.Quality:1]]
[2022.10.11-14.55.52:857][  0]LogConfig: Setting CVar [[r.SSS.HalfRes:0]]
[2022.10.11-14.55.52:857][  0]LogConfig: Setting CVar [[r.SSGI.Quality:3]]
[2022.10.11-14.55.52:857][  0]LogConfig: Setting CVar [[r.EmitterSpawnRateScale:1.0]]
[2022.10.11-14.55.52:857][  0]LogConfig: Setting CVar [[r.ParticleLightQuality:2]]
[2022.10.11-14.55.52:857][  0]LogConfig: Setting CVar [[r.SkyAtmosphere.AerialPerspectiveLUT.FastApplyOnOpaque:1 ; Always have FastSkyLUT 1 in this case to avoid wrong sky]]
[2022.10.11-14.55.52:857][  0]LogConfig: Setting CVar [[r.SkyAtmosphere.AerialPerspectiveLUT.SampleCountMaxPerSlice:4]]
[2022.10.11-14.55.52:857][  0]LogConfig: Setting CVar [[r.SkyAtmosphere.AerialPerspectiveLUT.DepthResolution:16.0]]
[2022.10.11-14.55.52:857][  0]LogConfig: Setting CVar [[r.SkyAtmosphere.FastSkyLUT:1]]
[2022.10.11-14.55.52:857][  0]LogConfig: Setting CVar [[r.SkyAtmosphere.FastSkyLUT.SampleCountMin:4.0]]
[2022.10.11-14.55.52:857][  0]LogConfig: Setting CVar [[r.SkyAtmosphere.FastSkyLUT.SampleCountMax:128.0]]
[2022.10.11-14.55.52:857][  0]LogConfig: Setting CVar [[r.SkyAtmosphere.SampleCountMin:4.0]]
[2022.10.11-14.55.52:857][  0]LogConfig: Setting CVar [[r.SkyAtmosphere.SampleCountMax:128.0]]
[2022.10.11-14.55.52:857][  0]LogConfig: Setting CVar [[r.SkyAtmosphere.TransmittanceLUT.UseSmallFormat:0]]
[2022.10.11-14.55.52:857][  0]LogConfig: Setting CVar [[r.SkyAtmosphere.TransmittanceLUT.SampleCount:10.0]]
[2022.10.11-14.55.52:857][  0]LogConfig: Setting CVar [[r.SkyAtmosphere.MultiScatteringLUT.SampleCount:15.0]]
[2022.10.11-14.55.52:857][  0]LogConfig: Setting CVar [[r.SkyLight.RealTimeReflectionCapture:1]]
[2022.10.11-14.55.52:857][  0]LogConfig: Applying CVar settings from Section [FoliageQuality@3] File [C:/Users/hetja/Documents/Mafia/MafiaThirdPerson/Saved/Config/Windows/Scalability.ini]
[2022.10.11-14.55.52:857][  0]LogConfig: Setting CVar [[foliage.DensityScale:1.0]]
[2022.10.11-14.55.52:857][  0]LogConfig: Setting CVar [[grass.DensityScale:1.0]]
[2022.10.11-14.55.52:857][  0]LogConfig: Applying CVar settings from Section [ShadingQuality@3] File [C:/Users/hetja/Documents/Mafia/MafiaThirdPerson/Saved/Config/Windows/Scalability.ini]
[2022.10.11-14.55.52:857][  0]LogConfig: Setting CVar [[r.HairStrands.SkyLighting.IntegrationType:2]]
[2022.10.11-14.55.52:857][  0]LogConfig: Setting CVar [[r.HairStrands.SkyAO.SampleCount:4]]
[2022.10.11-14.55.52:857][  0]LogConfig: Setting CVar [[r.HairStrands.Visibility.MSAA.SamplePerPixel:4]]
[2022.10.11-14.55.52:857][  0]LogConfig: Applying CVar settings from Section [Startup] File [../../../Engine/Config/ConsoleVariables.ini]
[2022.10.11-14.55.52:858][  0]LogConfig: Setting CVar [[net.UseAdaptiveNetUpdateFrequency:0]]
[2022.10.11-14.55.52:858][  0]LogConfig: Setting CVar [[p.chaos.AllowCreatePhysxBodies:1]]
[2022.10.11-14.55.52:858][  0]LogConfig: Setting CVar [[fx.SkipVectorVMBackendOptimizations:1]]
[2022.10.11-14.55.52:858][  0]LogConfig: Applying CVar settings from Section [ConsoleVariables] File [C:/Users/hetja/Documents/Mafia/MafiaThirdPerson/Saved/Config/Windows/Engine.ini]
[2022.10.11-14.55.52:858][  0]LogConfig: Applying CVar settings from Section [ConsoleVariables] File [C:/Users/hetja/Documents/Mafia/MafiaThirdPerson/Saved/Config/Windows/Editor.ini]
[2022.10.11-14.55.52:858][  0]LogInit: Computer: LAPTOP-OUSCLS3R
[2022.10.11-14.55.52:858][  0]LogInit: User: hetja
[2022.10.11-14.55.52:858][  0]LogInit: CPU Page size=4096, Cores=4
[2022.10.11-14.55.52:858][  0]LogInit: High frequency timer resolution =10.000000 MHz
[2022.10.11-14.55.52:858][  0]LogMemory: Memory total: Physical=7.9GB (8GB approx)
[2022.10.11-14.55.52:858][  0]LogMemory: Platform Memory Stats for Windows
[2022.10.11-14.55.52:858][  0]LogMemory: Process Physical Memory: 144.59 MB used, 144.59 MB peak
[2022.10.11-14.55.52:858][  0]LogMemory: Process Virtual Memory: 120.39 MB used, 120.39 MB peak
[2022.10.11-14.55.52:858][  0]LogMemory: Physical Memory: 6996.07 MB used,  1063.73 MB free, 8059.80 MB total
[2022.10.11-14.55.52:858][  0]LogMemory: Virtual Memory: 134213800.00 MB used,  3923.96 MB free, 134217728.00 MB total
[2022.10.11-14.55.52:863][  0]LogWindows: WindowsPlatformFeatures enabled
[2022.10.11-14.55.52:906][  0]LogInit: Physics initialised using underlying interface: PhysX
[2022.10.11-14.55.52:907][  0]LogInit: Using OS detected language (en-US).
[2022.10.11-14.55.52:907][  0]LogInit: Using OS detected locale (is-IS).
[2022.10.11-14.55.52:944][  0]LogTextLocalizationManager: No specific localization for 'en-US' exists, so the 'en' localization will be used.
[2022.10.11-14.55.52:947][  0]LogTextLocalizationManager: No localization for 'is-IS' exists, so 'en' will be used for the locale.
[2022.10.11-14.55.53:185][  0]LogWindowsTextInputMethodSystem: Display: IME system deactivated.
[2022.10.11-14.55.53:206][  0]LogSlate: New Slate User Created.  User Index 0, Is Virtual User: 0
[2022.10.11-14.55.53:206][  0]LogSlate: Slate User Registered.  User Index 0, Is Virtual User: 0
[2022.10.11-14.55.53:218][  0]LogD3D11RHI: Loaded GFSDK_Aftermath_Lib.x64.dll
[2022.10.11-14.55.53:233][  0]LogHMD: Failed to initialize OpenVR with code 110
[2022.10.11-14.55.53:233][  0]LogD3D11RHI: D3D11 min allowed feature level: 11_0
[2022.10.11-14.55.53:233][  0]LogD3D11RHI: D3D11 max allowed feature level: 11_0
[2022.10.11-14.55.53:233][  0]LogD3D11RHI: D3D11 adapters:
[2022.10.11-14.55.53:328][  0]LogD3D11RHI:    0. 'NVIDIA GeForce RTX 2060' (Feature Level 11_0)
[2022.10.11-14.55.53:328][  0]LogD3D11RHI:       5980/0/4029 MB DedicatedVideo/DedicatedSystem/SharedSystem, Outputs:1, VendorId:0x10de
[2022.10.11-14.55.53:355][  0]LogD3D11RHI:    1. 'Intel(R) UHD Graphics' (Feature Level 11_0)
[2022.10.11-14.55.53:355][  0]LogD3D11RHI:       128/0/4029 MB DedicatedVideo/DedicatedSystem/SharedSystem, Outputs:0, VendorId:0x8086
[2022.10.11-14.55.53:357][  0]LogD3D11RHI:    2. 'Microsoft Basic Render Driver' (Feature Level 11_0)
[2022.10.11-14.55.53:358][  0]LogD3D11RHI:       0/0/4029 MB DedicatedVideo/DedicatedSystem/SharedSystem, Outputs:0, VendorId:0x1414
[2022.10.11-14.55.53:358][  0]LogD3D11RHI: Chosen D3D11 Adapter:
[2022.10.11-14.55.53:358][  0]LogD3D11RHI:     Description : NVIDIA GeForce RTX 2060
[2022.10.11-14.55.53:358][  0]LogD3D11RHI:     VendorId    : 10de
[2022.10.11-14.55.53:358][  0]LogD3D11RHI:     DeviceId    : 1f15
[2022.10.11-14.55.53:358][  0]LogD3D11RHI:     SubSysId    : 3f8c17aa
[2022.10.11-14.55.53:358][  0]LogD3D11RHI:     Revision    : 00a1
[2022.10.11-14.55.53:358][  0]LogD3D11RHI:     DedicatedVideoMemory : 6270484480 bytes
[2022.10.11-14.55.53:358][  0]LogD3D11RHI:     DedicatedSystemMemory : 0 bytes
[2022.10.11-14.55.53:358][  0]LogD3D11RHI:     SharedSystemMemory : 4225654784 bytes
[2022.10.11-14.55.53:358][  0]LogD3D11RHI:     AdapterLuid : 0 69678
[2022.10.11-14.55.53:363][  0]LogD3D11RHI: Creating new Direct3DDevice
[2022.10.11-14.55.53:363][  0]LogD3D11RHI:     GPU DeviceId: 0x1f15 (for the marketing name, search the web for "GPU Device Id")
[2022.10.11-14.55.53:363][  0]LogWindows: EnumDisplayDevices:
[2022.10.11-14.55.53:363][  0]LogWindows:    0. 'Intel(R) UHD Graphics' (P:1 D:1)
[2022.10.11-14.55.53:364][  0]LogWindows:    1. 'Intel(R) UHD Graphics' (P:0 D:0)
[2022.10.11-14.55.53:364][  0]LogWindows:    2. 'Intel(R) UHD Graphics' (P:0 D:0)
[2022.10.11-14.55.53:364][  0]LogWindows:    3. 'NVIDIA GeForce RTX 2060' (P:0 D:0)
[2022.10.11-14.55.53:364][  0]LogWindows:    4. 'NVIDIA GeForce RTX 2060' (P:0 D:0)
[2022.10.11-14.55.53:364][  0]LogWindows:    5. 'NVIDIA GeForce RTX 2060' (P:0 D:0)
[2022.10.11-14.55.53:364][  0]LogWindows:    6. 'NVIDIA GeForce RTX 2060' (P:0 D:0)
[2022.10.11-14.55.53:364][  0]LogWindows: DebugString: PrimaryIsNotTheChoosenAdapter PrimaryIsNotTheChoosenAdapter PrimaryIsNotTheChoosenAdapter FoundDriverCount:4 
[2022.10.11-14.55.53:364][  0]LogD3D11RHI:     Adapter Name: NVIDIA GeForce RTX 2060
[2022.10.11-14.55.53:364][  0]LogD3D11RHI:   Driver Version: 517.00 (internal:31.0.15.1700, unified:517.00)
[2022.10.11-14.55.53:364][  0]LogD3D11RHI:      Driver Date: 8-2-2022
[2022.10.11-14.55.53:364][  0]LogRHI: Texture pool is 4186 MB (70% of 5980 MB)
[2022.10.11-14.55.53:364][  0]LogD3D11RHI: Creating D3DDevice using adapter:
[2022.10.11-14.55.53:364][  0]LogD3D11RHI:     Description : NVIDIA GeForce RTX 2060
[2022.10.11-14.55.53:364][  0]LogD3D11RHI:     VendorId    : 10de
[2022.10.11-14.55.53:364][  0]LogD3D11RHI:     DeviceId    : 1f15
[2022.10.11-14.55.53:364][  0]LogD3D11RHI:     SubSysId    : 3f8c17aa
[2022.10.11-14.55.53:364][  0]LogD3D11RHI:     Revision    : 00a1
[2022.10.11-14.55.53:364][  0]LogD3D11RHI:     DedicatedVideoMemory : 6270484480 bytes
[2022.10.11-14.55.53:364][  0]LogD3D11RHI:     DedicatedSystemMemory : 0 bytes
[2022.10.11-14.55.53:364][  0]LogD3D11RHI:     SharedSystemMemory : 4225654784 bytes
[2022.10.11-14.55.53:365][  0]LogD3D11RHI:     AdapterLuid : 0 69678
[2022.10.11-14.55.53:427][  0]LogD3D11RHI: RHI has support for 64 bit atomics
[2022.10.11-14.55.53:427][  0]LogD3D11RHI: Async texture creation enabled
[2022.10.11-14.55.53:427][  0]LogD3D11RHI: Array index from any shader is supported
[2022.10.11-14.55.53:450][  0]LogD3D11RHI: GPU Timing Frequency: 1000.000000 (Debug: 2 1)
[2022.10.11-14.55.53:482][  0]LogRHI: GeForceNow SDK initialized: 1
[2022.10.11-14.55.53:741][  0]LogTargetPlatformManager: Display: Loaded TargetPlatform 'WindowsNoEditor'
[2022.10.11-14.55.53:746][  0]LogTargetPlatformManager: Display: Loaded TargetPlatform 'Windows'
[2022.10.11-14.55.53:749][  0]LogTargetPlatformManager: Display: Loaded TargetPlatform 'WindowsClient'
[2022.10.11-14.55.53:753][  0]LogTargetPlatformManager: Display: Loaded TargetPlatform 'WindowsServer'
[2022.10.11-14.55.53:753][  0]LogTargetPlatformManager: Display: Building Assets For Windows
[2022.10.11-14.55.53:759][  0]LogAudioDebug: Display: Lib vorbis DLL was dynamically loaded.
[2022.10.11-14.55.53:783][  0]LogTextureFormatOodle: Display: Oodle Texture 2.9.0 init RDO Off
[2022.10.11-14.55.53:805][  0]LogRendererCore: Ray tracing is disabled. Reason: r.RayTracing=0.
[2022.10.11-14.55.53:805][  0]LogShaderCompilers: Guid format shader working directory is -17 characters bigger than the processId version (../../../../../../Users/hetja/Documents/Mafia/MafiaThirdPerson/Intermediate/Shaders/WorkingDirectory/21596/).
[2022.10.11-14.55.53:805][  0]LogShaderCompilers: Cleaned the shader compiler working directory 'C:/Users/hetja/AppData/Local/Temp/UnrealShaderWorkingDir/4B19D50D49F0DA2E186909A34AE451D2/'.
[2022.10.11-14.55.53:805][  0]LogXGEController: Cannot use XGE Controller as Incredibuild is not installed on this machine.
[2022.10.11-14.55.53:805][  0]LogShaderCompilers: Cannot use XGE Shader Compiler as Incredibuild is not installed on this machine.
[2022.10.11-14.55.53:806][  0]LogShaderCompilers: Display: Using Local Shader Compiler.
[2022.10.11-14.55.54:498][  0]LogDerivedDataCache: Display: Max Cache Size: 512 MB
[2022.10.11-14.55.54:560][  0]LogDerivedDataCache: Loaded boot cache 0.06s 94MB C:/Users/hetja/AppData/Local/UnrealEngine/4.27/DerivedDataCache/Boot.ddc.
[2022.10.11-14.55.54:560][  0]LogDerivedDataCache: Display: Loaded Boot cache: C:/Users/hetja/AppData/Local/UnrealEngine/4.27/DerivedDataCache/Boot.ddc
[2022.10.11-14.55.54:560][  0]LogDerivedDataCache: FDerivedDataBackendGraph:  Pak pak cache file ../../../../../../Users/hetja/Documents/Mafia/MafiaThirdPerson/DerivedDataCache/DDC.ddp not found, will not use a pak cache.
[2022.10.11-14.55.54:560][  0]LogDerivedDataCache: Unable to find inner node Pak for hierarchical cache Hierarchy.
[2022.10.11-14.55.54:561][  0]LogDerivedDataCache: FDerivedDataBackendGraph:  CompressedPak pak cache file ../../../../../../Users/hetja/Documents/Mafia/MafiaThirdPerson/DerivedDataCache/Compressed.ddp not found, will not use a pak cache.
[2022.10.11-14.55.54:561][  0]LogDerivedDataCache: Unable to find inner node CompressedPak for hierarchical cache Hierarchy.
[2022.10.11-14.55.54:575][  0]LogDerivedDataCache: Display: Pak cache opened for reading ../../../Engine/DerivedDataCache/Compressed.ddp.
[2022.10.11-14.55.54:575][  0]LogDerivedDataCache: FDerivedDataBackendGraph:  EnterprisePak pak cache file ../../../Enterprise/DerivedDataCache/Compressed.ddp not found, will not use a pak cache.
[2022.10.11-14.55.54:575][  0]LogDerivedDataCache: Unable to find inner node EnterprisePak for hierarchical cache Hierarchy.
[2022.10.11-14.55.54:582][  0]LogDerivedDataCache: Speed tests for C:/Users/hetja/AppData/Local/UnrealEngine/Common/DerivedDataCache took 0.01 seconds
[2022.10.11-14.55.54:582][  0]LogDerivedDataCache: Display: Performance to C:/Users/hetja/AppData/Local/UnrealEngine/Common/DerivedDataCache: Latency=0.02ms. RandomReadSpeed=279.50MBs, RandomWriteSpeed=246.27MBs. Assigned SpeedClass 'Local'
[2022.10.11-14.55.54:583][  0]LogDerivedDataCache: Using Local data cache path C:/Users/hetja/AppData/Local/UnrealEngine/Common/DerivedDataCache: Writable
[2022.10.11-14.55.54:583][  0]LogDerivedDataCache: Shared data cache path not found in *engine.ini, will not use an Shared cache.
[2022.10.11-14.55.54:583][  0]LogDerivedDataCache: Unable to find inner node Shared for hierarchical cache Hierarchy.
[2022.10.11-14.55.54:614][  0]LogSlate: Using FreeType 2.10.0
[2022.10.11-14.55.54:614][  0]LogSlate: SlateFontServices - WITH_FREETYPE: 1, WITH_HARFBUZZ: 1
[2022.10.11-14.55.54:713][  0]LogInit: Using OS detected language (en-US).
[2022.10.11-14.55.54:713][  0]LogInit: Using OS detected locale (is-IS).
[2022.10.11-14.55.54:713][  0]LogTextLocalizationManager: No localization for 'en-US' exists, so 'en' will be used for the language.
[2022.10.11-14.55.54:713][  0]LogTextLocalizationManager: No localization for 'is-IS' exists, so 'en' will be used for the locale.
[2022.10.11-14.55.54:717][  0]LogTextLocalizationManager: Compacting localization data took   0.01ms
[2022.10.11-14.55.54:717][  0]LogAssetRegistry: FAssetRegistry took 0.0031 seconds to start up
[2022.10.11-14.55.54:929][  0]LogPackageLocalizationCache: Processed 27 localized package path(s) for 1 prioritized culture(s) in 0.001007 seconds
[2022.10.11-14.55.54:986][  0]LogInit: Selected Device Profile: [Windows]
[2022.10.11-14.55.54:986][  0]LogInit: Active device profile: [000001DBDA627900][000001DBD35B4F80 49] Windows
[2022.10.11-14.55.54:986][  0]LogInit: Profiles: [000001DBDA627900][000001DBD35B4F80 49] Windows, [000001DBDA5F0800][000001DBD35BD100 49] WindowsNoEditor, [000001DBDA624800][000001DBD35C1280 49] WindowsServer, [000001DBDA5F2E00][000001DBD9D95400 49] WindowsClient, [000001DBDA626D00][000001DBD9D99580 49] IOS, [000001DBDA5F3400][000001DBD35B96C0 49] iPadAir, [000001DBDA627300][000001DBD9D9D800 49] iPadAir2, [000001DBDA587800][000001DBD9DA5A40 49] IPadPro, [000001DBDA587900][000001DBD9DA1A80 49] iPadAir3, [000001DBDA626F00][000001DBD9DADC00 49] iPadAir4, [000001DBDA584D00][000001DBD9DB0200 49] iPadMini2, [000001DBDA626700][000001DBD9DB4380 49] iPadMini3, [000001DBDA586800][000001DBD9DB8500 49] iPadMini4, [000001DBDA626900][000001DBD9DBC680 49] iPadMini5, [000001DBDA5DB100][000001DBD9DC4940 49] iPhone6, [000001DBDA5DB200][000001DBD9DC0980 49] iPodTouch6, [000001DBDA586000][000001DBD9DCCC40 49] iPhone7, [000001DBDA586100][000001DBD9DC8C80 49] iPodTouch7, [000001DBDA5D8C00][000001DBD3762E00 49] iPhone5S, [000001DBDA587B00][000001DBD3766F80 49] iPhone6Plus, [000001DBDA5DA900][000001DBD376B100 49] iPhone6S, [000001DBDA586C00][000001DBD376F280 49] iPhone6SPlus, [000001DBDA5DAF00][000001DBD3773400 49] iPhone7Plus, [000001DBDA584800][000001DBD3777580 49] iPhoneSE, [000001DBDA5DA200][000001DBD377B700 49] iPhone8, [000001DBDA586900][000001DBD377F880 49] iPhone8Plus, [000001DBDA5DB500][000001DBD9DA99C0 49] iPhoneX, [000001DBDA585A00][000001DBD3783B00 49] iPhoneXS, [000001DBDA5D8800][000001DBD37860C0 49] iPhoneXSMax, [000001DBDA587000][000001DBD378E240 49] iPhoneXR, [000001DBDA5DAA00][000001DBD37923C0 49] iPhone11, [000001DBDA584900][000001DBD3796540 49] iPhone11Pro, [000001DBDA5D8200][000001DBD379A6C0 49] iPhone11ProMax, [000001DBDA585D00][000001DBD379E840 49] iPhoneSE2, [000001DBDA5DA600][000001DBD37A29C0 49] iPhone12Mini, [000001DBDA587F00][000001DBD37A6B40 49] iPhone12, [000001DBDA5D8F00][000001DBD37AACC0 49] iPhone12Pro, [000001DBDA585100][000001DBD37AEE40 49] iPhone12ProMax, [000001DBDA5D8D00][000001DBD37B2FC0 49] iPadPro105, [000001DBDA584C00][000001DBD37B7140 49] iPadPro129, [000001DBDA5DAC00][000001DBD37BB2C0 49] iPadPro97, [000001DBDA586200][000001DBD37BF440 49] iPadPro2_129, [000001DBDA5D9000][000001DBD37C35C0 49] iPad5, [000001DBDA585C00][000001DBD37C7740 49] iPad6, [000001DBDA5DAB00][000001DBD37CB8C0 49] iPad7, [000001DBDA584500][000001DBD37CFA40 49] iPad8, [000001DBDA5DB600][000001DBD378BB80 49] iPadPro11, [000001DBDA584700][000001DBD37D2140 49] iPadPro2_11, [000001DBDA5D9A00][000001DBD37D6280 49] iPadPro3_129, [000001DBDA587A00][000001DBD37DA3C0 49] iPadPro4_129, [000001DBDA5D9700][000001DBD37E2540 49] AppleTV, [000001DBDA585E00][000001DBD37E66C0 49] AppleTV4K, [000001DBDA5D9800][000001DBD37EA840 49] TVOS, [000001DBDA585900][000001DBD37EE9C0 49] Mac, [000001DBDA5D8600][000001DBD37F2B40 49] MacClient, [000001DBDA585000][000001DBD37F6CC0 49] MacNoEditor, [000001DBDA5F0D00][000001DBD37FAE40 49] MacServer, [000001DBDA669200][000001DBD37FEFC0 49] Linux, [000001DBDA5F0C00][000001DBD3803140 49] LinuxAArch64, [000001DBDA669C00][000001DBD38072C0 49] LinuxNoEditor, [000001DBDA5F2000][000001DBD380B440 49] LinuxAArch64NoEditor, [000001DBDA669800][000001DBD380F5C0 49] LinuxClient, [000001DBDA5F1700][000001DBD3813740 49] LinuxAArch64Client, [000001DBDA669B00][000001DBD38178C0 49] LinuxServer, [000001DBDA5F2800][000001DBD381BA40 49] LinuxAArch64Server, [000001DBDA669500][000001DBD381FBC0 49] Android, [000001DBDA5F2A00][000001DBD37DE180 49] Android_Low, [000001DBDA669E00][000001DBD38222C0 49] Android_Mid, [000001DBDA5F3B00][000001DBD3826400 49] Android_High, [000001DBDA668E00][000001DBD382A540 49] Android_Default, [000001DBDA5F0400][000001DBD38326C0 49] Android_Adreno4xx, [000001DBDA669A00][000001DBD3836840 49] Android_Adreno5xx_Low, [000001DBDA5F3000][000001DBD383A9C0 49] Android_Adreno5xx, [000001DBDA66A000][000001DBD383EB40 49] Android_Adreno6xx, [000001DBDA5F3600][000001DBD3842CC0 49] Android_Adreno6xx_Vulkan, [000001DBDA66B000][000001DBD3846E40 49] Android_Mali_T6xx, [000001DBDA5F0500][000001DBD384AFC0 49] Android_Mali_T7xx, [000001DBDA669F00][000001DBD384F140 49] Android_Mali_T8xx, [000001DBDA5F2D00][000001DBD38532C0 49] Android_Mali_G71, [000001DBDA66AD00][000001DBD3857440 49] Android_Mali_G72, [000001DBDA585200][000001DBD385B5C0 49] Android_Mali_G72_Vulkan, [000001DBDA66A100][000001DBD385F740 49] Android_Mali_G76, [000001DBDA586700][000001DBD38638C0 49] Android_Mali_G76_Vulkan, [000001DBDA66A800][000001DBD3867A40 49] Android_Mali_G77, [000001DBDA584E00][000001DBD386BBC0 49] Android_Mali_G77_Vulkan, [000001DBDA668D00][000001DBD386E1C0 49] Android_Mali_G78, [000001DBDA587E00][000001DBD3872340 49] Android_Mali_G78_Vulkan, [000001DBDA66A300][000001DBD382E480 49] Android_Mali_G710, [000001DBDA587500][000001DBD38765C0 49] Android_Mali_G710_Vulkan, [000001DBDA66A900][000001DBD387A700 49] Android_Vulkan_SM5, [000001DBDA584100][000001DBD3882880 49] Android_PowerVR_G6xxx, [000001DBDA669700][000001DBD3886A00 49] Android_PowerVR_GT7xxx, [000001DBDA584F00][000001DBD388AB80 49] Android_PowerVR_GE8xxx, [000001DBDA668500][000001DBD388ED00 49] Android_PowerVR_GM9xxx, [000001DBDA587400][000001DBD3892E80 49] Android_PowerVR_GM9xxx_Vulkan, [000001DBDA66A500][000001DBD3897000 49] Android_TegraK1, [000001DBDA585300][000001DBD389B180 49] Android_Unknown_Vulkan, [000001DBDA668300][000001DBD389F300 49] Lumin, [000001DBDA587700][000001DBD38A3480 49] Lumin_Desktop, [000001DBDA669100][000001DBD38A7600 49] HoloLens, 
[2022.10.11-14.55.55:019][  0]LogMeshReduction: Using QuadricMeshReduction for automatic static mesh reduction
[2022.10.11-14.55.55:019][  0]LogMeshReduction: Using SimplygonMeshReduction for automatic skeletal mesh reduction
[2022.10.11-14.55.55:019][  0]LogMeshReduction: Using ProxyLODMeshReduction for automatic mesh merging
[2022.10.11-14.55.55:019][  0]LogMeshReduction: No distributed automatic mesh merging module available
[2022.10.11-14.55.55:019][  0]LogMeshMerging: No distributed automatic mesh merging module available
[2022.10.11-14.55.55:107][  0]LogNetVersion: MafiaThirdPerson 1.0.0, NetCL: 17155196, EngineNetVer: 17, GameNetVer: 0 (Checksum: 2339536633)
[2022.10.11-14.55.55:307][  0]LogTexture: Default maximum texture size for cubemaps generated from long-lat sources has been changed from 512 to unlimited. In order to preserve old behaiour for '/Engine/MapTemplates/Sky/DaylightAmbientCubemap.DaylightAmbientCubemap', its maximum texture size has been explicitly set to 512.
[2022.10.11-14.55.55:360][  0]LogHMD: PokeAHoleMaterial loaded successfully
[2022.10.11-14.55.55:441][  0]LogMoviePlayer: Initializing movie player
[2022.10.11-14.55.55:538][  0]LogNiagaraDebuggerClient: Niagara Debugger Client Initialized | Session: 7AB6FFEA4BDF0A957BD0D89D7AF17DD9 | Instance: 3AD88DA14AF7C565EB8E02B80832FFDB (LAPTOP-OUSCLS3R-21596).
[2022.10.11-14.55.55:555][  0]LogCollectionManager: Loaded 0 collections in 0.001710 seconds
[2022.10.11-14.55.55:556][  0]LogFileCache: Scanning file cache for directory 'C:/Users/hetja/Documents/Mafia/MafiaThirdPerson/Saved/Collections/' took 0.00s
[2022.10.11-14.55.55:556][  0]LogFileCache: Scanning file cache for directory 'C:/Users/hetja/Documents/Mafia/MafiaThirdPerson/Content/Developers/hetja/Collections/' took 0.00s
[2022.10.11-14.55.55:556][  0]LogFileCache: Scanning file cache for directory 'C:/Users/hetja/Documents/Mafia/MafiaThirdPerson/Content/Collections/' took 0.00s
[2022.10.11-14.55.55:556][  0]LogCollectionManager: Fixed up redirectors for 0 collections in 0.000001 seconds (updated 0 objects)
[2022.10.11-14.55.55:576][  0]LogPython: Using Python 3.7.7
[2022.10.11-14.55.56:201][  0]LogTcpMessaging: Initializing TcpMessaging bridge
[2022.10.11-14.55.56:211][  0]LogUdpMessaging: Initializing bridge on interface 0.0.0.0:0 to multicast group 230.0.0.1:6666.
[2022.10.11-14.55.56:374][  0]LogOpenImageDenoise: OIDN starting up
[2022.10.11-14.55.56:384][  0]SourceControl: Source control is disabled
[2022.10.11-14.55.56:384][  0]SourceControl: Source control is disabled
[2022.10.11-14.55.56:387][  0]SourceControl: Source control is disabled
[2022.10.11-14.55.56:392][  0]LogUProjectInfo: Found projects:
[2022.10.11-14.55.56:440][  0]LogAndroidPermission: UAndroidPermissionCallbackProxy::GetInstance
[2022.10.11-14.55.56:482][  0]LogAudioCaptureCore: Display: No Audio Capture implementations found. Audio input will be silent.
[2022.10.11-14.55.56:482][  0]LogAudioCaptureCore: Display: No Audio Capture implementations found. Audio input will be silent.
[2022.10.11-14.55.56:528][  0]LogOcInput: OculusInput pre-init called
[2022.10.11-14.55.56:537][  0]LogUObjectArray: 22121 objects as part of root set at end of initial load.
[2022.10.11-14.55.56:537][  0]LogUObjectAllocator: 5975632 out of 0 bytes used by permanent object pool.
[2022.10.11-14.55.56:537][  0]LogUObjectArray: CloseDisregardForGC: 0/0 objects in disregard for GC pool
[2022.10.11-14.55.56:583][  0]LogEngine: Initializing Engine...
[2022.10.11-14.55.56:586][  0]LogHMD: Failed to enumerate extensions. Please check that you have a valid OpenXR runtime installed.
[2022.10.11-14.55.56:586][  0]LogHMD: Failed to initialize OpenVR with code 110
[2022.10.11-14.55.56:586][  0]LogMagicLeap: Warning: VR disabled because ZI is not enabled.  To enable, in the editor, Edit -> Project Settings -> Plugins -> Magic Leap Plugin -> Enable Zero Iteration
[2022.10.11-14.55.56:587][  0]LogStats: UGameplayTagsManager::InitializeManager -  0.000 s
[2022.10.11-14.55.56:701][  0]LogInit: Initializing FReadOnlyCVARCache
[2022.10.11-14.55.56:701][  0]LogAudio: Display: Initializing Audio Device Manager...
[2022.10.11-14.55.56:706][  0]LogAudio: Display: Loading Default Audio Settings Objects...
[2022.10.11-14.55.56:707][  0]LogAudio: Display: No default SoundConcurrencyObject specified (or failed to load).
[2022.10.11-14.55.56:708][  0]LogAudio: Display: Audio Device Manager Initialized
[2022.10.11-14.55.56:708][  0]LogAudio: Display: Creating Audio Device:                 Id: 1, Scope: Shared, Realtime: True
[2022.10.11-14.55.56:708][  0]LogAudioMixer: Display: Audio Mixer Platform Settings:
[2022.10.11-14.55.56:708][  0]LogAudioMixer: Display: 	Sample Rate:						  48000
[2022.10.11-14.55.56:708][  0]LogAudioMixer: Display: 	Callback Buffer Frame Size Requested: 1024
[2022.10.11-14.55.56:708][  0]LogAudioMixer: Display: 	Callback Buffer Frame Size To Use:	  1024
[2022.10.11-14.55.56:708][  0]LogAudioMixer: Display: 	Number of buffers to queue:			  2
[2022.10.11-14.55.56:708][  0]LogAudioMixer: Display: 	Max Channels (voices):				  32
[2022.10.11-14.55.56:708][  0]LogAudioMixer: Display: 	Number of Async Source Workers:		  0
[2022.10.11-14.55.56:708][  0]LogAudio: Display: AudioDevice MaxSources: 32
[2022.10.11-14.55.56:708][  0]LogAudio: Display: Audio Spatialization Plugin: None (built-in).
[2022.10.11-14.55.56:708][  0]LogAudio: Display: Audio Reverb Plugin: None (built-in).
[2022.10.11-14.55.56:708][  0]LogAudio: Display: Audio Occlusion Plugin: None (built-in).
[2022.10.11-14.55.56:708][  0]LogAudioMixer: Display: Initializing audio mixer.
[2022.10.11-14.55.56:739][  0]LogAudioMixer: Display: 0: FrontLeft
[2022.10.11-14.55.56:739][  0]LogAudioMixer: Display: 1: FrontRight
[2022.10.11-14.55.56:756][  0]LogAudioMixer: Display: Using Audio Device Headphones (Bose QC45 Stereo)
[2022.10.11-14.55.56:760][  0]LogAudioMixer: Display: Initializing Sound Submixes...
[2022.10.11-14.55.56:764][  0]LogAudioMixer: Display: Creating Master Submix 'MasterSubmixDefault'
[2022.10.11-14.55.56:764][  0]LogAudioMixer: Display: Creating Master Submix 'MasterReverbSubmixDefault'
[2022.10.11-14.55.56:765][  0]LogAudioMixer: Display: Creating Master Submix 'MasterEQSubmixDefault'
[2022.10.11-14.55.56:765][  0]LogAudioMixer: FMixerPlatformXAudio2::StartAudioStream() called
[2022.10.11-14.55.56:765][  0]LogAudioMixer: Display: Output buffers initialized: Frames=1024, Channels=2, Samples=2048
[2022.10.11-14.55.56:765][  0]LogAudioMixer: Display: Starting AudioMixerPlatformInterface::RunInternal()
[2022.10.11-14.55.56:765][  0]LogAudioMixer: Display: FMixerPlatformXAudio2::SubmitBuffer() called for the first time
[2022.10.11-14.55.56:765][  0]LogInit: FAudioDevice initialized.
[2022.10.11-14.55.56:767][  0]LogNetVersion: Set ProjectVersion to 1.0.0.0. Version Checksum will be recalculated on next use.
[2022.10.11-14.55.56:769][  0]LogInit: Texture streaming: Enabled
[2022.10.11-14.55.56:859][  0]LogAudio: Display: Audio Device (ID: 1) registered with world 'Untitled'.
[2022.10.11-14.55.56:859][  0]LogSlate: Updating window title bar state: overlay mode, drag disabled, window buttons hidden, title bar hidden
[2022.10.11-14.55.56:860][  0]LogInit: Display: Game Engine Initialized.
[2022.10.11-14.55.56:861][  0]LogNiagaraEditor: GEditor isn't valid! Particle reset commands will not work for Niagara components!
[2022.10.11-14.55.56:974][  0]LogInit: Display: Starting Game.
[2022.10.11-14.55.56:975][  0]LogNet: Browse: /Game/ThirdPersonBP/Maps/ThirdPersonExampleMap?Name=Player
[2022.10.11-14.55.56:976][  0]LogLoad: LoadMap: /Game/ThirdPersonBP/Maps/ThirdPersonExampleMap?Name=Player
[2022.10.11-14.55.56:976][  0]LogWorld: BeginTearingDown for /Temp/Untitled_0
[2022.10.11-14.55.56:981][  0]LogWorld: UWorld::CleanupWorld for Untitled, bSessionEnded=true, bCleanupResources=true
[2022.10.11-14.55.56:981][  0]LogSlate: InvalidateAllWidgets triggered.  All widgets were invalidated
[2022.10.11-14.55.56:989][  0]LogAudio: Display: Audio Device unregistered from world 'None'.
[2022.10.11-14.55.56:991][  0]LogUObjectHash: Compacting FUObjectHashTables data took   0.66ms
[2022.10.11-14.55.57:385][  0]LogAudio: Display: Audio Device (ID: 1) registered with world 'ThirdPersonExampleMap'.
[2022.10.11-14.55.57:394][  0]LogAIModule: Creating AISystem for world ThirdPersonExampleMap
[2022.10.11-14.55.57:397][  0]LogLoad: Game class is 'ThirdPersonGameMode_C'
[2022.10.11-14.55.57:406][  0]LogWorld: Bringing World /Game/ThirdPersonBP/Maps/ThirdPersonExampleMap.ThirdPersonExampleMap up for play (max tick rate 0) at 2022.10.11-14.55.57
[2022.10.11-14.55.57:416][  0]LogWorld: Bringing up level for play took: 0.017982
[2022.10.11-14.55.57:438][  0]LogLoad: Took 0.461832 seconds to LoadMap(/Game/ThirdPersonBP/Maps/ThirdPersonExampleMap)
[2022.10.11-14.55.57:461][  0]LogRenderer: Reallocating scene render targets to support 1284x728 Format 10 NumSamples 1 (Frame:1).
[2022.10.11-14.55.57:461][  0]LogSlate: Took 0.000726 seconds to synchronously load lazily loaded font '../../../Engine/Content/Slate/Fonts/Roboto-Regular.ttf' (155K)
[2022.10.11-14.55.57:490][  0]LogInit: Display: Engine is initialized. Leaving FEngineLoop::Init()
[2022.10.11-14.55.57:490][  0]LogLoad: (Engine Initialization) Total time: 5.95 seconds
[2022.10.11-14.55.57:490][  0]LogLoad: (Engine Initialization) Total Blueprint compile time: 0.00 seconds
[2022.10.11-14.55.57:501][  0]LogContentStreaming: Texture pool size now 1000 MB
[2022.10.11-14.55.57:733][  2]LogRenderer: Reallocating scene render targets to support 128x128 Format 10 NumSamples 1 (Frame:1).
[2022.10.11-14.55.57:766][  2]LogRenderer: Reallocating scene render targets to support 1284x728 Format 10 NumSamples 1 (Frame:2).
[2022.10.11-14.56.18:491][613]Closing by request
[2022.10.11-14.56.18:491][613]LogWindows: FPlatformMisc::RequestExit(0)
[2022.10.11-14.56.18:491][613]LogWindows: FPlatformMisc::RequestExitWithStatus(0, 0)
[2022.10.11-14.56.18:491][613]LogCore: Engine exit requested (reason: Win RequestExit)
[2022.10.11-14.56.18:493][614]LogCore: Engine exit requested (reason: EngineExit() was called; note: exit was already requested)
[2022.10.11-14.56.18:494][614]LogInit: Display: PreExit Game.
[2022.10.11-14.56.18:507][614]LogWorld: BeginTearingDown for /Game/ThirdPersonBP/Maps/ThirdPersonExampleMap
[2022.10.11-14.56.18:509][614]LogWorld: UWorld::CleanupWorld for ThirdPersonExampleMap, bSessionEnded=true, bCleanupResources=true
[2022.10.11-14.56.18:510][614]LogSlate: InvalidateAllWidgets triggered.  All widgets were invalidated
[2022.10.11-14.56.18:602][614]LogAudio: Display: Beginning Audio Device Manager Shutdown (Module: AudioMixerXAudio2)...
[2022.10.11-14.56.18:602][614]LogAudio: Display: Destroying 1 Remaining Audio Device(s)...
[2022.10.11-14.56.18:602][614]LogAudio: Display: Audio Device unregistered from world 'ThirdPersonExampleMap'.
[2022.10.11-14.56.18:605][614]LogAudioMixer: FMixerPlatformXAudio2::StopAudioStream() called
[2022.10.11-14.56.18:606][614]LogAudioMixer: FMixerPlatformXAudio2::StopAudioStream() called
[2022.10.11-14.56.18:609][614]LogAudio: Display: Audio Device Manager Shutdown
[2022.10.11-14.56.18:617][614]LogSlate: Window 'MafiaThirdPerson (64-bit Development PCD3D_SM5) ' being destroyed
[2022.10.11-14.56.18:617][614]LogWindowsTextInputMethodSystem: Display: IME system deactivated.
[2022.10.11-14.56.18:621][614]LogWindowsTextInputMethodSystem: Display: IME system deactivated.
[2022.10.11-14.56.18:630][614]LogExit: Preparing to exit.
[2022.10.11-14.56.19:282][614]LogUObjectHash: Compacting FUObjectHashTables data took   0.98ms
[2022.10.11-14.56.19:313][614]LogMoviePlayer: Shutting down movie player
[2022.10.11-14.56.19:445][614]LogSlate: Updating window title bar state: overlay mode, drag disabled, window buttons hidden, title bar hidden
[2022.10.11-14.56.19:474][614]LogExit: Game engine shut down
[2022.10.11-14.56.19:476][614]LogDemo: Cleaned up 0 splitscreen connections with owner deletion
[2022.10.11-14.56.19:572][614]LogExit: Object subsystem successfully closed.
[2022.10.11-14.56.19:577][614]LogShaderCompilers: Display: === FShaderJobCache stats ===
[2022.10.11-14.56.19:577][614]LogShaderCompilers: Display: Total job queries 0, among them cache hits 0 (0.00%)
[2022.10.11-14.56.19:577][614]LogShaderCompilers: Display: Tracking 0 distinct input hashes that result in 0 distinct outputs (0.00%)
[2022.10.11-14.56.19:577][614]LogShaderCompilers: Display: RAM used: 0.00 MB (0.00 GB) of 409.60 MB (0.40 GB) budget. Usage: 0.00%
[2022.10.11-14.56.19:577][614]LogShaderCompilers: Display: ================================================
[2022.10.11-14.56.19:588][614]LogShaderCompilers: Display: Shaders left to compile 0
[2022.10.11-14.56.19:633][614]LogModuleManager: Shutting down and abandoning module SequenceRecorderSections (560)
[2022.10.11-14.56.19:633][614]LogModuleManager: Shutting down and abandoning module SequenceRecorder (558)
[2022.10.11-14.56.19:633][614]LogModuleManager: Shutting down and abandoning module AutomationController (556)
[2022.10.11-14.56.19:634][614]LogModuleManager: Shutting down and abandoning module AutomationWorker (554)
[2022.10.11-14.56.19:634][614]LogModuleManager: Shutting down and abandoning module Voice (552)
[2022.10.11-14.56.19:634][614]LogModuleManager: Shutting down and abandoning module AIModule (550)
[2022.10.11-14.56.19:634][614]LogModuleManager: Shutting down and abandoning module GameplayDebugger (549)
[2022.10.11-14.56.19:634][614]LogModuleManager: Shutting down and abandoning module AITestSuite (547)
[2022.10.11-14.56.19:634][614]LogModuleManager: Shutting down and abandoning module NavigationSystem (545)
[2022.10.11-14.56.19:634][614]LogModuleManager: Shutting down and abandoning module AnimGraph (542)
[2022.10.11-14.56.19:635][614]LogModuleManager: Shutting down and abandoning module SteamVREditor (540)
[2022.10.11-14.56.19:635][614]LogModuleManager: Shutting down and abandoning module ToolMenus (539)
[2022.10.11-14.56.19:635][614]LogModuleManager: Shutting down and abandoning module OculusMR (536)
[2022.10.11-14.56.19:635][614]LogModuleManager: Shutting down and abandoning module TakeRecorderSources (534)
[2022.10.11-14.56.19:636][614]LogModuleManager: Shutting down and abandoning module TakeRecorder (533)
[2022.10.11-14.56.19:637][614]LogModuleManager: Shutting down and abandoning module TakeTrackRecorders (530)
[2022.10.11-14.56.19:637][614]LogModuleManager: Shutting down and abandoning module TakesCore (528)
[2022.10.11-14.56.19:637][614]LogModuleManager: Shutting down and abandoning module OpenXRInput (526)
[2022.10.11-14.56.19:637][614]LogModuleManager: Shutting down and abandoning module WmfMediaFactory (524)
[2022.10.11-14.56.19:637][614]LogModuleManager: Shutting down and abandoning module WebMMediaFactory (522)
[2022.10.11-14.56.19:637][614]LogModuleManager: Shutting down and abandoning module WebMMedia (520)
[2022.10.11-14.56.19:638][614]LogModuleManager: Shutting down and abandoning module OpenExrWrapper (518)
[2022.10.11-14.56.19:638][614]LogModuleManager: Shutting down and abandoning module ImgMediaFactory (516)
[2022.10.11-14.56.19:638][614]LogModuleManager: Shutting down and abandoning module MagicLeapMediaCodecFactory (514)
[2022.10.11-14.56.19:638][614]LogModuleManager: Shutting down and abandoning module MagicLeapMediaFactory (512)
[2022.10.11-14.56.19:638][614]LogModuleManager: Shutting down and abandoning module AvfMediaFactory (510)
[2022.10.11-14.56.19:638][614]LogModuleManager: Shutting down and abandoning module PlanarCut (508)
[2022.10.11-14.56.19:638][614]LogModuleManager: Shutting down and abandoning module CharacterAI (506)
[2022.10.11-14.56.19:638][614]LogModuleManager: Shutting down and abandoning module SessionServices (504)
[2022.10.11-14.56.19:638][614]LogModuleManager: Shutting down and abandoning module MovieSceneCapture (502)
[2022.10.11-14.56.19:638][614]LogModuleManager: Shutting down and abandoning module LiveCoding (500)
[2022.10.11-14.56.19:638][614]LogModuleManager: Shutting down and abandoning module LevelSequence (498)
[2022.10.11-14.56.19:638][614]LogModuleManager: Shutting down and abandoning module MovieSceneTracks (496)
[2022.10.11-14.56.19:638][614]LogModuleManager: Shutting down and abandoning module MovieScene (494)
[2022.10.11-14.56.19:639][614]LogModuleManager: Shutting down and abandoning module StreamingPauseRendering (492)
[2022.10.11-14.56.19:639][614]LogModuleManager: Shutting down and abandoning module PortalServices (490)
[2022.10.11-14.56.19:639][614]LogModuleManager: Shutting down and abandoning module PortalRpc (488)
[2022.10.11-14.56.19:639][614]LogModuleManager: Shutting down and abandoning module MessagingRpc (486)
[2022.10.11-14.56.19:639][614]LogModuleManager: Shutting down and abandoning module AudioMixerXAudio2 (484)
[2022.10.11-14.56.19:639][614]LogModuleManager: Shutting down and abandoning module AudioMixerCore (483)
[2022.10.11-14.56.19:639][614]LogModuleManager: Shutting down and abandoning module ImageWriteQueue (480)
[2022.10.11-14.56.19:639][614]LogModuleManager: Shutting down and abandoning module ProfilerService (478)
[2022.10.11-14.56.19:849][614]LogModuleManager: Shutting down and abandoning module TaskGraph (476)
[2022.10.11-14.56.19:886][614]LogModuleManager: Shutting down and abandoning module OculusInput (474)
[2022.10.11-14.56.19:886][614]LogModuleManager: Shutting down and abandoning module Synthesis (472)
[2022.10.11-14.56.19:887][614]LogModuleManager: Shutting down and abandoning module ProceduralMeshComponent (470)
[2022.10.11-14.56.19:887][614]LogModuleManager: Shutting down and abandoning module TakeMovieScene (468)
[2022.10.11-14.56.19:887][614]LogModuleManager: Shutting down and abandoning module MobilePatchingUtils (466)
[2022.10.11-14.56.19:887][614]LogModuleManager: Shutting down and abandoning module AudioCapture (464)
[2022.10.11-14.56.19:887][614]LogModuleManager: Shutting down and abandoning module AudioCaptureRtAudio (463)
[2022.10.11-14.56.19:887][614]LogModuleManager: Shutting down and abandoning module GooglePAD (460)
[2022.10.11-14.56.19:887][614]LogModuleManager: Shutting down and abandoning module EditableMesh (458)
[2022.10.11-14.56.19:887][614]LogModuleManager: Shutting down and abandoning module CustomMeshComponent (456)
[2022.10.11-14.56.19:887][614]LogModuleManager: Shutting down and abandoning module CableComponent (454)
[2022.10.11-14.56.19:887][614]LogModuleManager: Shutting down and abandoning module AssetTags (452)
[2022.10.11-14.56.19:887][614]LogModuleManager: Shutting down and abandoning module ArchVisCharacter (450)
[2022.10.11-14.56.19:888][614]LogModuleManager: Shutting down and abandoning module AppleImageUtilsBlueprintSupport (448)
[2022.10.11-14.56.19:888][614]LogModuleManager: Shutting down and abandoning module AppleImageUtils (446)
[2022.10.11-14.56.19:888][614]LogModuleManager: Shutting down and abandoning module AndroidPermission (444)
[2022.10.11-14.56.19:888][614]LogModuleManager: Shutting down and abandoning module ActorLayerUtilities (442)
[2022.10.11-14.56.19:888][614]LogModuleManager: Shutting down and abandoning module TemplateSequence (440)
[2022.10.11-14.56.19:888][614]LogModuleManager: Shutting down and abandoning module MagicLeapSharedWorld (438)
[2022.10.11-14.56.19:888][614]LogModuleManager: Shutting down and abandoning module ImgMedia (436)
[2022.10.11-14.56.19:888][614]LogModuleManager: Shutting down and abandoning module MediaCompositing (434)
[2022.10.11-14.56.19:888][614]LogModuleManager: Shutting down and abandoning module MagicLeapLightEstimation (432)
[2022.10.11-14.56.19:888][614]LogModuleManager: Shutting down and abandoning module MagicLeapHelperVulkan (430)
[2022.10.11-14.56.19:888][614]LogModuleManager: Shutting down and abandoning module MagicLeapHelperOpenGL (428)
[2022.10.11-14.56.19:888][614]LogModuleManager: Shutting down and abandoning module MagicLeapAudio (426)
[2022.10.11-14.56.19:889][614]LogModuleManager: Shutting down and abandoning module VisualStudioSourceCodeAccess (424)
[2022.10.11-14.56.19:889][614]LogModuleManager: Shutting down and abandoning module HotReload (423)
[2022.10.11-14.56.19:889][614]LogModuleManager: Shutting down and abandoning module VisualStudioCodeSourceCodeAccess (420)
[2022.10.11-14.56.19:889][614]LogModuleManager: Shutting down and abandoning module UObjectPlugin (418)
[2022.10.11-14.56.19:889][614]LogModuleManager: Shutting down and abandoning module SubversionSourceControl (416)
[2022.10.11-14.56.19:890][614]LogModuleManager: Shutting down and abandoning module PerforceSourceControl (414)
[2022.10.11-14.56.19:891][614]LogModuleManager: Shutting down and abandoning module SourceControl (413)
[2022.10.11-14.56.19:892][614]LogModuleManager: Shutting down and abandoning module CLionSourceCodeAccess (410)
[2022.10.11-14.56.19:892][614]LogModuleManager: Shutting down and abandoning module OpenImageDenoise (408)
[2022.10.11-14.56.19:892][614]LogOpenImageDenoise: OIDN shutting down
[2022.10.11-14.56.19:892][614]LogModuleManager: Shutting down and abandoning module MotoSynth (406)
[2022.10.11-14.56.19:892][614]LogModuleManager: Shutting down and abandoning module MeshConversion (404)
[2022.10.11-14.56.19:892][614]LogModuleManager: Shutting down and abandoning module DynamicMesh (402)
[2022.10.11-14.56.19:893][614]LogModuleManager: Shutting down and abandoning module GeometryAlgorithms (400)
[2022.10.11-14.56.19:893][614]LogModuleManager: Shutting down and abandoning module GeometricObjects (398)
[2022.10.11-14.56.19:894][614]LogModuleManager: Shutting down and abandoning module GeometryCollectionTracks (396)
[2022.10.11-14.56.19:894][614]LogModuleManager: Shutting down and abandoning module GeometryCollectionSequencer (395)
[2022.10.11-14.56.19:894][614]LogModuleManager: Shutting down and abandoning module GeometryCacheTracks (392)
[2022.10.11-14.56.19:894][614]LogModuleManager: Shutting down and abandoning module GeometryCacheSequencer (391)
[2022.10.11-14.56.19:894][614]LogModuleManager: Shutting down and abandoning module GeometryCache (388)
[2022.10.11-14.56.19:894][614]LogModuleManager: Shutting down and abandoning module GeometryCacheEd (387)
[2022.10.11-14.56.19:894][614]LogModuleManager: Shutting down and abandoning module ChaosNiagara (384)
[2022.10.11-14.56.19:895][614]LogModuleManager: Shutting down and abandoning module FieldSystemEngine (383)
[2022.10.11-14.56.19:895][614]LogModuleManager: Shutting down and abandoning module BackChannel (380)
[2022.10.11-14.56.19:895][614]LogModuleManager: Shutting down and abandoning module AutomationUtils (378)
[2022.10.11-14.56.19:895][614]LogModuleManager: Shutting down and abandoning module OodleNetworkHandlerComponent (376)
[2022.10.11-14.56.19:895][614]LogModuleManager: Shutting down and abandoning module LiveLinkSequencer (374)
[2022.10.11-14.56.19:895][614]LogModuleManager: Shutting down and abandoning module LiveLinkMovieScene (372)
[2022.10.11-14.56.19:895][614]LogModuleManager: Shutting down and abandoning module LiveLinkGraphNode (370)
[2022.10.11-14.56.19:895][614]LogModuleManager: Shutting down and abandoning module LiveLinkComponents (368)
[2022.10.11-14.56.19:895][614]LogModuleManager: Shutting down and abandoning module LiveLink (366)
[2022.10.11-14.56.20:273][614]LogModuleManager: Shutting down and abandoning module SignificanceManager (364)
[2022.10.11-14.56.20:273][614]LogModuleManager: Shutting down and abandoning module SoundFields (362)
[2022.10.11-14.56.20:273][614]LogModuleManager: Shutting down and abandoning module RuntimePhysXCooking (360)
[2022.10.11-14.56.20:273][614]LogModuleManager: Shutting down and abandoning module PropertyAccessEditor (358)
[2022.10.11-14.56.20:318][614]LogModuleManager: Shutting down and abandoning module PhysXVehiclesEditor (356)
[2022.10.11-14.56.20:318][614]LogModuleManager: Shutting down and abandoning module LocationServicesBPLibrary (352)
[2022.10.11-14.56.20:318][614]LogModuleManager: Shutting down and abandoning module AudioSynesthesia (350)
[2022.10.11-14.56.20:319][614]LogModuleManager: Shutting down and abandoning module AudioSynesthesiaCore (348)
[2022.10.11-14.56.20:319][614]LogModuleManager: Shutting down and abandoning module UdpMessaging (346)
[2022.10.11-14.56.20:420][614]LogModuleManager: Shutting down and abandoning module ActorSequence (344)
[2022.10.11-14.56.20:420][614]LogModuleManager: Shutting down and abandoning module TcpMessaging (342)
[2022.10.11-14.56.20:521][614]LogModuleManager: Shutting down and abandoning module MagicLeapARPin (340)
[2022.10.11-14.56.20:521][614]LogModuleManager: Shutting down and abandoning module ImgMediaEngine (338)
[2022.10.11-14.56.20:521][614]LogModuleManager: Shutting down and abandoning module MagicLeapHandMeshing (336)
[2022.10.11-14.56.20:521][614]LogModuleManager: Shutting down and abandoning module MagicLeapSecureStorage (334)
[2022.10.11-14.56.20:521][614]LogModuleManager: Shutting down and abandoning module MagicLeapPrivileges (332)
[2022.10.11-14.56.20:521][614]LogModuleManager: Shutting down and abandoning module MagicLeapPlanes (330)
[2022.10.11-14.56.20:522][614]LogMagicLeapPlanes: Planes tracker already destroyed.
[2022.10.11-14.56.20:522][614]LogModuleManager: Shutting down and abandoning module MagicLeapImageTracker (328)
[2022.10.11-14.56.20:522][614]LogModuleManager: Shutting down and abandoning module MagicLeapIdentity (326)
[2022.10.11-14.56.20:522][614]LogModuleManager: Shutting down and abandoning module MagicLeapHandTracking (324)
[2022.10.11-14.56.20:522][614]LogModuleManager: Shutting down and abandoning module MagicLeapEyeTracker (322)
[2022.10.11-14.56.20:522][614]LogModuleManager: Shutting down and abandoning module MagicLeapController (320)
[2022.10.11-14.56.20:522][614]LogModuleManager: Shutting down and abandoning module MagicLeapARPinImpl (318)
[2022.10.11-14.56.20:522][614]LogModuleManager: Shutting down and abandoning module MagicLeapAR (316)
[2022.10.11-14.56.20:522][614]LogModuleManager: Shutting down and abandoning module PropertyAccessNode (314)
[2022.10.11-14.56.20:522][614]LogModuleManager: Shutting down and abandoning module PythonScriptPlugin (312)
[2022.10.11-14.56.20:522][614]LogModuleManager: Shutting down and abandoning module AnimationSharing (310)
[2022.10.11-14.56.20:522][614]LogModuleManager: Shutting down and abandoning module NiagaraAnimNotifies (308)
[2022.10.11-14.56.20:522][614]LogModuleManager: Shutting down and abandoning module Niagara (306)
[2022.10.11-14.56.20:524][614]LogModuleManager: Shutting down and abandoning module SignalProcessing (305)
[2022.10.11-14.56.20:524][614]LogModuleManager: Shutting down and abandoning module NiagaraEditor (303)
[2022.10.11-14.56.20:525][614]LogModuleManager: Shutting down and abandoning module ContentBrowser (302)
[2022.10.11-14.56.20:526][614]LogModuleManager: Shutting down and abandoning module CollectionManager (301)
[2022.10.11-14.56.20:527][614]LogModuleManager: Shutting down and abandoning module DirectoryWatcher (300)
[2022.10.11-14.56.20:527][614]LogModuleManager: Shutting down and abandoning module ContentBrowserData (297)
[2022.10.11-14.56.20:527][614]LogModuleManager: Shutting down and abandoning module NiagaraCore (292)
[2022.10.11-14.56.20:527][614]LogModuleManager: Shutting down and abandoning module GameplayTagsEditor (290)
[2022.10.11-14.56.20:527][614]LogModuleManager: Shutting down and abandoning module FacialAnimation (288)
[2022.10.11-14.56.20:527][614]LogModuleManager: Shutting down and abandoning module AssetManagerEditor (286)
[2022.10.11-14.56.20:528][614]LogModuleManager: Shutting down and abandoning module TreeMap (285)
[2022.10.11-14.56.20:528][614]LogModuleManager: Shutting down and abandoning module GameplayCameras (282)
[2022.10.11-14.56.20:528][614]LogModuleManager: Shutting down and abandoning module LightPropagationVolumeRuntime (280)
[2022.10.11-14.56.20:528][614]LogModuleManager: Shutting down and abandoning module EnvironmentQueryEditor (278)
[2022.10.11-14.56.20:529][614]LogModuleManager: Shutting down and abandoning module Paper2D (276)
[2022.10.11-14.56.20:529][614]LogModuleManager: Shutting down and abandoning module WindowsMoviePlayer (274)
[2022.10.11-14.56.20:530][614]LogModuleManager: Shutting down and abandoning module WebMMoviePlayer (272)
[2022.10.11-14.56.20:532][614]LogModuleManager: Shutting down and abandoning module NetworkReplayStreaming (270)
[2022.10.11-14.56.20:532][614]LogModuleManager: Shutting down and abandoning module PacketHandler (268)
[2022.10.11-14.56.20:532][614]LogModuleManager: Shutting down and abandoning module ClothingSystemEditor (266)
[2022.10.11-14.56.20:532][614]LogModuleManager: Shutting down and abandoning module ClothingSystemRuntimeNv (264)
[2022.10.11-14.56.20:533][614]LogModuleManager: Shutting down and abandoning module MediaAssets (262)
[2022.10.11-14.56.20:533][614]LogModuleManager: Shutting down and abandoning module Overlay (260)
[2022.10.11-14.56.20:533][614]LogModuleManager: Shutting down and abandoning module OverlayEditor (259)
[2022.10.11-14.56.20:533][614]LogModuleManager: Shutting down and abandoning module VREditor (256)
[2022.10.11-14.56.20:533][614]LogModuleManager: Shutting down and abandoning module StringTableEditor (254)
[2022.10.11-14.56.20:533][614]LogModuleManager: Shutting down and abandoning module GameplayTasksEditor (252)
[2022.10.11-14.56.20:534][614]LogModuleManager: Shutting down and abandoning module BehaviorTreeEditor (250)
[2022.10.11-14.56.20:534][614]LogModuleManager: Shutting down and abandoning module FunctionalTesting (248)
[2022.10.11-14.56.20:535][614]LogModuleManager: Shutting down and abandoning module CollisionAnalyzer (246)
[2022.10.11-14.56.20:535][614]LogModuleManager: Shutting down and abandoning module WorkspaceMenuStructure (245)
[2022.10.11-14.56.20:536][614]LogModuleManager: Shutting down and abandoning module UMG (242)
[2022.10.11-14.56.20:536][614]LogModuleManager: Shutting down and abandoning module UMGEditor (241)
[2022.10.11-14.56.20:536][614]LogModuleManager: Shutting down and abandoning module Sequencer (240)
[2022.10.11-14.56.20:538][614]LogModuleManager: Shutting down and abandoning module MessageLog (237)
[2022.10.11-14.56.20:538][614]LogModuleManager: Shutting down and abandoning module SlateReflector (232)
[2022.10.11-14.56.20:541][614]LogModuleManager: Shutting down and abandoning module Slate (230)
[2022.10.11-14.56.20:541][614]LogModuleManager: Shutting down and abandoning module SlateCore (228)
[2022.10.11-14.56.20:541][614]LogModuleManager: Shutting down and abandoning module LandscapeEditorUtilities (226)
[2022.10.11-14.56.20:541][614]LogModuleManager: Shutting down and abandoning module UnrealEd (224)
[2022.10.11-14.56.20:542][614]LogModuleManager: Shutting down and abandoning module MRMesh (222)
[2022.10.11-14.56.20:542][614]LogModuleManager: Shutting down and abandoning module Messaging (220)
[2022.10.11-14.56.20:542][614]LogModuleManager: Shutting down and abandoning module SourceCodeAccess (218)
[2022.10.11-14.56.20:542][614]LogModuleManager: Shutting down and abandoning module HeadMountedDisplay (216)
[2022.10.11-14.56.20:542][614]LogModuleManager: Shutting down and abandoning module XAudio2 (214)
[2022.10.11-14.56.20:542][614]LogModuleManager: Shutting down and abandoning module Networking (212)
[2022.10.11-14.56.20:542][614]LogModuleManager: Shutting down and abandoning module Core (210)
[2022.10.11-14.56.20:542][614]LogModuleManager: Shutting down and abandoning module MaterialEditor (208)
[2022.10.11-14.56.20:543][614]LogModuleManager: Shutting down and abandoning module MovieSceneTools (206)
[2022.10.11-14.56.20:543][614]LogModuleManager: Shutting down and abandoning module EditorStyle (205)
[2022.10.11-14.56.20:544][614]LogModuleManager: Shutting down and abandoning module KismetCompiler (202)
[2022.10.11-14.56.20:544][614]LogModuleManager: Shutting down and abandoning module MeshBuilder (200)
[2022.10.11-14.56.20:544][614]LogModuleManager: Shutting down and abandoning module MeshUtilities (198)
[2022.10.11-14.56.20:545][614]LogModuleManager: Shutting down and abandoning module MeshMergeUtilities (197)
[2022.10.11-14.56.20:545][614]LogModuleManager: Shutting down and abandoning module MeshReductionInterface (196)
[2022.10.11-14.56.20:545][614]LogModuleManager: Shutting down and abandoning module MeshBoneReduction (195)
[2022.10.11-14.56.20:545][614]LogModuleManager: Shutting down and abandoning module SkeletalMeshReduction (193)
[2022.10.11-14.56.20:546][614]LogModuleManager: Shutting down and abandoning module ProxyLODMeshReduction (191)
[2022.10.11-14.56.20:546][614]LogModuleManager: Shutting down and abandoning module QuadricMeshReduction (189)
[2022.10.11-14.56.20:547][614]LogModuleManager: Shutting down and abandoning module MaterialBaking (185)
[2022.10.11-14.56.20:547][614]LogModuleManager: Shutting down and abandoning module NullInstallBundleManager (180)
[2022.10.11-14.56.20:547][614]LogModuleManager: Shutting down and abandoning module PIEPreviewDeviceProfileSelector (178)
[2022.10.11-14.56.20:547][614]LogModuleManager: Shutting down and abandoning module DerivedDataCache (176)
[2022.10.11-14.56.20:548][614]LogModuleManager: Shutting down and abandoning module TargetPlatform (174)
[2022.10.11-14.56.20:548][614]LogModuleManager: Shutting down and abandoning module VulkanShaderFormat (173)
[2022.10.11-14.56.20:549][614]LogModuleManager: Shutting down and abandoning module ShaderFormatVectorVM (171)
[2022.10.11-14.56.20:551][614]LogModuleManager: Shutting down and abandoning module ShaderFormatOpenGL (169)
[2022.10.11-14.56.20:551][614]LogModuleManager: Shutting down and abandoning module ShaderFormatD3D (167)
[2022.10.11-14.56.20:552][614]LogModuleManager: Shutting down and abandoning module MetalShaderFormat (165)
[2022.10.11-14.56.20:552][614]LogModuleManager: Shutting down and abandoning module TextureFormatOodle (163)
[2022.10.11-14.56.20:552][614]LogModuleManager: Shutting down and abandoning module TextureFormatUncompressed (161)
[2022.10.11-14.56.20:552][614]LogModuleManager: Shutting down and abandoning module TextureFormatPVR (159)
[2022.10.11-14.56.20:552][614]LogModuleManager: Shutting down and abandoning module TextureFormatETC2 (157)
[2022.10.11-14.56.20:552][614]LogModuleManager: Shutting down and abandoning module TextureFormatDXT (155)
[2022.10.11-14.56.20:553][614]LogModuleManager: Shutting down and abandoning module TextureFormatIntelISPCTexComp (153)
[2022.10.11-14.56.20:553][614]LogModuleManager: Shutting down and abandoning module TextureFormatASTC (151)
[2022.10.11-14.56.20:553][614]LogModuleManager: Shutting down and abandoning module ImageWrapper (150)
[2022.10.11-14.56.20:553][614]LogModuleManager: Shutting down and abandoning module AudioFormatOpus (147)
[2022.10.11-14.56.20:553][614]LogModuleManager: Shutting down and abandoning module AudioFormatOgg (145)
[2022.10.11-14.56.20:553][614]LogModuleManager: Shutting down and abandoning module AudioFormatADPCM (143)
[2022.10.11-14.56.20:553][614]LogModuleManager: Shutting down and abandoning module WindowsServerTargetPlatform (141)
[2022.10.11-14.56.20:553][614]LogModuleManager: Shutting down and abandoning module WindowsClientTargetPlatform (139)
[2022.10.11-14.56.20:553][614]LogModuleManager: Shutting down and abandoning module WindowsTargetPlatform (137)
[2022.10.11-14.56.20:553][614]LogModuleManager: Shutting down and abandoning module WindowsNoEditorTargetPlatform (135)
[2022.10.11-14.56.20:553][614]LogModuleManager: Shutting down and abandoning module D3D11RHI (132)
[2022.10.11-14.56.20:553][614]LogModuleManager: Shutting down and abandoning module InputCore (130)
[2022.10.11-14.56.20:553][614]LogModuleManager: Shutting down and abandoning module Settings (128)
[2022.10.11-14.56.20:553][614]LogModuleManager: Shutting down and abandoning module PhysXCooking (126)
[2022.10.11-14.56.20:553][614]LogModuleManager: Shutting down and abandoning module Chaos (124)
[2022.10.11-14.56.20:553][614]LogModuleManager: Shutting down and abandoning module WindowsPlatformFeatures (122)
[2022.10.11-14.56.20:554][614]LogModuleManager: Shutting down and abandoning module GameplayMediaEncoder (121)
[2022.10.11-14.56.20:554][614]LogModuleManager: Shutting down and abandoning module AVEncoder (120)
[2022.10.11-14.56.20:554][614]LogModuleManager: Shutting down and abandoning module SteamVRInputDevice (116)
[2022.10.11-14.56.20:554][614]LogModuleManager: Shutting down and abandoning module SteamVRInput (114)
[2022.10.11-14.56.20:554][614]LogModuleManager: Shutting down and abandoning module SteamVR (112)
[2022.10.11-14.56.20:555][614]LogHMD: Freeing OpenVRDLLHandle.
[2022.10.11-14.56.20:555][614]LogModuleManager: Shutting down and abandoning module OculusHMD (110)
[2022.10.11-14.56.20:555][614]LogModuleManager: Shutting down and abandoning module OpenXRHandTracking (108)
[2022.10.11-14.56.20:555][614]LogSlate: Slate User Destroyed.  User Index 0, Is Virtual User: 0
[2022.10.11-14.56.20:555][614]LogModuleManager: Shutting down and abandoning module OpenXREyeTracker (106)
[2022.10.11-14.56.20:555][614]LogModuleManager: Shutting down and abandoning module OpenXRAR (104)
[2022.10.11-14.56.20:556][614]LogModuleManager: Shutting down and abandoning module AugmentedReality (103)
[2022.10.11-14.56.20:556][614]LogModuleManager: Shutting down and abandoning module OpenXRHMD (100)
[2022.10.11-14.56.20:557][614]LogModuleManager: Shutting down and abandoning module ExampleDeviceProfileSelector (98)
[2022.10.11-14.56.20:557][614]LogModuleManager: Shutting down and abandoning module ChunkDownloader (96)
[2022.10.11-14.56.20:557][614]LogModuleManager: Shutting down and abandoning module OnlineBlueprintSupport (94)
[2022.10.11-14.56.20:557][614]LogModuleManager: Shutting down and abandoning module OnlineSubsystem (90)
[2022.10.11-14.56.20:560][614]LogModuleManager: Shutting down and abandoning module XMPP (85)
[2022.10.11-14.56.20:562][614]LogModuleManager: Shutting down and abandoning module WebSockets (84)
[2022.10.11-14.56.20:593][614]LogModuleManager: Shutting down and abandoning module HTTP (81)
[2022.10.11-14.56.20:593][614]LogHttp: Display: cleaning up 0 outstanding Http requests.
[2022.10.11-14.56.20:612][614]LogModuleManager: Shutting down and abandoning module SSL (80)
[2022.10.11-14.56.20:613][614]LogModuleManager: Shutting down and abandoning module LauncherChunkInstaller (76)
[2022.10.11-14.56.20:613][614]LogModuleManager: Shutting down and abandoning module WmfMedia (74)
[2022.10.11-14.56.20:615][614]LogModuleManager: Shutting down and abandoning module Media (73)
[2022.10.11-14.56.20:616][614]LogModuleManager: Shutting down and abandoning module MediaInfo (72)
[2022.10.11-14.56.20:616][614]LogModuleManager: Shutting down and abandoning module MLSDK (68)
[2022.10.11-14.56.20:616][614]LogModuleManager: Shutting down and abandoning module ExrReaderGpu (66)
[2022.10.11-14.56.20:617][614]LogModuleManager: Shutting down and abandoning module VariantManagerContent (64)
[2022.10.11-14.56.20:617][614]LogModuleManager: Shutting down and abandoning module DatasmithContent (62)
[2022.10.11-14.56.20:617][614]LogModuleManager: Shutting down and abandoning module MagicLeap (60)
[2022.10.11-14.56.20:618][614]LogModuleManager: Shutting down and abandoning module PixWinPlugin (58)
[2022.10.11-14.56.20:618][614]LogModuleManager: Shutting down and abandoning module ChaosCloth (56)
[2022.10.11-14.56.20:618][614]LogModuleManager: Shutting down and abandoning module NiagaraVertexFactories (54)
[2022.10.11-14.56.20:618][614]LogModuleManager: Shutting down and abandoning module NiagaraShader (52)
[2022.10.11-14.56.20:618][614]LogModuleManager: Shutting down and abandoning module AISupportModule (50)
[2022.10.11-14.56.20:618][614]LogModuleManager: Shutting down and abandoning module DesktopPlatform (48)
[2022.10.11-14.56.20:618][614]LogModuleManager: Shutting down and abandoning module PythonScriptPluginPreload (46)
[2022.10.11-14.56.20:619][614]LogModuleManager: Shutting down and abandoning module PlatformCryptoOpenSSL (44)
[2022.10.11-14.56.20:619][614]LogModuleManager: Shutting down and abandoning module PlatformCryptoTypes (42)
[2022.10.11-14.56.20:619][614]LogModuleManager: Shutting down and abandoning module PlatformCrypto (40)
[2022.10.11-14.56.20:619][614]LogModuleManager: Shutting down and abandoning module OodleDataCompressionFormat (38)
[2022.10.11-14.56.20:619][614]LogModuleManager: Shutting down and abandoning module XGEController (36)
[2022.10.11-14.56.20:620][614]LogModuleManager: Shutting down and abandoning module AnimationModifiers (34)
[2022.10.11-14.56.20:620][614]LogModuleManager: Shutting down and abandoning module AudioEditor (32)
[2022.10.11-14.56.20:621][614]LogModuleManager: Shutting down and abandoning module PropertyEditor (31)
[2022.10.11-14.56.20:621][614]LogModuleManager: Shutting down and abandoning module TextureCompressor (28)
[2022.10.11-14.56.20:621][614]LogModuleManager: Shutting down and abandoning module RenderCore (26)
[2022.10.11-14.56.20:621][614]LogModuleManager: Shutting down and abandoning module Landscape (24)
[2022.10.11-14.56.20:621][614]LogModuleManager: Shutting down and abandoning module SlateRHIRenderer (22)
[2022.10.11-14.56.20:622][614]LogModuleManager: Shutting down and abandoning module AnimGraphRuntime (20)
[2022.10.11-14.56.20:623][614]LogModuleManager: Shutting down and abandoning module Renderer (18)
[2022.10.11-14.56.20:623][614]LogModuleManager: Shutting down and abandoning module Engine (16)
[2022.10.11-14.56.20:623][614]LogModuleManager: Shutting down and abandoning module CoreUObject (14)
[2022.10.11-14.56.20:623][614]LogModuleManager: Shutting down and abandoning module NetworkFile (12)
[2022.10.11-14.56.20:624][614]LogModuleManager: Shutting down and abandoning module CookedIterativeFile (10)
[2022.10.11-14.56.20:624][614]LogModuleManager: Shutting down and abandoning module StreamingFile (8)
[2022.10.11-14.56.20:624][614]LogModuleManager: Shutting down and abandoning module SandboxFile (6)
[2022.10.11-14.56.20:625][614]LogModuleManager: Shutting down and abandoning module PakFile (4)
[2022.10.11-14.56.20:625][614]LogModuleManager: Shutting down and abandoning module RSA (3)
[2022.10.11-14.56.21:018][614]LogContentStreaming: Display: There are 1 unreleased StreamingManagers
[2022.10.11-14.56.21:047][614]LogD3D11RHI: Shutdown
[2022.10.11-14.56.21:047][614]LogD3D11RHI: CleanupD3DDevice
[2022.10.11-14.56.21:050][614]LogExit: Exiting.
[2022.10.11-14.56.21:056][614]Log file closed, 10/11/22 14:56:21
