Log file open, 10/11/22 16:47:23
LogWindows: Failed to load 'aqProf.dll' (GetLastError=126)
LogWindows: File 'aqProf.dll' does not exist
LogWindows: Failed to load 'VtuneApi.dll' (GetLastError=126)
LogWindows: File 'VtuneApi.dll' does not exist
LogWindows: Failed to load 'VtuneApi32e.dll' (GetLastError=126)
LogWindows: File 'VtuneApi32e.dll' does not exist
LogConsoleResponse: Display: Failed to find resolution value strings in scalability ini. Falling back to default.
LogConsoleResponse: Display: Failed to find resolution value strings in scalability ini. Falling back to default.
LogInit: Display: Running engine for game: MafiaThirdPerson
LogPlatformFile: Not using cached read wrapper
LogTaskGraph: Started task graph with 5 named threads and 47 total threads with 3 sets of task threads.
LogStats: Stats thread started at 0.203310
LogICUInternationalization: ICU TimeZone Detection - Raw Offset: +0:00, Platform Override: ''
LogInit: Display: Loading text-based GConfig....
LogPluginManager: Mounting plugin MeshPainting
LogPluginManager: Mounting plugin XGEController
LogPluginManager: Mounting plugin Paper2D
LogPluginManager: Mounting plugin LiveLink
LogPluginManager: Mounting plugin AISupport
LogPluginManager: Mounting plugin EnvironmentQueryEditor
LogPluginManager: Mounting plugin OodleData
LogPluginManager: Mounting plugin OodleNetwork
LogPluginManager: Mounting plugin GameplayCameras
LogPluginManager: Mounting plugin CameraShakePreviewer
LogPluginManager: Mounting plugin DatasmithContent
LogPluginManager: Mounting plugin AssetManagerEditor
LogPluginManager: Mounting plugin AlembicImporter
LogPluginManager: Mounting plugin VariantManagerContent
LogPluginManager: Mounting plugin BackChannel
LogPluginManager: Mounting plugin AutomationUtils
LogPluginManager: Mounting plugin ChaosCloth
LogPluginManager: Mounting plugin ChaosClothEditor
LogPluginManager: Mounting plugin ChaosEditor
LogPluginManager: Mounting plugin ChaosNiagara
LogPluginManager: Mounting plugin ChaosSolverPlugin
LogPluginManager: Mounting plugin FacialAnimation
LogPluginManager: Mounting plugin CharacterAI
LogPluginManager: Mounting plugin DataValidation
LogPluginManager: Mounting plugin CurveEditorTools
LogPluginManager: Mounting plugin GameplayTagsEditor
LogPluginManager: Mounting plugin GeometryMode
LogPluginManager: Mounting plugin MacGraphicsSwitching
LogPluginManager: Mounting plugin CryptoKeys
LogPluginManager: Mounting plugin MaterialAnalyzer
LogPluginManager: Mounting plugin MobileLauncherProfileWizard
LogPluginManager: Mounting plugin SpeedTreeImporter
LogPluginManager: Mounting plugin PluginBrowser
LogPluginManager: Mounting plugin GeometryCache
LogPluginManager: Mounting plugin GeometryCollectionPlugin
LogPluginManager: Mounting plugin Niagara
LogPluginManager: Mounting plugin GeometryProcessing
LogPluginManager: Mounting plugin PlanarCut
LogPluginManager: Mounting plugin OpenImageDenoise
LogPluginManager: Mounting plugin ProxyLODPlugin
LogPluginManager: Mounting plugin PlatformCrypto
LogPluginManager: Mounting plugin PythonScriptPlugin
LogPluginManager: Mounting plugin SkeletalReduction
LogPluginManager: Mounting plugin AndroidMedia
LogPluginManager: Mounting plugin AvfMedia
LogPluginManager: Mounting plugin ImgMedia
LogPluginManager: Mounting plugin MotoSynth
LogPluginManager: Mounting plugin MediaCompositing
LogPluginManager: Mounting plugin MediaPlayerEditor
LogPluginManager: Mounting plugin WebMMedia
LogPluginManager: Mounting plugin LuminPlatformFeatures
LogPluginManager: Mounting plugin WmfMedia
LogPluginManager: Mounting plugin MagicLeap
LogPluginManager: Mounting plugin MagicLeapLightEstimation
LogPluginManager: Mounting plugin MagicLeapMedia
LogPluginManager: Mounting plugin MLSDK
LogPluginManager: Mounting plugin MagicLeapPassableWorld
LogPluginManager: Mounting plugin ActorSequence
LogPluginManager: Mounting plugin LevelSequenceEditor
LogPluginManager: Mounting plugin MatineeToLevelSequence
LogPluginManager: Mounting plugin TemplateSequence
LogPluginManager: Mounting plugin UdpMessaging
LogPluginManager: Mounting plugin TcpMessaging
LogPluginManager: Mounting plugin LauncherChunkInstaller
LogPluginManager: Mounting plugin OnlineSubsystem
LogPluginManager: Mounting plugin OnlineSubsystemNull
LogPluginManager: Mounting plugin OnlineSubsystemUtils
LogPluginManager: Mounting plugin ScreenshotTools
LogPluginManager: Mounting plugin ActorLayerUtilities
LogPluginManager: Mounting plugin AndroidDeviceProfileSelector
LogPluginManager: Mounting plugin AndroidPermission
LogPluginManager: Mounting plugin AppleImageUtils
LogPluginManager: Mounting plugin AndroidMoviePlayer
LogPluginManager: Mounting plugin AssetTags
LogPluginManager: Mounting plugin ChunkDownloader
LogPluginManager: Mounting plugin CustomMeshComponent
LogPluginManager: Mounting plugin CableComponent
LogPluginManager: Mounting plugin AudioSynesthesia
LogPluginManager: Mounting plugin ExampleDeviceProfileSelector
LogPluginManager: Mounting plugin AppleMoviePlayer
LogPluginManager: Mounting plugin ArchVisCharacter
LogPluginManager: Mounting plugin GoogleCloudMessaging
LogPluginManager: Mounting plugin GooglePAD
LogPluginManager: Mounting plugin AudioCapture
LogPluginManager: Mounting plugin EditableMesh
LogPluginManager: Mounting plugin IOSDeviceProfileSelector
LogPluginManager: Mounting plugin LinuxDeviceProfileSelector
LogPluginManager: Mounting plugin LocationServicesBPLibrary
LogPluginManager: Mounting plugin MobilePatchingUtils
LogPluginManager: Mounting plugin OpenXR
LogPluginManager: Mounting plugin OpenXRHandTracking
LogPluginManager: Mounting plugin OpenXREyeTracker
LogPluginManager: Mounting plugin PhysXVehicles
LogPluginManager: Mounting plugin Takes
LogPluginManager: Mounting plugin PostSplashScreen
LogPluginManager: Mounting plugin ProceduralMeshComponent
LogPluginManager: Mounting plugin PropertyAccessEditor
LogPluginManager: Mounting plugin SignificanceManager
LogPluginManager: Mounting plugin RuntimePhysXCooking
LogPluginManager: Mounting plugin SoundFields
LogPluginManager: Mounting plugin Synthesis
LogPluginManager: Mounting plugin AnimationSharing
LogPluginManager: Mounting plugin WindowsMoviePlayer
LogPluginManager: Mounting plugin CodeLiteSourceCodeAccess
LogPluginManager: Mounting plugin WebMMoviePlayer
LogPluginManager: Mounting plugin CLionSourceCodeAccess
LogPluginManager: Mounting plugin GitSourceControl
LogPluginManager: Mounting plugin KDevelopSourceCodeAccess
LogPluginManager: Mounting plugin NullSourceCodeAccess
LogPluginManager: Mounting plugin PixWinPlugin
LogPluginManager: Mounting plugin PerforceSourceControl
LogPluginManager: Mounting plugin PlasticSourceControl
LogPluginManager: Mounting plugin RiderSourceCodeAccess
LogPluginManager: Mounting plugin PropertyAccessNode
LogPluginManager: Mounting plugin TextureFormatOodle
LogPluginManager: Mounting plugin PluginUtils
LogPluginManager: Mounting plugin SubversionSourceControl
LogPluginManager: Mounting plugin LightPropagationVolume
LogPluginManager: Mounting plugin UObjectPlugin
LogPluginManager: Mounting plugin VisualStudioCodeSourceCodeAccess
LogPluginManager: Mounting plugin VisualStudioSourceCodeAccess
LogPluginManager: Mounting plugin XCodeSourceCodeAccess
LogPluginManager: Mounting plugin ContentBrowserAssetDataSource
LogPluginManager: Mounting plugin ContentBrowserFileDataSource
LogPluginManager: Mounting plugin ContentBrowserClassDataSource
LogPluginManager: Mounting plugin OnlineSubsystemGooglePlay
LogPluginManager: Mounting plugin OnlineSubsystemIOS
LogPluginManager: Mounting plugin OculusVR
LogPluginManager: Mounting plugin SteamVR
LogInit: Using libcurl 7.55.1-DEV
LogInit:  - built for x86_64-pc-win32
LogInit:  - supports SSL with OpenSSL/1.1.1
LogInit:  - supports HTTP deflate (compression) using libz 1.2.8
LogInit:  - other features:
LogInit:      CURL_VERSION_SSL
LogInit:      CURL_VERSION_LIBZ
LogInit:      CURL_VERSION_IPV6
LogInit:      CURL_VERSION_ASYNCHDNS
LogInit:      CURL_VERSION_LARGEFILE
LogInit:      CURL_VERSION_IDN
LogInit:  CurlRequestOptions (configurable via config and command line):
LogInit:  - bVerifyPeer = true  - Libcurl will verify peer certificate
LogInit:  - bUseHttpProxy = false  - Libcurl will NOT use HTTP proxy
LogInit:  - bDontReuseConnections = false  - Libcurl will reuse connections
LogInit:  - MaxHostConnections = 16  - Libcurl will limit the number of connections to a host
LogInit:  - LocalHostAddr = Default
LogInit:  - BufferSize = 65536
LogOnline: OSS: Creating online subsystem instance for: NULL
LogInit: WinSock: version 1.1 (2.2), MaxSocks=32767, MaxUdp=65467
LogOnline: OSS: TryLoadSubsystemAndSetDefault: Loaded subsystem for module [NULL]
PixWinPlugin: PIX capture plugin failed to initialize! Check that the process is launched from PIX.
LogOculusPluginWrapper: OculusPlugin initialized successfully
LogHMD: Failed initializing OVRPlugin 1.59.0
LogInit: Build: ++UE4+Release-4.27-CL-18319896
LogInit: Engine Version: 4.27.2-18319896+++UE4+Release-4.27
LogInit: Compatible Engine Version: 4.27.0-17155196+++UE4+Release-4.27
LogInit: Net CL: 17155196
LogInit: OS: Windows 10 (Release 2009) (), CPU: AMD Ryzen 7 5800H with Radeon Graphics         , GPU: NVIDIA GeForce RTX 3060 Laptop GPU
LogInit: Compiled (64-bit): Nov 30 2021 07:12:08
LogInit: Compiled with Visual C++: 19.24.28315.00
LogInit: Build Configuration: Development
LogInit: Branch Name: ++UE4+Release-4.27
LogInit: Command Line: 
LogInit: Base Directory: C:/Program Files/Epic Games/UE_4.27/Engine/Binaries/Win64/
LogInit: Allocator: TBB
LogInit: Installed Engine Build: 1
LogDevObjectVersion: Number of dev versions registered: 29
LogDevObjectVersion:   Dev-Blueprints (B0D832E4-1F89-4F0D-ACCF-7EB736FD4AA2): 10
LogDevObjectVersion:   Dev-Build (E1C64328-A22C-4D53-A36C-8E866417BD8C): 0
LogDevObjectVersion:   Dev-Core (375EC13C-06E4-48FB-B500-84F0262A717E): 4
LogDevObjectVersion:   Dev-Editor (E4B068ED-F494-42E9-A231-DA0B2E46BB41): 40
LogDevObjectVersion:   Dev-Framework (CFFC743F-43B0-4480-9391-14DF171D2073): 37
LogDevObjectVersion:   Dev-Mobile (B02B49B5-BB20-44E9-A304-32B752E40360): 3
LogDevObjectVersion:   Dev-Networking (A4E4105C-59A1-49B5-A7C5-40C4547EDFEE): 0
LogDevObjectVersion:   Dev-Online (39C831C9-5AE6-47DC-9A44-9C173E1C8E7C): 0
LogDevObjectVersion:   Dev-Physics (78F01B33-EBEA-4F98-B9B4-84EACCB95AA2): 14
LogDevObjectVersion:   Dev-Platform (6631380F-2D4D-43E0-8009-CF276956A95A): 0
LogDevObjectVersion:   Dev-Rendering (12F88B9F-8875-4AFC-A67C-D90C383ABD29): 45
LogDevObjectVersion:   Dev-Sequencer (7B5AE74C-D270-4C10-A958-57980B212A5A): 13
LogDevObjectVersion:   Dev-VR (D7296918-1DD6-4BDD-9DE2-64A83CC13884): 3
LogDevObjectVersion:   Dev-LoadTimes (C2A15278-BFE7-4AFE-6C17-90FF531DF755): 1
LogDevObjectVersion:   Private-Geometry (6EACA3D4-40EC-4CC1-B786-8BED09428FC5): 3
LogDevObjectVersion:   Dev-AnimPhys (29E575DD-E0A3-4627-9D10-D276232CDCEA): 17
LogDevObjectVersion:   Dev-Anim (AF43A65D-7FD3-4947-9873-3E8ED9C1BB05): 15
LogDevObjectVersion:   Dev-ReflectionCapture (6B266CEC-1EC7-4B8F-A30B-E4D90942FC07): 1
LogDevObjectVersion:   Dev-Automation (0DF73D61-A23F-47EA-B727-89E90C41499A): 1
LogDevObjectVersion:   FortniteMain (601D1886-AC64-4F84-AA16-D3DE0DEAC7D6): 47
LogDevObjectVersion:   FortniteRelease (E7086368-6B23-4C58-8439-1B7016265E91): 1
LogDevObjectVersion:   Dev-Enterprise (9DFFBCD6-494F-0158-E221-12823C92A888): 10
LogDevObjectVersion:   Dev-Niagara (F2AED0AC-9AFE-416F-8664-AA7FFA26D6FC): 1
LogDevObjectVersion:   Dev-Destruction (174F1F0B-B4C6-45A5-B13F-2EE8D0FB917D): 10
LogDevObjectVersion:   Dev-Physics-Ext (35F94A83-E258-406C-A318-09F59610247C): 41
LogDevObjectVersion:   Dev-PhysicsMaterial-Chaos (B68FC16E-8B1B-42E2-B453-215C058844FE): 1
LogDevObjectVersion:   Dev-CineCamera (B2E18506-4273-CFC2-A54E-F4BB758BBA07): 1
LogDevObjectVersion:   Dev-VirtualProduction (64F58936-FD1B-42BA-BA96-7289D5D0FA4E): 1
LogDevObjectVersion:   Dev-MediaFramework (6F0ED827-A609-4895-9C91-998D90180EA4): 2
LogInit: Presizing for max 25165824 objects, including 0 objects not considered by GC, pre-allocating 0 bytes for permanent pool.
LogConfig: Applying CVar settings from Section [/Script/Engine.StreamingSettings] File [C:/Users/20050/OneDrive/Dokumenty/Mafia/MafiaThirdPerson/Saved/Config/Windows/Engine.ini]
LogConfig: Setting CVar [[s.MinBulkDataSizeForAsyncLoading:131072]]
LogConfig: Setting CVar [[s.AsyncLoadingThreadEnabled:0]]
LogConfig: Setting CVar [[s.EventDrivenLoaderEnabled:1]]
LogConfig: Setting CVar [[s.WarnIfTimeLimitExceeded:0]]
LogConfig: Setting CVar [[s.TimeLimitExceededMultiplier:1.5]]
LogConfig: Setting CVar [[s.TimeLimitExceededMinTime:0.005]]
LogConfig: Setting CVar [[s.UseBackgroundLevelStreaming:1]]
LogConfig: Setting CVar [[s.PriorityAsyncLoadingExtraTime:15.0]]
LogConfig: Setting CVar [[s.LevelStreamingActorsUpdateTimeLimit:5.0]]
LogConfig: Setting CVar [[s.PriorityLevelStreamingActorsUpdateExtraTime:5.0]]
LogConfig: Setting CVar [[s.LevelStreamingComponentsRegistrationGranularity:10]]
LogConfig: Setting CVar [[s.UnregisterComponentsTimeLimit:1.0]]
LogConfig: Setting CVar [[s.LevelStreamingComponentsUnregistrationGranularity:5]]
LogConfig: Setting CVar [[s.FlushStreamingOnExit:1]]
LogInit: Object subsystem initialized
LogConfig: Setting CVar [[con.DebugEarlyDefault:1]]
LogConfig: Setting CVar [[r.setres:1280x720]]
[2022.10.11-16.47.24:118][  0]LogConfig: Setting CVar [[r.VSync:0]]
[2022.10.11-16.47.24:118][  0]LogConfig: Setting CVar [[r.RHICmdBypass:0]]
[2022.10.11-16.47.24:118][  0]LogConfig: Applying CVar settings from Section [/Script/Engine.RendererSettings] File [C:/Users/20050/OneDrive/Dokumenty/Mafia/MafiaThirdPerson/Saved/Config/Windows/Engine.ini]
[2022.10.11-16.47.24:118][  0]LogConfig: Setting CVar [[r.GPUCrashDebugging:0]]
[2022.10.11-16.47.24:118][  0]LogConfig: Applying CVar settings from Section [/Script/Engine.RendererOverrideSettings] File [C:/Users/20050/OneDrive/Dokumenty/Mafia/MafiaThirdPerson/Saved/Config/Windows/Engine.ini]
[2022.10.11-16.47.24:119][  0]LogConfig: Applying CVar settings from Section [/Script/Engine.StreamingSettings] File [C:/Users/20050/OneDrive/Dokumenty/Mafia/MafiaThirdPerson/Saved/Config/Windows/Engine.ini]
[2022.10.11-16.47.24:119][  0]LogConfig: Setting CVar [[s.MinBulkDataSizeForAsyncLoading:131072]]
[2022.10.11-16.47.24:119][  0]LogConfig: Setting CVar [[s.AsyncLoadingThreadEnabled:0]]
[2022.10.11-16.47.24:119][  0]LogConfig: Setting CVar [[s.EventDrivenLoaderEnabled:1]]
[2022.10.11-16.47.24:119][  0]LogConfig: Setting CVar [[s.WarnIfTimeLimitExceeded:0]]
[2022.10.11-16.47.24:119][  0]LogConfig: Setting CVar [[s.TimeLimitExceededMultiplier:1.5]]
[2022.10.11-16.47.24:119][  0]LogConfig: Setting CVar [[s.TimeLimitExceededMinTime:0.005]]
[2022.10.11-16.47.24:119][  0]LogConfig: Setting CVar [[s.UseBackgroundLevelStreaming:1]]
[2022.10.11-16.47.24:119][  0]LogConfig: Setting CVar [[s.PriorityAsyncLoadingExtraTime:15.0]]
[2022.10.11-16.47.24:119][  0]LogConfig: Setting CVar [[s.LevelStreamingActorsUpdateTimeLimit:5.0]]
[2022.10.11-16.47.24:119][  0]LogConfig: Setting CVar [[s.PriorityLevelStreamingActorsUpdateExtraTime:5.0]]
[2022.10.11-16.47.24:119][  0]LogConfig: Setting CVar [[s.LevelStreamingComponentsRegistrationGranularity:10]]
[2022.10.11-16.47.24:119][  0]LogConfig: Setting CVar [[s.UnregisterComponentsTimeLimit:1.0]]
[2022.10.11-16.47.24:119][  0]LogConfig: Setting CVar [[s.LevelStreamingComponentsUnregistrationGranularity:5]]
[2022.10.11-16.47.24:119][  0]LogConfig: Setting CVar [[s.FlushStreamingOnExit:1]]
[2022.10.11-16.47.24:119][  0]LogConfig: Applying CVar settings from Section [/Script/Engine.GarbageCollectionSettings] File [C:/Users/20050/OneDrive/Dokumenty/Mafia/MafiaThirdPerson/Saved/Config/Windows/Engine.ini]
[2022.10.11-16.47.24:119][  0]LogConfig: Setting CVar [[gc.MaxObjectsNotConsideredByGC:1]]
[2022.10.11-16.47.24:119][  0]LogConfig: Setting CVar [[gc.SizeOfPermanentObjectPool:0]]
[2022.10.11-16.47.24:119][  0]LogConfig: Setting CVar [[gc.FlushStreamingOnGC:0]]
[2022.10.11-16.47.24:119][  0]LogConfig: Setting CVar [[gc.NumRetriesBeforeForcingGC:10]]
[2022.10.11-16.47.24:119][  0]LogConfig: Setting CVar [[gc.AllowParallelGC:1]]
[2022.10.11-16.47.24:119][  0]LogConfig: Setting CVar [[gc.TimeBetweenPurgingPendingKillObjects:61.1]]
[2022.10.11-16.47.24:119][  0]LogConfig: Setting CVar [[gc.MaxObjectsInEditor:25165824]]
[2022.10.11-16.47.24:119][  0]LogConfig: Setting CVar [[gc.IncrementalBeginDestroyEnabled:1]]
[2022.10.11-16.47.24:119][  0]LogConfig: Setting CVar [[gc.CreateGCClusters:1]]
[2022.10.11-16.47.24:119][  0]LogConfig: Setting CVar [[gc.MinGCClusterSize:5]]
[2022.10.11-16.47.24:119][  0]LogConfig: Setting CVar [[gc.ActorClusteringEnabled:0]]
[2022.10.11-16.47.24:119][  0]LogConfig: Setting CVar [[gc.BlueprintClusteringEnabled:0]]
[2022.10.11-16.47.24:119][  0]LogConfig: Setting CVar [[gc.UseDisregardForGCOnDedicatedServers:0]]
[2022.10.11-16.47.24:119][  0]LogConfig: Setting CVar [[gc.MultithreadedDestructionEnabled:1]]
[2022.10.11-16.47.24:119][  0]LogConfig: Applying CVar settings from Section [/Script/Engine.NetworkSettings] File [C:/Users/20050/OneDrive/Dokumenty/Mafia/MafiaThirdPerson/Saved/Config/Windows/Engine.ini]
[2022.10.11-16.47.24:119][  0]LogConfig: Applying CVar settings from Section [/Script/UnrealEd.CookerSettings] File [C:/Users/20050/OneDrive/Dokumenty/Mafia/MafiaThirdPerson/Saved/Config/Windows/Engine.ini]
[2022.10.11-16.47.24:124][  0]LogConfig: Applying CVar settings from Section [ViewDistanceQuality@3] File [C:/Users/20050/OneDrive/Dokumenty/Mafia/MafiaThirdPerson/Saved/Config/Windows/Scalability.ini]
[2022.10.11-16.47.24:124][  0]LogConfig: Setting CVar [[r.SkeletalMeshLODBias:0]]
[2022.10.11-16.47.24:124][  0]LogConfig: Setting CVar [[r.ViewDistanceScale:1.0]]
[2022.10.11-16.47.24:124][  0]LogConfig: Applying CVar settings from Section [AntiAliasingQuality@3] File [C:/Users/20050/OneDrive/Dokumenty/Mafia/MafiaThirdPerson/Saved/Config/Windows/Scalability.ini]
[2022.10.11-16.47.24:124][  0]LogConfig: Setting CVar [[r.PostProcessAAQuality:4]]
[2022.10.11-16.47.24:124][  0]LogConfig: Applying CVar settings from Section [ShadowQuality@3] File [C:/Users/20050/OneDrive/Dokumenty/Mafia/MafiaThirdPerson/Saved/Config/Windows/Scalability.ini]
[2022.10.11-16.47.24:124][  0]LogConfig: Setting CVar [[r.LightFunctionQuality:1]]
[2022.10.11-16.47.24:124][  0]LogConfig: Setting CVar [[r.ShadowQuality:5]]
[2022.10.11-16.47.24:124][  0]LogConfig: Setting CVar [[r.Shadow.CSM.MaxCascades:10]]
[2022.10.11-16.47.24:124][  0]LogConfig: Setting CVar [[r.Shadow.MaxResolution:2048]]
[2022.10.11-16.47.24:124][  0]LogConfig: Setting CVar [[r.Shadow.MaxCSMResolution:2048]]
[2022.10.11-16.47.24:124][  0]LogConfig: Setting CVar [[r.Shadow.RadiusThreshold:0.01]]
[2022.10.11-16.47.24:124][  0]LogConfig: Setting CVar [[r.Shadow.DistanceScale:1.0]]
[2022.10.11-16.47.24:124][  0]LogConfig: Setting CVar [[r.Shadow.CSM.TransitionScale:1.0]]
[2022.10.11-16.47.24:124][  0]LogConfig: Setting CVar [[r.Shadow.PreShadowResolutionFactor:1.0]]
[2022.10.11-16.47.24:124][  0]LogConfig: Setting CVar [[r.DistanceFieldShadowing:1]]
[2022.10.11-16.47.24:124][  0]LogConfig: Setting CVar [[r.DistanceFieldAO:1]]
[2022.10.11-16.47.24:124][  0]LogConfig: Setting CVar [[r.AOQuality:2]]
[2022.10.11-16.47.24:124][  0]LogConfig: Setting CVar [[r.VolumetricFog:1]]
[2022.10.11-16.47.24:124][  0]LogConfig: Setting CVar [[r.VolumetricFog.GridPixelSize:8]]
[2022.10.11-16.47.24:124][  0]LogConfig: Setting CVar [[r.VolumetricFog.GridSizeZ:128]]
[2022.10.11-16.47.24:124][  0]LogConfig: Setting CVar [[r.VolumetricFog.HistoryMissSupersampleCount:4]]
[2022.10.11-16.47.24:124][  0]LogConfig: Setting CVar [[r.LightMaxDrawDistanceScale:1]]
[2022.10.11-16.47.24:124][  0]LogConfig: Setting CVar [[r.CapsuleShadows:1]]
[2022.10.11-16.47.24:124][  0]LogConfig: Applying CVar settings from Section [PostProcessQuality@3] File [C:/Users/20050/OneDrive/Dokumenty/Mafia/MafiaThirdPerson/Saved/Config/Windows/Scalability.ini]
[2022.10.11-16.47.24:124][  0]LogConfig: Setting CVar [[r.MotionBlurQuality:4]]
[2022.10.11-16.47.24:124][  0]LogConfig: Setting CVar [[r.AmbientOcclusionMipLevelFactor:0.4]]
[2022.10.11-16.47.24:124][  0]LogConfig: Setting CVar [[r.AmbientOcclusionMaxQuality:100]]
[2022.10.11-16.47.24:124][  0]LogConfig: Setting CVar [[r.AmbientOcclusionLevels:-1]]
[2022.10.11-16.47.24:124][  0]LogConfig: Setting CVar [[r.AmbientOcclusionRadiusScale:1.0]]
[2022.10.11-16.47.24:124][  0]LogConfig: Setting CVar [[r.DepthOfFieldQuality:2]]
[2022.10.11-16.47.24:124][  0]LogConfig: Setting CVar [[r.RenderTargetPoolMin:400]]
[2022.10.11-16.47.24:124][  0]LogConfig: Setting CVar [[r.LensFlareQuality:2]]
[2022.10.11-16.47.24:124][  0]LogConfig: Setting CVar [[r.SceneColorFringeQuality:1]]
[2022.10.11-16.47.24:124][  0]LogConfig: Setting CVar [[r.EyeAdaptationQuality:2]]
[2022.10.11-16.47.24:124][  0]LogConfig: Setting CVar [[r.BloomQuality:5]]
[2022.10.11-16.47.24:124][  0]LogConfig: Setting CVar [[r.FastBlurThreshold:100]]
[2022.10.11-16.47.24:124][  0]LogConfig: Setting CVar [[r.Upscale.Quality:3]]
[2022.10.11-16.47.24:124][  0]LogConfig: Setting CVar [[r.Tonemapper.GrainQuantization:1]]
[2022.10.11-16.47.24:124][  0]LogConfig: Setting CVar [[r.LightShaftQuality:1]]
[2022.10.11-16.47.24:124][  0]LogConfig: Setting CVar [[r.Filter.SizeScale:1]]
[2022.10.11-16.47.24:124][  0]LogConfig: Setting CVar [[r.Tonemapper.Quality:5]]
[2022.10.11-16.47.24:124][  0]LogConfig: Setting CVar [[r.DOF.Gather.AccumulatorQuality:1        ; higher gathering accumulator quality]]
[2022.10.11-16.47.24:124][  0]LogConfig: Setting CVar [[r.DOF.Gather.PostfilterMethod:1          ; Median3x3 postfilering method]]
[2022.10.11-16.47.24:124][  0]LogConfig: Setting CVar [[r.DOF.Gather.EnableBokehSettings:0       ; no bokeh simulation when gathering]]
[2022.10.11-16.47.24:124][  0]LogConfig: Setting CVar [[r.DOF.Gather.RingCount:4                 ; medium number of samples when gathering]]
[2022.10.11-16.47.24:124][  0]LogConfig: Setting CVar [[r.DOF.Scatter.ForegroundCompositing:1    ; additive foreground scattering]]
[2022.10.11-16.47.24:124][  0]LogConfig: Setting CVar [[r.DOF.Scatter.BackgroundCompositing:2    ; additive background scattering]]
[2022.10.11-16.47.24:124][  0]LogConfig: Setting CVar [[r.DOF.Scatter.EnableBokehSettings:1      ; bokeh simulation when scattering]]
[2022.10.11-16.47.24:124][  0]LogConfig: Setting CVar [[r.DOF.Scatter.MaxSpriteRatio:0.1         ; only a maximum of 10% of scattered bokeh]]
[2022.10.11-16.47.24:124][  0]LogConfig: Setting CVar [[r.DOF.Recombine.Quality:1                ; cheap slight out of focus]]
[2022.10.11-16.47.24:124][  0]LogConfig: Setting CVar [[r.DOF.Recombine.EnableBokehSettings:0    ; no bokeh simulation on slight out of focus]]
[2022.10.11-16.47.24:124][  0]LogConfig: Setting CVar [[r.DOF.TemporalAAQuality:1                ; more stable temporal accumulation]]
[2022.10.11-16.47.24:124][  0]LogConfig: Setting CVar [[r.DOF.Kernel.MaxForegroundRadius:0.025]]
[2022.10.11-16.47.24:124][  0]LogConfig: Setting CVar [[r.DOF.Kernel.MaxBackgroundRadius:0.025]]
[2022.10.11-16.47.24:124][  0]LogConfig: Applying CVar settings from Section [TextureQuality@3] File [C:/Users/20050/OneDrive/Dokumenty/Mafia/MafiaThirdPerson/Saved/Config/Windows/Scalability.ini]
[2022.10.11-16.47.24:124][  0]LogConfig: Setting CVar [[r.Streaming.MipBias:0]]
[2022.10.11-16.47.24:124][  0]LogConfig: Setting CVar [[r.Streaming.AmortizeCPUToGPUCopy:0]]
[2022.10.11-16.47.24:124][  0]LogConfig: Setting CVar [[r.Streaming.MaxNumTexturesToStreamPerFrame:0]]
[2022.10.11-16.47.24:124][  0]LogConfig: Setting CVar [[r.Streaming.Boost:1]]
[2022.10.11-16.47.24:124][  0]LogConfig: Setting CVar [[r.MaxAnisotropy:8]]
[2022.10.11-16.47.24:124][  0]LogConfig: Setting CVar [[r.VT.MaxAnisotropy:8]]
[2022.10.11-16.47.24:124][  0]LogConfig: Setting CVar [[r.Streaming.LimitPoolSizeToVRAM:0]]
[2022.10.11-16.47.24:124][  0]LogConfig: Setting CVar [[r.Streaming.PoolSize:1000]]
[2022.10.11-16.47.24:124][  0]LogConfig: Setting CVar [[r.Streaming.MaxEffectiveScreenSize:0]]
[2022.10.11-16.47.24:124][  0]LogConfig: Applying CVar settings from Section [EffectsQuality@3] File [C:/Users/20050/OneDrive/Dokumenty/Mafia/MafiaThirdPerson/Saved/Config/Windows/Scalability.ini]
[2022.10.11-16.47.24:124][  0]LogConfig: Setting CVar [[r.TranslucencyLightingVolumeDim:64]]
[2022.10.11-16.47.24:124][  0]LogConfig: Setting CVar [[r.RefractionQuality:2]]
[2022.10.11-16.47.24:124][  0]LogConfig: Setting CVar [[r.SSR.Quality:3]]
[2022.10.11-16.47.24:124][  0]LogConfig: Setting CVar [[r.SSR.HalfResSceneColor:0]]
[2022.10.11-16.47.24:124][  0]LogConfig: Setting CVar [[r.SceneColorFormat:4]]
[2022.10.11-16.47.24:124][  0]LogConfig: Setting CVar [[r.DetailMode:2]]
[2022.10.11-16.47.24:125][  0]LogConfig: Setting CVar [[r.TranslucencyVolumeBlur:1]]
[2022.10.11-16.47.24:125][  0]LogConfig: Setting CVar [[r.MaterialQualityLevel:1 ; High quality]]
[2022.10.11-16.47.24:125][  0]LogConfig: Setting CVar [[r.AnisotropicMaterials:1]]
[2022.10.11-16.47.24:125][  0]LogConfig: Setting CVar [[r.SSS.Scale:1]]
[2022.10.11-16.47.24:125][  0]LogConfig: Setting CVar [[r.SSS.SampleSet:2]]
[2022.10.11-16.47.24:125][  0]LogConfig: Setting CVar [[r.SSS.Quality:1]]
[2022.10.11-16.47.24:125][  0]LogConfig: Setting CVar [[r.SSS.HalfRes:0]]
[2022.10.11-16.47.24:125][  0]LogConfig: Setting CVar [[r.SSGI.Quality:3]]
[2022.10.11-16.47.24:125][  0]LogConfig: Setting CVar [[r.EmitterSpawnRateScale:1.0]]
[2022.10.11-16.47.24:125][  0]LogConfig: Setting CVar [[r.ParticleLightQuality:2]]
[2022.10.11-16.47.24:125][  0]LogConfig: Setting CVar [[r.SkyAtmosphere.AerialPerspectiveLUT.FastApplyOnOpaque:1 ; Always have FastSkyLUT 1 in this case to avoid wrong sky]]
[2022.10.11-16.47.24:125][  0]LogConfig: Setting CVar [[r.SkyAtmosphere.AerialPerspectiveLUT.SampleCountMaxPerSlice:4]]
[2022.10.11-16.47.24:125][  0]LogConfig: Setting CVar [[r.SkyAtmosphere.AerialPerspectiveLUT.DepthResolution:16.0]]
[2022.10.11-16.47.24:125][  0]LogConfig: Setting CVar [[r.SkyAtmosphere.FastSkyLUT:1]]
[2022.10.11-16.47.24:125][  0]LogConfig: Setting CVar [[r.SkyAtmosphere.FastSkyLUT.SampleCountMin:4.0]]
[2022.10.11-16.47.24:125][  0]LogConfig: Setting CVar [[r.SkyAtmosphere.FastSkyLUT.SampleCountMax:128.0]]
[2022.10.11-16.47.24:125][  0]LogConfig: Setting CVar [[r.SkyAtmosphere.SampleCountMin:4.0]]
[2022.10.11-16.47.24:125][  0]LogConfig: Setting CVar [[r.SkyAtmosphere.SampleCountMax:128.0]]
[2022.10.11-16.47.24:125][  0]LogConfig: Setting CVar [[r.SkyAtmosphere.TransmittanceLUT.UseSmallFormat:0]]
[2022.10.11-16.47.24:125][  0]LogConfig: Setting CVar [[r.SkyAtmosphere.TransmittanceLUT.SampleCount:10.0]]
[2022.10.11-16.47.24:125][  0]LogConfig: Setting CVar [[r.SkyAtmosphere.MultiScatteringLUT.SampleCount:15.0]]
[2022.10.11-16.47.24:125][  0]LogConfig: Setting CVar [[r.SkyLight.RealTimeReflectionCapture:1]]
[2022.10.11-16.47.24:125][  0]LogConfig: Applying CVar settings from Section [FoliageQuality@3] File [C:/Users/20050/OneDrive/Dokumenty/Mafia/MafiaThirdPerson/Saved/Config/Windows/Scalability.ini]
[2022.10.11-16.47.24:125][  0]LogConfig: Setting CVar [[foliage.DensityScale:1.0]]
[2022.10.11-16.47.24:125][  0]LogConfig: Setting CVar [[grass.DensityScale:1.0]]
[2022.10.11-16.47.24:125][  0]LogConfig: Applying CVar settings from Section [ShadingQuality@3] File [C:/Users/20050/OneDrive/Dokumenty/Mafia/MafiaThirdPerson/Saved/Config/Windows/Scalability.ini]
[2022.10.11-16.47.24:125][  0]LogConfig: Setting CVar [[r.HairStrands.SkyLighting.IntegrationType:2]]
[2022.10.11-16.47.24:125][  0]LogConfig: Setting CVar [[r.HairStrands.SkyAO.SampleCount:4]]
[2022.10.11-16.47.24:125][  0]LogConfig: Setting CVar [[r.HairStrands.Visibility.MSAA.SamplePerPixel:4]]
[2022.10.11-16.47.24:125][  0]LogInit: Selected Device Profile: [Windows]
[2022.10.11-16.47.24:125][  0]LogInit: Applying CVar settings loaded from the selected device profile: [Windows]
[2022.10.11-16.47.24:125][  0]LogHAL: Display: Platform has ~ 16 GB [17024741376 / 17179869184 / 16], which maps to Larger [LargestMinGB=32, LargerMinGB=12, DefaultMinGB=8, SmallerMinGB=6, SmallestMinGB=0)
[2022.10.11-16.47.24:125][  0]LogInit: Going up to parent DeviceProfile []
[2022.10.11-16.47.24:125][  0]LogConfig: Applying CVar settings from Section [ViewDistanceQuality@3] File [C:/Users/20050/OneDrive/Dokumenty/Mafia/MafiaThirdPerson/Saved/Config/Windows/Scalability.ini]
[2022.10.11-16.47.24:125][  0]LogConfig: Setting CVar [[r.SkeletalMeshLODBias:0]]
[2022.10.11-16.47.24:125][  0]LogConfig: Setting CVar [[r.ViewDistanceScale:1.0]]
[2022.10.11-16.47.24:125][  0]LogConfig: Applying CVar settings from Section [AntiAliasingQuality@3] File [C:/Users/20050/OneDrive/Dokumenty/Mafia/MafiaThirdPerson/Saved/Config/Windows/Scalability.ini]
[2022.10.11-16.47.24:125][  0]LogConfig: Setting CVar [[r.PostProcessAAQuality:4]]
[2022.10.11-16.47.24:125][  0]LogConfig: Applying CVar settings from Section [ShadowQuality@3] File [C:/Users/20050/OneDrive/Dokumenty/Mafia/MafiaThirdPerson/Saved/Config/Windows/Scalability.ini]
[2022.10.11-16.47.24:125][  0]LogConfig: Setting CVar [[r.LightFunctionQuality:1]]
[2022.10.11-16.47.24:125][  0]LogConfig: Setting CVar [[r.ShadowQuality:5]]
[2022.10.11-16.47.24:125][  0]LogConfig: Setting CVar [[r.Shadow.CSM.MaxCascades:10]]
[2022.10.11-16.47.24:125][  0]LogConfig: Setting CVar [[r.Shadow.MaxResolution:2048]]
[2022.10.11-16.47.24:125][  0]LogConfig: Setting CVar [[r.Shadow.MaxCSMResolution:2048]]
[2022.10.11-16.47.24:125][  0]LogConfig: Setting CVar [[r.Shadow.RadiusThreshold:0.01]]
[2022.10.11-16.47.24:125][  0]LogConfig: Setting CVar [[r.Shadow.DistanceScale:1.0]]
[2022.10.11-16.47.24:125][  0]LogConfig: Setting CVar [[r.Shadow.CSM.TransitionScale:1.0]]
[2022.10.11-16.47.24:125][  0]LogConfig: Setting CVar [[r.Shadow.PreShadowResolutionFactor:1.0]]
[2022.10.11-16.47.24:125][  0]LogConfig: Setting CVar [[r.DistanceFieldShadowing:1]]
[2022.10.11-16.47.24:125][  0]LogConfig: Setting CVar [[r.DistanceFieldAO:1]]
[2022.10.11-16.47.24:125][  0]LogConfig: Setting CVar [[r.AOQuality:2]]
[2022.10.11-16.47.24:125][  0]LogConfig: Setting CVar [[r.VolumetricFog:1]]
[2022.10.11-16.47.24:125][  0]LogConfig: Setting CVar [[r.VolumetricFog.GridPixelSize:8]]
[2022.10.11-16.47.24:125][  0]LogConfig: Setting CVar [[r.VolumetricFog.GridSizeZ:128]]
[2022.10.11-16.47.24:125][  0]LogConfig: Setting CVar [[r.VolumetricFog.HistoryMissSupersampleCount:4]]
[2022.10.11-16.47.24:125][  0]LogConfig: Setting CVar [[r.LightMaxDrawDistanceScale:1]]
[2022.10.11-16.47.24:125][  0]LogConfig: Setting CVar [[r.CapsuleShadows:1]]
[2022.10.11-16.47.24:125][  0]LogConfig: Applying CVar settings from Section [PostProcessQuality@3] File [C:/Users/20050/OneDrive/Dokumenty/Mafia/MafiaThirdPerson/Saved/Config/Windows/Scalability.ini]
[2022.10.11-16.47.24:125][  0]LogConfig: Setting CVar [[r.MotionBlurQuality:4]]
[2022.10.11-16.47.24:125][  0]LogConfig: Setting CVar [[r.AmbientOcclusionMipLevelFactor:0.4]]
[2022.10.11-16.47.24:125][  0]LogConfig: Setting CVar [[r.AmbientOcclusionMaxQuality:100]]
[2022.10.11-16.47.24:125][  0]LogConfig: Setting CVar [[r.AmbientOcclusionLevels:-1]]
[2022.10.11-16.47.24:125][  0]LogConfig: Setting CVar [[r.AmbientOcclusionRadiusScale:1.0]]
[2022.10.11-16.47.24:125][  0]LogConfig: Setting CVar [[r.DepthOfFieldQuality:2]]
[2022.10.11-16.47.24:125][  0]LogConfig: Setting CVar [[r.RenderTargetPoolMin:400]]
[2022.10.11-16.47.24:125][  0]LogConfig: Setting CVar [[r.LensFlareQuality:2]]
[2022.10.11-16.47.24:125][  0]LogConfig: Setting CVar [[r.SceneColorFringeQuality:1]]
[2022.10.11-16.47.24:125][  0]LogConfig: Setting CVar [[r.EyeAdaptationQuality:2]]
[2022.10.11-16.47.24:125][  0]LogConfig: Setting CVar [[r.BloomQuality:5]]
[2022.10.11-16.47.24:125][  0]LogConfig: Setting CVar [[r.FastBlurThreshold:100]]
[2022.10.11-16.47.24:125][  0]LogConfig: Setting CVar [[r.Upscale.Quality:3]]
[2022.10.11-16.47.24:125][  0]LogConfig: Setting CVar [[r.Tonemapper.GrainQuantization:1]]
[2022.10.11-16.47.24:125][  0]LogConfig: Setting CVar [[r.LightShaftQuality:1]]
[2022.10.11-16.47.24:125][  0]LogConfig: Setting CVar [[r.Filter.SizeScale:1]]
[2022.10.11-16.47.24:125][  0]LogConfig: Setting CVar [[r.Tonemapper.Quality:5]]
[2022.10.11-16.47.24:125][  0]LogConfig: Setting CVar [[r.DOF.Gather.AccumulatorQuality:1        ; higher gathering accumulator quality]]
[2022.10.11-16.47.24:125][  0]LogConfig: Setting CVar [[r.DOF.Gather.PostfilterMethod:1          ; Median3x3 postfilering method]]
[2022.10.11-16.47.24:125][  0]LogConfig: Setting CVar [[r.DOF.Gather.EnableBokehSettings:0       ; no bokeh simulation when gathering]]
[2022.10.11-16.47.24:125][  0]LogConfig: Setting CVar [[r.DOF.Gather.RingCount:4                 ; medium number of samples when gathering]]
[2022.10.11-16.47.24:125][  0]LogConfig: Setting CVar [[r.DOF.Scatter.ForegroundCompositing:1    ; additive foreground scattering]]
[2022.10.11-16.47.24:125][  0]LogConfig: Setting CVar [[r.DOF.Scatter.BackgroundCompositing:2    ; additive background scattering]]
[2022.10.11-16.47.24:125][  0]LogConfig: Setting CVar [[r.DOF.Scatter.EnableBokehSettings:1      ; bokeh simulation when scattering]]
[2022.10.11-16.47.24:125][  0]LogConfig: Setting CVar [[r.DOF.Scatter.MaxSpriteRatio:0.1         ; only a maximum of 10% of scattered bokeh]]
[2022.10.11-16.47.24:125][  0]LogConfig: Setting CVar [[r.DOF.Recombine.Quality:1                ; cheap slight out of focus]]
[2022.10.11-16.47.24:125][  0]LogConfig: Setting CVar [[r.DOF.Recombine.EnableBokehSettings:0    ; no bokeh simulation on slight out of focus]]
[2022.10.11-16.47.24:125][  0]LogConfig: Setting CVar [[r.DOF.TemporalAAQuality:1                ; more stable temporal accumulation]]
[2022.10.11-16.47.24:125][  0]LogConfig: Setting CVar [[r.DOF.Kernel.MaxForegroundRadius:0.025]]
[2022.10.11-16.47.24:125][  0]LogConfig: Setting CVar [[r.DOF.Kernel.MaxBackgroundRadius:0.025]]
[2022.10.11-16.47.24:125][  0]LogConfig: Applying CVar settings from Section [TextureQuality@3] File [C:/Users/20050/OneDrive/Dokumenty/Mafia/MafiaThirdPerson/Saved/Config/Windows/Scalability.ini]
[2022.10.11-16.47.24:125][  0]LogConfig: Setting CVar [[r.Streaming.MipBias:0]]
[2022.10.11-16.47.24:125][  0]LogConfig: Setting CVar [[r.Streaming.AmortizeCPUToGPUCopy:0]]
[2022.10.11-16.47.24:125][  0]LogConfig: Setting CVar [[r.Streaming.MaxNumTexturesToStreamPerFrame:0]]
[2022.10.11-16.47.24:125][  0]LogConfig: Setting CVar [[r.Streaming.Boost:1]]
[2022.10.11-16.47.24:125][  0]LogConfig: Setting CVar [[r.MaxAnisotropy:8]]
[2022.10.11-16.47.24:125][  0]LogConfig: Setting CVar [[r.VT.MaxAnisotropy:8]]
[2022.10.11-16.47.24:125][  0]LogConfig: Setting CVar [[r.Streaming.LimitPoolSizeToVRAM:0]]
[2022.10.11-16.47.24:125][  0]LogConfig: Setting CVar [[r.Streaming.PoolSize:1000]]
[2022.10.11-16.47.24:125][  0]LogConfig: Setting CVar [[r.Streaming.MaxEffectiveScreenSize:0]]
[2022.10.11-16.47.24:125][  0]LogConfig: Applying CVar settings from Section [EffectsQuality@3] File [C:/Users/20050/OneDrive/Dokumenty/Mafia/MafiaThirdPerson/Saved/Config/Windows/Scalability.ini]
[2022.10.11-16.47.24:125][  0]LogConfig: Setting CVar [[r.TranslucencyLightingVolumeDim:64]]
[2022.10.11-16.47.24:125][  0]LogConfig: Setting CVar [[r.RefractionQuality:2]]
[2022.10.11-16.47.24:125][  0]LogConfig: Setting CVar [[r.SSR.Quality:3]]
[2022.10.11-16.47.24:125][  0]LogConfig: Setting CVar [[r.SSR.HalfResSceneColor:0]]
[2022.10.11-16.47.24:125][  0]LogConfig: Setting CVar [[r.SceneColorFormat:4]]
[2022.10.11-16.47.24:125][  0]LogConfig: Setting CVar [[r.DetailMode:2]]
[2022.10.11-16.47.24:125][  0]LogConfig: Setting CVar [[r.TranslucencyVolumeBlur:1]]
[2022.10.11-16.47.24:125][  0]LogConfig: Setting CVar [[r.MaterialQualityLevel:1 ; High quality]]
[2022.10.11-16.47.24:126][  0]LogConfig: Setting CVar [[r.AnisotropicMaterials:1]]
[2022.10.11-16.47.24:126][  0]LogConfig: Setting CVar [[r.SSS.Scale:1]]
[2022.10.11-16.47.24:126][  0]LogConfig: Setting CVar [[r.SSS.SampleSet:2]]
[2022.10.11-16.47.24:126][  0]LogConfig: Setting CVar [[r.SSS.Quality:1]]
[2022.10.11-16.47.24:126][  0]LogConfig: Setting CVar [[r.SSS.HalfRes:0]]
[2022.10.11-16.47.24:126][  0]LogConfig: Setting CVar [[r.SSGI.Quality:3]]
[2022.10.11-16.47.24:126][  0]LogConfig: Setting CVar [[r.EmitterSpawnRateScale:1.0]]
[2022.10.11-16.47.24:126][  0]LogConfig: Setting CVar [[r.ParticleLightQuality:2]]
[2022.10.11-16.47.24:126][  0]LogConfig: Setting CVar [[r.SkyAtmosphere.AerialPerspectiveLUT.FastApplyOnOpaque:1 ; Always have FastSkyLUT 1 in this case to avoid wrong sky]]
[2022.10.11-16.47.24:126][  0]LogConfig: Setting CVar [[r.SkyAtmosphere.AerialPerspectiveLUT.SampleCountMaxPerSlice:4]]
[2022.10.11-16.47.24:126][  0]LogConfig: Setting CVar [[r.SkyAtmosphere.AerialPerspectiveLUT.DepthResolution:16.0]]
[2022.10.11-16.47.24:126][  0]LogConfig: Setting CVar [[r.SkyAtmosphere.FastSkyLUT:1]]
[2022.10.11-16.47.24:126][  0]LogConfig: Setting CVar [[r.SkyAtmosphere.FastSkyLUT.SampleCountMin:4.0]]
[2022.10.11-16.47.24:126][  0]LogConfig: Setting CVar [[r.SkyAtmosphere.FastSkyLUT.SampleCountMax:128.0]]
[2022.10.11-16.47.24:126][  0]LogConfig: Setting CVar [[r.SkyAtmosphere.SampleCountMin:4.0]]
[2022.10.11-16.47.24:126][  0]LogConfig: Setting CVar [[r.SkyAtmosphere.SampleCountMax:128.0]]
[2022.10.11-16.47.24:126][  0]LogConfig: Setting CVar [[r.SkyAtmosphere.TransmittanceLUT.UseSmallFormat:0]]
[2022.10.11-16.47.24:126][  0]LogConfig: Setting CVar [[r.SkyAtmosphere.TransmittanceLUT.SampleCount:10.0]]
[2022.10.11-16.47.24:126][  0]LogConfig: Setting CVar [[r.SkyAtmosphere.MultiScatteringLUT.SampleCount:15.0]]
[2022.10.11-16.47.24:126][  0]LogConfig: Setting CVar [[r.SkyLight.RealTimeReflectionCapture:1]]
[2022.10.11-16.47.24:126][  0]LogConfig: Applying CVar settings from Section [FoliageQuality@3] File [C:/Users/20050/OneDrive/Dokumenty/Mafia/MafiaThirdPerson/Saved/Config/Windows/Scalability.ini]
[2022.10.11-16.47.24:126][  0]LogConfig: Setting CVar [[foliage.DensityScale:1.0]]
[2022.10.11-16.47.24:126][  0]LogConfig: Setting CVar [[grass.DensityScale:1.0]]
[2022.10.11-16.47.24:126][  0]LogConfig: Applying CVar settings from Section [ShadingQuality@3] File [C:/Users/20050/OneDrive/Dokumenty/Mafia/MafiaThirdPerson/Saved/Config/Windows/Scalability.ini]
[2022.10.11-16.47.24:126][  0]LogConfig: Setting CVar [[r.HairStrands.SkyLighting.IntegrationType:2]]
[2022.10.11-16.47.24:126][  0]LogConfig: Setting CVar [[r.HairStrands.SkyAO.SampleCount:4]]
[2022.10.11-16.47.24:126][  0]LogConfig: Setting CVar [[r.HairStrands.Visibility.MSAA.SamplePerPixel:4]]
[2022.10.11-16.47.24:126][  0]LogConfig: Applying CVar settings from Section [Startup] File [../../../Engine/Config/ConsoleVariables.ini]
[2022.10.11-16.47.24:126][  0]LogConfig: Setting CVar [[net.UseAdaptiveNetUpdateFrequency:0]]
[2022.10.11-16.47.24:126][  0]LogConfig: Setting CVar [[p.chaos.AllowCreatePhysxBodies:1]]
[2022.10.11-16.47.24:126][  0]LogConfig: Setting CVar [[fx.SkipVectorVMBackendOptimizations:1]]
[2022.10.11-16.47.24:126][  0]LogConfig: Applying CVar settings from Section [ConsoleVariables] File [C:/Users/20050/OneDrive/Dokumenty/Mafia/MafiaThirdPerson/Saved/Config/Windows/Engine.ini]
[2022.10.11-16.47.24:126][  0]LogConfig: Applying CVar settings from Section [ConsoleVariables] File [C:/Users/20050/OneDrive/Dokumenty/Mafia/MafiaThirdPerson/Saved/Config/Windows/Editor.ini]
[2022.10.11-16.47.24:126][  0]LogInit: Computer: LAPTOP-HO93C6MG
[2022.10.11-16.47.24:126][  0]LogInit: User: 20050
[2022.10.11-16.47.24:126][  0]LogInit: CPU Page size=4096, Cores=8
[2022.10.11-16.47.24:126][  0]LogInit: High frequency timer resolution =10.000000 MHz
[2022.10.11-16.47.24:127][  0]LogMemory: Memory total: Physical=15.9GB (16GB approx)
[2022.10.11-16.47.24:127][  0]LogMemory: Platform Memory Stats for Windows
[2022.10.11-16.47.24:127][  0]LogMemory: Process Physical Memory: 148.02 MB used, 148.03 MB peak
[2022.10.11-16.47.24:127][  0]LogMemory: Process Virtual Memory: 133.11 MB used, 133.11 MB peak
[2022.10.11-16.47.24:127][  0]LogMemory: Physical Memory: 7711.37 MB used,  8524.69 MB free, 16236.06 MB total
[2022.10.11-16.47.24:127][  0]LogMemory: Virtual Memory: 134206368.00 MB used,  11355.96 MB free, 134217728.00 MB total
[2022.10.11-16.47.24:157][  0]LogWindows: WindowsPlatformFeatures enabled
[2022.10.11-16.47.24:189][  0]LogInit: Physics initialised using underlying interface: PhysX
[2022.10.11-16.47.24:189][  0]LogInit: Using OS detected language (en-US).
[2022.10.11-16.47.24:189][  0]LogInit: Using OS detected locale (en-US).
[2022.10.11-16.47.24:193][  0]LogTextLocalizationManager: No specific localization for 'en-US' exists, so the 'en' localization will be used.
[2022.10.11-16.47.24:365][  0]LogInit: Setting process to per monitor DPI aware
[2022.10.11-16.47.24:374][  0]LogWindowsTextInputMethodSystem: Display: IME system deactivated.
[2022.10.11-16.47.24:384][  0]LogSlate: New Slate User Created.  User Index 0, Is Virtual User: 0
[2022.10.11-16.47.24:384][  0]LogSlate: Slate User Registered.  User Index 0, Is Virtual User: 0
[2022.10.11-16.47.24:496][  0]LogD3D11RHI: Loaded GFSDK_Aftermath_Lib.x64.dll
[2022.10.11-16.47.24:498][  0]LogHMD: Failed to initialize OpenVR with code 110
[2022.10.11-16.47.24:498][  0]LogD3D11RHI: D3D11 min allowed feature level: 11_0
[2022.10.11-16.47.24:498][  0]LogD3D11RHI: D3D11 max allowed feature level: 11_0
[2022.10.11-16.47.24:498][  0]LogD3D11RHI: D3D11 adapters:
[2022.10.11-16.47.24:592][  0]LogD3D11RHI:    0. 'NVIDIA GeForce RTX 3060 Laptop GPU' (Feature Level 11_0)
[2022.10.11-16.47.24:592][  0]LogD3D11RHI:       6023/0/8118 MB DedicatedVideo/DedicatedSystem/SharedSystem, Outputs:1, VendorId:0x10de
[2022.10.11-16.47.24:594][  0]LogD3D11RHI:    1. 'Microsoft Basic Render Driver' (Feature Level 11_0)
[2022.10.11-16.47.24:594][  0]LogD3D11RHI:       0/0/8118 MB DedicatedVideo/DedicatedSystem/SharedSystem, Outputs:0, VendorId:0x1414
[2022.10.11-16.47.24:594][  0]LogD3D11RHI: Chosen D3D11 Adapter:
[2022.10.11-16.47.24:594][  0]LogD3D11RHI:     Description : NVIDIA GeForce RTX 3060 Laptop GPU
[2022.10.11-16.47.24:594][  0]LogD3D11RHI:     VendorId    : 10de
[2022.10.11-16.47.24:594][  0]LogD3D11RHI:     DeviceId    : 2560
[2022.10.11-16.47.24:594][  0]LogD3D11RHI:     SubSysId    : 3aa617aa
[2022.10.11-16.47.24:594][  0]LogD3D11RHI:     Revision    : 00a1
[2022.10.11-16.47.24:594][  0]LogD3D11RHI:     DedicatedVideoMemory : 6315573248 bytes
[2022.10.11-16.47.24:594][  0]LogD3D11RHI:     DedicatedSystemMemory : 0 bytes
[2022.10.11-16.47.24:594][  0]LogD3D11RHI:     SharedSystemMemory : 8512370688 bytes
[2022.10.11-16.47.24:594][  0]LogD3D11RHI:     AdapterLuid : 0 57984
[2022.10.11-16.47.24:600][  0]LogD3D11RHI: Creating new Direct3DDevice
[2022.10.11-16.47.24:600][  0]LogD3D11RHI:     GPU DeviceId: 0x2560 (for the marketing name, search the web for "GPU Device Id")
[2022.10.11-16.47.24:600][  0]LogWindows: EnumDisplayDevices:
[2022.10.11-16.47.24:600][  0]LogWindows:    0. 'NVIDIA GeForce RTX 3060 Laptop GPU' (P:1 D:1)
[2022.10.11-16.47.24:600][  0]LogWindows:    1. 'NVIDIA GeForce RTX 3060 Laptop GPU' (P:0 D:0)
[2022.10.11-16.47.24:600][  0]LogWindows:    2. 'NVIDIA GeForce RTX 3060 Laptop GPU' (P:0 D:0)
[2022.10.11-16.47.24:600][  0]LogWindows:    3. 'NVIDIA GeForce RTX 3060 Laptop GPU' (P:0 D:0)
[2022.10.11-16.47.24:600][  0]LogWindows: DebugString: FoundDriverCount:4 
[2022.10.11-16.47.24:600][  0]LogD3D11RHI:     Adapter Name: NVIDIA GeForce RTX 3060 Laptop GPU
[2022.10.11-16.47.24:600][  0]LogD3D11RHI:   Driver Version: 516.94 (internal:31.0.15.1694, unified:516.94)
[2022.10.11-16.47.24:600][  0]LogD3D11RHI:      Driver Date: 7-21-2022
[2022.10.11-16.47.24:600][  0]LogRHI: Texture pool is 4216 MB (70% of 6023 MB)
[2022.10.11-16.47.24:600][  0]LogD3D11RHI: Creating D3DDevice using adapter:
[2022.10.11-16.47.24:600][  0]LogD3D11RHI:     Description : NVIDIA GeForce RTX 3060 Laptop GPU
[2022.10.11-16.47.24:600][  0]LogD3D11RHI:     VendorId    : 10de
[2022.10.11-16.47.24:600][  0]LogD3D11RHI:     DeviceId    : 2560
[2022.10.11-16.47.24:600][  0]LogD3D11RHI:     SubSysId    : 3aa617aa
[2022.10.11-16.47.24:600][  0]LogD3D11RHI:     Revision    : 00a1
[2022.10.11-16.47.24:600][  0]LogD3D11RHI:     DedicatedVideoMemory : 6315573248 bytes
[2022.10.11-16.47.24:600][  0]LogD3D11RHI:     DedicatedSystemMemory : 0 bytes
[2022.10.11-16.47.24:600][  0]LogD3D11RHI:     SharedSystemMemory : 8512370688 bytes
[2022.10.11-16.47.24:600][  0]LogD3D11RHI:     AdapterLuid : 0 57984
[2022.10.11-16.47.24:659][  0]LogD3D11RHI: RHI has support for 64 bit atomics
[2022.10.11-16.47.24:659][  0]LogD3D11RHI: Async texture creation enabled
[2022.10.11-16.47.24:659][  0]LogD3D11RHI: Array index from any shader is supported
[2022.10.11-16.47.24:660][  0]LogD3D11RHI: HDR output is supported on display 0 (NvId: 0x80061086).
[2022.10.11-16.47.24:687][  0]LogD3D11RHI: GPU Timing Frequency: 1000.000000 (Debug: 2 2)
[2022.10.11-16.47.24:708][  0]LogRHI: GeForceNow SDK initialized: 1
[2022.10.11-16.47.24:954][  0]LogTargetPlatformManager: Display: Loaded TargetPlatform 'AllDesktop'
[2022.10.11-16.47.24:975][  0]LogTargetPlatformManager: Display: Loaded TargetPlatform 'Android'
[2022.10.11-16.47.24:975][  0]LogTargetPlatformManager: Display: Loaded TargetPlatform 'Android_ASTC'
[2022.10.11-16.47.24:975][  0]LogTargetPlatformManager: Display: Loaded TargetPlatform 'Android_DXT'
[2022.10.11-16.47.24:975][  0]LogTargetPlatformManager: Display: Loaded TargetPlatform 'Android_ETC2'
[2022.10.11-16.47.24:975][  0]LogTargetPlatformManager: Display: Loaded TargetPlatform 'AndroidClient'
[2022.10.11-16.47.24:975][  0]LogTargetPlatformManager: Display: Loaded TargetPlatform 'Android_ASTCClient'
[2022.10.11-16.47.24:975][  0]LogTargetPlatformManager: Display: Loaded TargetPlatform 'Android_DXTClient'
[2022.10.11-16.47.24:975][  0]LogTargetPlatformManager: Display: Loaded TargetPlatform 'Android_ETC2Client'
[2022.10.11-16.47.24:975][  0]LogTargetPlatformManager: Display: Loaded TargetPlatform 'Android_Multi'
[2022.10.11-16.47.24:975][  0]LogTargetPlatformManager: Display: Loaded TargetPlatform 'Android_MultiClient'
[2022.10.11-16.47.24:993][  0]LogTargetPlatformManager: Display: Loaded TargetPlatform 'IOSClient'
[2022.10.11-16.47.24:993][  0]LogTargetPlatformManager: Display: Loaded TargetPlatform 'IOS'
[2022.10.11-16.47.25:002][  0]LogTargetPlatformManager: Display: Loaded TargetPlatform 'Linux'
[2022.10.11-16.47.25:006][  0]LogTargetPlatformManager: Display: Loaded TargetPlatform 'LinuxNoEditor'
[2022.10.11-16.47.25:010][  0]LogTargetPlatformManager: Display: Loaded TargetPlatform 'LinuxClient'
[2022.10.11-16.47.25:014][  0]LogTargetPlatformManager: Display: Loaded TargetPlatform 'LinuxServer'
[2022.10.11-16.47.25:023][  0]LogTargetPlatformManager: Display: Loaded TargetPlatform 'LinuxAArch64NoEditor'
[2022.10.11-16.47.25:027][  0]LogTargetPlatformManager: Display: Loaded TargetPlatform 'LinuxAArch64Client'
[2022.10.11-16.47.25:031][  0]LogTargetPlatformManager: Display: Loaded TargetPlatform 'LinuxAArch64Server'
[2022.10.11-16.47.25:054][  0]LogTargetPlatformManager: Display: Loaded TargetPlatform 'Lumin'
[2022.10.11-16.47.25:054][  0]LogTargetPlatformManager: Display: Loaded TargetPlatform 'LuminClient'
[2022.10.11-16.47.25:062][  0]LogTargetPlatformManager: Display: Loaded TargetPlatform 'MacNoEditor'
[2022.10.11-16.47.25:066][  0]LogTargetPlatformManager: Display: Loaded TargetPlatform 'Mac'
[2022.10.11-16.47.25:070][  0]LogTargetPlatformManager: Display: Loaded TargetPlatform 'MacClient'
[2022.10.11-16.47.25:074][  0]LogTargetPlatformManager: Display: Loaded TargetPlatform 'MacServer'
[2022.10.11-16.47.25:084][  0]LogTargetPlatformManager: Display: Loaded TargetPlatform 'TVOSClient'
[2022.10.11-16.47.25:084][  0]LogTargetPlatformManager: Display: Loaded TargetPlatform 'TVOS'
[2022.10.11-16.47.25:093][  0]LogTargetPlatformManager: Display: Loaded TargetPlatform 'WindowsNoEditor'
[2022.10.11-16.47.25:096][  0]LogTargetPlatformManager: Display: Loaded TargetPlatform 'Windows'
[2022.10.11-16.47.25:100][  0]LogTargetPlatformManager: Display: Loaded TargetPlatform 'WindowsClient'
[2022.10.11-16.47.25:104][  0]LogTargetPlatformManager: Display: Loaded TargetPlatform 'WindowsServer'
[2022.10.11-16.47.25:104][  0]LogTargetPlatformManager: Display: Building Assets For Windows
[2022.10.11-16.47.25:110][  0]LogAudioDebug: Display: Lib vorbis DLL was dynamically loaded.
[2022.10.11-16.47.25:137][  0]LogTextureFormatOodle: Display: Oodle Texture 2.9.0 init RDO Off
[2022.10.11-16.47.25:162][  0]LogRendererCore: Ray tracing is disabled. Reason: r.RayTracing=0.
[2022.10.11-16.47.25:163][  0]LogShaderCompilers: Guid format shader working directory is -26 characters bigger than the processId version (../../../../../../Users/20050/OneDrive/Dokumenty/Mafia/MafiaThirdPerson/Intermediate/Shaders/WorkingDirectory/19056/).
[2022.10.11-16.47.25:163][  0]LogShaderCompilers: Cleaned the shader compiler working directory 'C:/Users/20050/AppData/Local/Temp/UnrealShaderWorkingDir/8A6C992A415E1FDC4985AEA79CD449A9/'.
[2022.10.11-16.47.25:163][  0]LogXGEController: Cannot use XGE Controller as Incredibuild is not installed on this machine.
[2022.10.11-16.47.25:163][  0]LogShaderCompilers: Cannot use XGE Shader Compiler as Incredibuild is not installed on this machine.
[2022.10.11-16.47.25:163][  0]LogShaderCompilers: Display: Using Local Shader Compiler.
[2022.10.11-16.47.25:779][  0]LogDerivedDataCache: Display: Max Cache Size: 512 MB
[2022.10.11-16.47.25:821][  0]LogDerivedDataCache: Loaded boot cache 0.04s 94MB C:/Users/20050/AppData/Local/UnrealEngine/4.27/DerivedDataCache/Boot.ddc.
[2022.10.11-16.47.25:821][  0]LogDerivedDataCache: Display: Loaded Boot cache: C:/Users/20050/AppData/Local/UnrealEngine/4.27/DerivedDataCache/Boot.ddc
[2022.10.11-16.47.25:821][  0]LogDerivedDataCache: FDerivedDataBackendGraph:  Pak pak cache file ../../../../../../Users/20050/OneDrive/Dokumenty/Mafia/MafiaThirdPerson/DerivedDataCache/DDC.ddp not found, will not use a pak cache.
[2022.10.11-16.47.25:821][  0]LogDerivedDataCache: Unable to find inner node Pak for hierarchical cache Hierarchy.
[2022.10.11-16.47.25:821][  0]LogDerivedDataCache: FDerivedDataBackendGraph:  CompressedPak pak cache file ../../../../../../Users/20050/OneDrive/Dokumenty/Mafia/MafiaThirdPerson/DerivedDataCache/Compressed.ddp not found, will not use a pak cache.
[2022.10.11-16.47.25:821][  0]LogDerivedDataCache: Unable to find inner node CompressedPak for hierarchical cache Hierarchy.
[2022.10.11-16.47.25:838][  0]LogDerivedDataCache: Display: Pak cache opened for reading ../../../Engine/DerivedDataCache/Compressed.ddp.
[2022.10.11-16.47.25:838][  0]LogDerivedDataCache: FDerivedDataBackendGraph:  EnterprisePak pak cache file ../../../Enterprise/DerivedDataCache/Compressed.ddp not found, will not use a pak cache.
[2022.10.11-16.47.25:838][  0]LogDerivedDataCache: Unable to find inner node EnterprisePak for hierarchical cache Hierarchy.
[2022.10.11-16.47.25:844][  0]LogDerivedDataCache: Speed tests for C:/Users/20050/AppData/Local/UnrealEngine/Common/DerivedDataCache took 0.01 seconds
[2022.10.11-16.47.25:844][  0]LogDerivedDataCache: Display: Performance to C:/Users/20050/AppData/Local/UnrealEngine/Common/DerivedDataCache: Latency=0.03ms. RandomReadSpeed=425.17MBs, RandomWriteSpeed=222.54MBs. Assigned SpeedClass 'Local'
[2022.10.11-16.47.25:845][  0]LogDerivedDataCache: Using Local data cache path C:/Users/20050/AppData/Local/UnrealEngine/Common/DerivedDataCache: Writable
[2022.10.11-16.47.25:845][  0]LogDerivedDataCache: Shared data cache path not found in *engine.ini, will not use an Shared cache.
[2022.10.11-16.47.25:845][  0]LogDerivedDataCache: Unable to find inner node Shared for hierarchical cache Hierarchy.
[2022.10.11-16.47.25:882][  0]LogSlate: Using FreeType 2.10.0
[2022.10.11-16.47.25:883][  0]LogSlate: SlateFontServices - WITH_FREETYPE: 1, WITH_HARFBUZZ: 1
[2022.10.11-16.47.25:902][  0]LogAssetRegistry: FAssetRegistry took 0.0028 seconds to start up
[2022.10.11-16.47.26:113][  0]LogInit: Selected Device Profile: [Windows]
[2022.10.11-16.47.26:113][  0]LogInit: Active device profile: [00000292DF842600][00000292DC626B00 49] Windows
[2022.10.11-16.47.26:113][  0]LogInit: Profiles: [00000292DF842600][00000292DC626B00 49] Windows, [00000292DF802900][00000292DD454C80 49] WindowsNoEditor, [00000292DF842E00][00000292DD458E00 49] WindowsServer, [00000292DF801300][00000292DCDD2F80 49] WindowsClient, [00000292DF841200][00000292DCDD7100 49] IOS, [00000292DF803F00][00000292DCDDB280 49] iPadAir, [00000292DF841600][00000292DCDDF400 49] iPadAir2, [00000292DF76E600][00000292DCE576C0 49] IPadPro, [00000292DF76E700][00000292DCDE3700 49] iPadAir3, [00000292DF842400][00000292DCE5B880 49] iPadAir4, [00000292DF76EB00][00000292DC59DA00 49] iPadMini2, [00000292DF840100][00000292DC5DDB80 49] iPadMini3, [00000292DF76C500][00000292DC5E0180 49] iPadMini4, [00000292DF842F00][00000292DC5E4300 49] iPadMini5, [00000292DF7E9F00][00000292DC5F05C0 49] iPhone6, [00000292DF7EA000][00000292DC5EC600 49] iPodTouch6, [00000292DF76DF00][00000292DC6028C0 49] iPhone7, [00000292DF76E000][00000292DC5FE900 49] iPodTouch7, [00000292DF7EA500][00000292DD450A40 49] iPhone5S, [00000292DF76D300][00000292DC606B80 49] iPhone6Plus, [00000292DF7EA900][00000292DC5F4CC0 49] iPhone6S, [00000292DF76F400][00000292DC588E40 49] iPhone6SPlus, [00000292DF7EA800][00000292DC58CFC0 49] iPhone7Plus, [00000292DF76D600][00000292DC591140 49] iPhoneSE, [00000292DF7EBF00][00000292DC5952C0 49] iPhone8, [00000292DF76E900][00000292DC60B440 49] iPhone8Plus, [00000292DF7EBA00][00000292D4D4B5C0 49] iPhoneX, [00000292DF76F600][00000292D4D3B740 49] iPhoneXS, [00000292DF7E8800][00000292DD0BD8C0 49] iPhoneXSMax, [00000292DF76F900][00000292DD0C1A40 49] iPhoneXR, [00000292DF7EAF00][00000292DC599BC0 49] iPhone11, [00000292DF76CA00][00000292DD2E21C0 49] iPhone11Pro, [00000292DF7E8E00][00000292DD2E6340 49] iPhone11ProMax, [00000292DF76E500][00000292DD2EA4C0 49] iPhoneSE2, [00000292DF7EB000][00000292DD2EE640 49] iPhone12Mini, [00000292DF76DB00][00000292DD2F27C0 49] iPhone12, [00000292DF7E9200][00000292DD2F6940 49] iPhone12Pro, [00000292DF76EC00][00000292DD2FAAC0 49] iPhone12ProMax, [00000292DF7E8200][00000292DC5E8C00 49] iPadPro105, [00000292DF76C200][00000292DD2FED40 49] iPadPro129, [00000292DF7E9B00][00000292DD302E80 49] iPadPro97, [00000292DF76D700][00000292DD306FC0 49] iPadPro2_129, [00000292DF7E8300][00000292DD33F140 49] iPad5, [00000292DF76FB00][00000292DD3432C0 49] iPad6, [00000292DF7EAC00][00000292DD347440 49] iPad7, [00000292DF76D100][00000292DD34B5C0 49] iPad8, [00000292DF8A0800][00000292DD34F740 49] iPadPro11, [00000292DF801500][00000292DD3538C0 49] iPadPro2_11, [00000292DF8A0B00][00000292DD357A40 49] iPadPro3_129, [00000292DF800700][00000292DD35BBC0 49] iPadPro4_129, [00000292DF8A0C00][00000292DD35E1C0 49] AppleTV, [00000292DF800900][00000292DD362340 49] AppleTV4K, [00000292DF8A1000][00000292DD3664C0 49] TVOS, [00000292DF802100][00000292DD36A640 49] Mac, [00000292DF76FE00][00000292DD36E7C0 49] MacClient, [00000292DF801100][00000292DD372940 49] MacNoEditor, [00000292DF7E9A00][00000292DD376AC0 49] MacServer, [00000292DF800800][00000292DD37AC40 49] Linux, [00000292DF7EBC00][00000292DD33AD80 49] LinuxAArch64, [00000292DF800600][00000292DD37EEC0 49] LinuxNoEditor, [00000292DF7E9900][00000292DD383000 49] LinuxAArch64NoEditor, [00000292DF803A00][00000292DD387140 49] LinuxClient, [00000292DF7EA700][00000292DD38F2C0 49] LinuxAArch64Client, [00000292DF801200][00000292DD393440 49] LinuxServer, [00000292DF7E9C00][00000292DD3975C0 49] LinuxAArch64Server, [00000292DF803700][00000292DD39B740 49] Android, [00000292DF7E9000][00000292DD39F8C0 49] Android_Low, [00000292DF803B00][00000292DD3A3A40 49] Android_Mid, [00000292DF7EB200][00000292DD3A7BC0 49] Android_High, [00000292DF803C00][00000292DD3AA1C0 49] Android_Default, [00000292DF7EA600][00000292DD3AE340 49] Android_Adreno4xx, [00000292DF800D00][00000292DD3B24C0 49] Android_Adreno5xx_Low, [00000292DF7E8F00][00000292DD3B6640 49] Android_Adreno5xx, [00000292DF803600][00000292DD3BA7C0 49] Android_Adreno6xx, [00000292DF7EB100][00000292DD3BE940 49] Android_Adreno6xx_Vulkan, [00000292DF801000][00000292DD3C2AC0 49] Android_Mali_T6xx, [00000292DF7EB900][00000292DD3C6C40 49] Android_Mali_T7xx, [00000292DF801A00][00000292DD3CADC0 49] Android_Mali_T8xx, [00000292DF7E9600][00000292DD3CEF40 49] Android_Mali_G71, [00000292DF802E00][00000292DD38B080 49] Android_Mali_G72, [00000292DF7E9500][00000292DD3D31C0 49] Android_Mali_G72_Vulkan, [00000292DF801C00][00000292DD3D7300 49] Android_Mali_G76, [00000292DF7E9300][00000292DD3DF480 49] Android_Mali_G76_Vulkan, [00000292DF801800][00000292DD3E3600 49] Android_Mali_G77, [00000292DF7EA100][00000292DD3E7780 49] Android_Mali_G77_Vulkan, [00000292DF803800][00000292DD3EB900 49] Android_Mali_G78, [00000292DF7E9D00][00000292DD3EFA80 49] Android_Mali_G78_Vulkan, [00000292DF802400][00000292DD3F3C00 49] Android_Mali_G710, [00000292DF7EBE00][00000292DD3F6200 49] Android_Mali_G710_Vulkan, [00000292DF800500][00000292DD3FA380 49] Android_Vulkan_SM5, [00000292DF7E8700][00000292DD3FE500 49] Android_PowerVR_G6xxx, [00000292DF800400][00000292DD402680 49] Android_PowerVR_GT7xxx, [00000292DF7EA300][00000292DCBD2800 49] Android_PowerVR_GE8xxx, [00000292DF801400][00000292DCBD6980 49] Android_PowerVR_GM9xxx, [00000292DF7EB800][00000292DCBDAB00 49] Android_PowerVR_GM9xxx_Vulkan, [00000292DF800100][00000292DCBDEC80 49] Android_TegraK1, [00000292DF7EA200][00000292DCBE2E00 49] Android_Unknown_Vulkan, [00000292DF803200][00000292DCBE6F80 49] Lumin, [00000292DF7E9400][00000292DCBEB100 49] Lumin_Desktop, [00000292DF801D00][00000292DD3DB240 49] HoloLens, 
[2022.10.11-16.47.26:217][  0]LogMeshReduction: Using QuadricMeshReduction for automatic static mesh reduction
[2022.10.11-16.47.26:218][  0]LogMeshReduction: Using SimplygonMeshReduction for automatic skeletal mesh reduction
[2022.10.11-16.47.26:218][  0]LogMeshReduction: Using ProxyLODMeshReduction for automatic mesh merging
[2022.10.11-16.47.26:218][  0]LogMeshReduction: No distributed automatic mesh merging module available
[2022.10.11-16.47.26:218][  0]LogMeshMerging: No distributed automatic mesh merging module available
[2022.10.11-16.47.26:230][  0]LogNetVersion: MafiaThirdPerson 1.0.0, NetCL: 17155196, EngineNetVer: 17, GameNetVer: 0 (Checksum: 2339536633)
[2022.10.11-16.47.26:523][  0]LogTexture: Default maximum texture size for cubemaps generated from long-lat sources has been changed from 512 to unlimited. In order to preserve old behaiour for '/Engine/MapTemplates/Sky/DaylightAmbientCubemap.DaylightAmbientCubemap', its maximum texture size has been explicitly set to 512.
[2022.10.11-16.47.26:566][  0]LogHMD: PokeAHoleMaterial loaded successfully
[2022.10.11-16.47.26:570][  0]LogUObjectArray: 17178 objects as part of root set at end of initial load.
[2022.10.11-16.47.26:570][  0]LogUObjectAllocator: 4302048 out of 0 bytes used by permanent object pool.
[2022.10.11-16.47.26:570][  0]LogUObjectArray: CloseDisregardForGC: 0/0 objects in disregard for GC pool
[2022.10.11-16.47.26:791][  0]LogNiagaraDebuggerClient: Niagara Debugger Client Initialized | Session: FE2B81904AF258F695EED4AEAE60AA1B | Instance: F390A47E4D3C9FBD3EA9BB8B75E6D252 (LAPTOP-HO93C6MG-19056).
[2022.10.11-16.47.26:820][  0]LogPython: Using Python 3.7.7
[2022.10.11-16.47.27:328][  0]LogUdpMessaging: Initializing bridge on interface 0.0.0.0:0 to multicast group 230.0.0.1:6666.
[2022.10.11-16.47.27:333][  0]LogTcpMessaging: Initializing TcpMessaging bridge
[2022.10.11-16.47.27:623][  0]LogOpenImageDenoise: OIDN starting up
[2022.10.11-16.47.27:671][  0]LogAndroidPermission: UAndroidPermissionCallbackProxy::GetInstance
[2022.10.11-16.47.27:703][  0]LogAudioCaptureCore: Display: No Audio Capture implementations found. Audio input will be silent.
[2022.10.11-16.47.27:703][  0]LogAudioCaptureCore: Display: No Audio Capture implementations found. Audio input will be silent.
[2022.10.11-16.47.27:796][  0]SourceControl: Source control is disabled
[2022.10.11-16.47.27:796][  0]SourceControl: Source control is disabled
[2022.10.11-16.47.27:799][  0]SourceControl: Source control is disabled
[2022.10.11-16.47.27:801][  0]SourceControl: Source control is disabled
[2022.10.11-16.47.27:807][  0]SourceControl: Source control is disabled
[2022.10.11-16.47.27:815][  0]LogUProjectInfo: Found projects:
[2022.10.11-16.47.27:827][  0]LogCollectionManager: Loaded 0 collections in 0.001377 seconds
[2022.10.11-16.47.27:848][  0]LogFileCache: Scanning file cache for directory 'C:/Users/20050/OneDrive/Dokumenty/Mafia/MafiaThirdPerson/Saved/Collections/' took 0.00s
[2022.10.11-16.47.27:848][  0]LogFileCache: Scanning file cache for directory 'C:/Users/20050/OneDrive/Dokumenty/Mafia/MafiaThirdPerson/Content/Developers/20050/Collections/' took 0.00s
[2022.10.11-16.47.27:848][  0]LogFileCache: Scanning file cache for directory 'C:/Users/20050/OneDrive/Dokumenty/Mafia/MafiaThirdPerson/Content/Collections/' took 0.00s
[2022.10.11-16.47.27:849][  0]LogOcInput: OculusInput pre-init called
[2022.10.11-16.47.28:028][  0]LogEngine: Initializing Engine...
[2022.10.11-16.47.28:060][  0]LogHMD: Failed to enumerate extensions. Please check that you have a valid OpenXR runtime installed.
[2022.10.11-16.47.28:061][  0]LogHMD: Failed to initialize OpenVR with code 110
[2022.10.11-16.47.28:061][  0]LogMagicLeap: Warning: VR disabled because ZI is not enabled.  To enable, in the editor, Edit -> Project Settings -> Plugins -> Magic Leap Plugin -> Enable Zero Iteration
[2022.10.11-16.47.28:061][  0]LogStats: UGameplayTagsManager::InitializeManager -  0.000 s
[2022.10.11-16.47.28:154][  0]LogInit: Initializing FReadOnlyCVARCache
[2022.10.11-16.47.28:162][  0]LogAIModule: Creating AISystem for world Untitled
[2022.10.11-16.47.28:167][  0]LogAudio: Display: Initializing Audio Device Manager...
[2022.10.11-16.47.28:170][  0]LogAudio: Display: Loading Default Audio Settings Objects...
[2022.10.11-16.47.28:171][  0]LogAudio: Display: No default SoundConcurrencyObject specified (or failed to load).
[2022.10.11-16.47.28:171][  0]LogAudio: Display: Audio Device Manager Initialized
[2022.10.11-16.47.28:171][  0]LogAudio: Display: Creating Audio Device:                 Id: 1, Scope: Shared, Realtime: True
[2022.10.11-16.47.28:171][  0]LogAudioMixer: Display: Audio Mixer Platform Settings:
[2022.10.11-16.47.28:171][  0]LogAudioMixer: Display: 	Sample Rate:						  48000
[2022.10.11-16.47.28:171][  0]LogAudioMixer: Display: 	Callback Buffer Frame Size Requested: 1024
[2022.10.11-16.47.28:171][  0]LogAudioMixer: Display: 	Callback Buffer Frame Size To Use:	  1024
[2022.10.11-16.47.28:171][  0]LogAudioMixer: Display: 	Number of buffers to queue:			  2
[2022.10.11-16.47.28:171][  0]LogAudioMixer: Display: 	Max Channels (voices):				  32
[2022.10.11-16.47.28:171][  0]LogAudioMixer: Display: 	Number of Async Source Workers:		  0
[2022.10.11-16.47.28:171][  0]LogAudio: Display: AudioDevice MaxSources: 32
[2022.10.11-16.47.28:172][  0]LogAudio: Display: Audio Spatialization Plugin: None (built-in).
[2022.10.11-16.47.28:172][  0]LogAudio: Display: Audio Reverb Plugin: None (built-in).
[2022.10.11-16.47.28:172][  0]LogAudio: Display: Audio Occlusion Plugin: None (built-in).
[2022.10.11-16.47.28:172][  0]LogAudioMixer: Display: Initializing audio mixer.
[2022.10.11-16.47.28:207][  0]LogAudioMixer: Display: 0: FrontLeft
[2022.10.11-16.47.28:207][  0]LogAudioMixer: Display: 1: FrontRight
[2022.10.11-16.47.28:219][  0]LogAudioMixer: Display: Using Audio Device Głośniki (HyperX Cloud II Wireless)
[2022.10.11-16.47.28:220][  0]LogAudioMixer: Display: Initializing Sound Submixes...
[2022.10.11-16.47.28:222][  0]LogAudioMixer: Display: Creating Master Submix 'MasterSubmixDefault'
[2022.10.11-16.47.28:222][  0]LogAudioMixer: Display: Creating Master Submix 'MasterReverbSubmixDefault'
[2022.10.11-16.47.28:223][  0]LogAudioMixer: Display: Creating Master Submix 'MasterEQSubmixDefault'
[2022.10.11-16.47.28:223][  0]LogAudioMixer: FMixerPlatformXAudio2::StartAudioStream() called
[2022.10.11-16.47.28:223][  0]LogAudioMixer: Display: Output buffers initialized: Frames=1024, Channels=2, Samples=2048
[2022.10.11-16.47.28:224][  0]LogAudioMixer: Display: Starting AudioMixerPlatformInterface::RunInternal()
[2022.10.11-16.47.28:224][  0]LogAudioMixer: Display: FMixerPlatformXAudio2::SubmitBuffer() called for the first time
[2022.10.11-16.47.28:224][  0]LogInit: FAudioDevice initialized.
[2022.10.11-16.47.28:224][  0]LogAudio: Display: Audio Device (ID: 1) registered with world 'Untitled'.
[2022.10.11-16.47.28:224][  0]LogNetVersion: Set ProjectVersion to 1.0.0.0. Version Checksum will be recalculated on next use.
[2022.10.11-16.47.28:268][  0]LogDerivedDataCache: Saved boot cache 0.04s 94MB C:/Users/20050/AppData/Local/UnrealEngine/4.27/DerivedDataCache/Boot.ddc.
[2022.10.11-16.47.28:269][  0]LogInit: Texture streaming: Enabled
[2022.10.11-16.47.28:279][  0]LogAnalytics: Display: [UEEditor.Rocket.Release] APIServer = https://datarouter.ol.epicgames.com/. AppVersion = 4.27.2-18319896+++UE4+Release-4.27
[2022.10.11-16.47.28:282][  0]LogEngineSessionManager: EngineSessionManager initialized
[2022.10.11-16.47.28:282][  0]LogEditorSessionSummary: Verbose: Initializing EditorSessionSummaryWriter for editor session tracking
[2022.10.11-16.47.28:283][  0]LogEditorSessionSummary: EditorSessionSummaryWriter initialized
[2022.10.11-16.47.28:308][  0]LogInit: Transaction tracking system initialized
[2022.10.11-16.47.28:325][  0]BlueprintLog: New page: Editor Load
[2022.10.11-16.47.28:376][  0]LocalizationService: Localization service is disabled
[2022.10.11-16.47.28:396][  0]TimingProfiler: Initialize
[2022.10.11-16.47.28:396][  0]TimingProfiler: OnSessionChanged
[2022.10.11-16.47.28:396][  0]LoadingProfiler: Initialize
[2022.10.11-16.47.28:396][  0]LoadingProfiler: OnSessionChanged
[2022.10.11-16.47.28:396][  0]NetworkingProfiler: Initialize
[2022.10.11-16.47.28:396][  0]NetworkingProfiler: OnSessionChanged
[2022.10.11-16.47.28:396][  0]MemoryProfiler: Initialize
[2022.10.11-16.47.28:396][  0]MemoryProfiler: OnSessionChanged
[2022.10.11-16.47.28:517][  0]LogCook: Display: CookSettings for Memory: MemoryMaxUsedVirtual 0MiB, MemoryMaxUsedPhysical 16384MiB, MemoryMinFreeVirtual 0MiB, MemoryMinFreePhysical 1024MiB
[2022.10.11-16.47.28:517][  0]LogCook: Display: Mobile HDR setting 1
[2022.10.11-16.47.28:672][  0]LogFileCache: Scanning file cache for directory 'C:/Users/20050/OneDrive/Dokumenty/Mafia/MafiaThirdPerson/Content/' took 0.01s
[2022.10.11-16.47.28:806][  0]LogInit: Display: Engine is initialized. Leaving FEngineLoop::Init()
[2022.10.11-16.47.28:809][  0]SourceControl: Source control is disabled
[2022.10.11-16.47.28:809][  0]LogUnrealEdMisc: Loading editor; pre map load, took 5.599
[2022.10.11-16.47.28:809][  0]Cmd: MAP LOAD FILE="../../../../../../Users/20050/OneDrive/Dokumenty/Mafia/MafiaThirdPerson/Content/ThirdPersonBP/Maps/ThirdPersonExampleMap.umap" TEMPLATE=0 SHOWPROGRESS=1 FEATURELEVEL=3
[2022.10.11-16.47.28:809][  0]LightingResults: New page: Lighting Build
[2022.10.11-16.47.28:810][  0]LogWorld: UWorld::CleanupWorld for Untitled, bSessionEnded=true, bCleanupResources=true
[2022.10.11-16.47.28:810][  0]LogSlate: InvalidateAllWidgets triggered.  All widgets were invalidated
[2022.10.11-16.47.28:810][  0]MapCheck: New page: Map Check
[2022.10.11-16.47.28:810][  0]LightingResults: New page: Lighting Build
[2022.10.11-16.47.28:814][  0]LogAudio: Display: Audio Device unregistered from world 'None'.
[2022.10.11-16.47.28:817][  0]LogUObjectHash: Compacting FUObjectHashTables data took   0.74ms
[2022.10.11-16.47.29:218][  0]LogAudio: Display: Audio Device (ID: 1) registered with world 'ThirdPersonExampleMap'.
[2022.10.11-16.47.29:219][  0]LogAIModule: Creating AISystem for world ThirdPersonExampleMap
[2022.10.11-16.47.29:236][  0]LogEditorServer: Finished looking for orphan Actors (0.000 secs)
[2022.10.11-16.47.29:244][  0]LogUObjectHash: Compacting FUObjectHashTables data took   0.85ms
[2022.10.11-16.47.29:245][  0]Cmd: MAP CHECKDEP NOCLEARLOG
[2022.10.11-16.47.29:245][  0]MapCheck: Map check complete: 0 Error(s), 0 Warning(s), took 0.202ms to complete.
[2022.10.11-16.47.29:245][  0]LogFileHelpers: Loading map 'ThirdPersonExampleMap' took 0.436
[2022.10.11-16.47.29:246][  0]LogUnrealEdMisc: Total Editor Startup Time, took 6.037
[2022.10.11-16.47.29:360][  0]LogSlate: Updating window title bar state: overlay mode, drag disabled, window buttons hidden, title bar hidden
[2022.10.11-16.47.29:366][  0]LogSlate: Updating window title bar state: overlay mode, drag disabled, window buttons hidden, title bar hidden
[2022.10.11-16.47.29:370][  0]LogSlate: Updating window title bar state: overlay mode, drag disabled, window buttons hidden, title bar hidden
[2022.10.11-16.47.29:375][  0]LogSlate: Updating window title bar state: overlay mode, drag disabled, window buttons hidden, title bar hidden
[2022.10.11-16.47.29:391][  0]LogNativeClassHierarchy: Verbose: Native class hierarchy populated in 0.0090 seconds. Added 3822 classes and 928 folders.
[2022.10.11-16.47.29:392][  0]LogNativeClassHierarchy: Verbose: Native class hierarchy updated for 'WidgetCarousel' in 0.0003 seconds. Added 0 classes and 0 folders.
[2022.10.11-16.47.29:399][  0]LogPakFile: PakFile PrimaryIndexSize=187
[2022.10.11-16.47.29:399][  0]LogPakFile: PakFile PathHashIndexSize=101
[2022.10.11-16.47.29:399][  0]LogPakFile: PakFile FullDirectoryIndexSize=148
[2022.10.11-16.47.29:399][  0]LogShaderLibrary: Display: ShaderCodeLibraryPakFileMountedCallback: PakFile 'C:/Program Files/Epic Games/UE_4.27/FeaturePacks/FP_FirstPerson.upack' (chunk index -1, root 'root:/') mounted
[2022.10.11-16.47.29:399][  0]LogShaderLibrary: Display: ShaderCodeLibraryPakFileMountedCallback: pending pak file info (ChunkID:-1 Root:root:/ File:C:/Program Files/Epic Games/UE_4.27/FeaturePacks/FP_FirstPerson.upack)
[2022.10.11-16.47.29:399][  0]LogPakFile: OnPakFileMounted2Time == 0.000055
[2022.10.11-16.47.29:404][  0]LogPakFile: PakFile PrimaryIndexSize=189
[2022.10.11-16.47.29:404][  0]LogPakFile: PakFile PathHashIndexSize=101
[2022.10.11-16.47.29:404][  0]LogPakFile: PakFile FullDirectoryIndexSize=152
[2022.10.11-16.47.29:404][  0]LogShaderLibrary: Display: ShaderCodeLibraryPakFileMountedCallback: PakFile 'C:/Program Files/Epic Games/UE_4.27/FeaturePacks/FP_FirstPersonBP.upack' (chunk index -1, root 'root:/') mounted
[2022.10.11-16.47.29:405][  0]LogShaderLibrary: Display: ShaderCodeLibraryPakFileMountedCallback: pending pak file info (ChunkID:-1 Root:root:/ File:C:/Program Files/Epic Games/UE_4.27/FeaturePacks/FP_FirstPersonBP.upack)
[2022.10.11-16.47.29:405][  0]LogPakFile: OnPakFileMounted2Time == 0.000041
[2022.10.11-16.47.29:408][  0]LogPakFile: PakFile PrimaryIndexSize=191
[2022.10.11-16.47.29:408][  0]LogPakFile: PakFile PathHashIndexSize=101
[2022.10.11-16.47.29:408][  0]LogPakFile: PakFile FullDirectoryIndexSize=160
[2022.10.11-16.47.29:408][  0]LogShaderLibrary: Display: ShaderCodeLibraryPakFileMountedCallback: PakFile 'C:/Program Files/Epic Games/UE_4.27/FeaturePacks/MobileStarterContent.upack' (chunk index -1, root 'root:/') mounted
[2022.10.11-16.47.29:408][  0]LogShaderLibrary: Display: ShaderCodeLibraryPakFileMountedCallback: pending pak file info (ChunkID:-1 Root:root:/ File:C:/Program Files/Epic Games/UE_4.27/FeaturePacks/MobileStarterContent.upack)
[2022.10.11-16.47.29:408][  0]LogPakFile: OnPakFileMounted2Time == 0.000030
[2022.10.11-16.47.29:411][  0]LogPakFile: PakFile PrimaryIndexSize=185
[2022.10.11-16.47.29:411][  0]LogPakFile: PakFile PathHashIndexSize=101
[2022.10.11-16.47.29:411][  0]LogPakFile: PakFile FullDirectoryIndexSize=148
[2022.10.11-16.47.29:411][  0]LogShaderLibrary: Display: ShaderCodeLibraryPakFileMountedCallback: PakFile 'C:/Program Files/Epic Games/UE_4.27/FeaturePacks/StarterContent.upack' (chunk index -1, root 'root:/') mounted
[2022.10.11-16.47.29:411][  0]LogShaderLibrary: Display: ShaderCodeLibraryPakFileMountedCallback: pending pak file info (ChunkID:-1 Root:root:/ File:C:/Program Files/Epic Games/UE_4.27/FeaturePacks/StarterContent.upack)
[2022.10.11-16.47.29:411][  0]LogPakFile: OnPakFileMounted2Time == 0.000036
[2022.10.11-16.47.29:415][  0]LogPakFile: PakFile PrimaryIndexSize=190
[2022.10.11-16.47.29:415][  0]LogPakFile: PakFile PathHashIndexSize=101
[2022.10.11-16.47.29:415][  0]LogPakFile: PakFile FullDirectoryIndexSize=154
[2022.10.11-16.47.29:415][  0]LogShaderLibrary: Display: ShaderCodeLibraryPakFileMountedCallback: PakFile 'C:/Program Files/Epic Games/UE_4.27/FeaturePacks/TP_2DSideScroller.upack' (chunk index -1, root 'root:/') mounted
[2022.10.11-16.47.29:415][  0]LogShaderLibrary: Display: ShaderCodeLibraryPakFileMountedCallback: pending pak file info (ChunkID:-1 Root:root:/ File:C:/Program Files/Epic Games/UE_4.27/FeaturePacks/TP_2DSideScroller.upack)
[2022.10.11-16.47.29:415][  0]LogPakFile: OnPakFileMounted2Time == 0.000036
[2022.10.11-16.47.29:418][  0]LogPakFile: PakFile PrimaryIndexSize=192
[2022.10.11-16.47.29:418][  0]LogPakFile: PakFile PathHashIndexSize=101
[2022.10.11-16.47.29:418][  0]LogPakFile: PakFile FullDirectoryIndexSize=158
[2022.10.11-16.47.29:418][  0]LogShaderLibrary: Display: ShaderCodeLibraryPakFileMountedCallback: PakFile 'C:/Program Files/Epic Games/UE_4.27/FeaturePacks/TP_2DSideScrollerBP.upack' (chunk index -1, root 'root:/') mounted
[2022.10.11-16.47.29:418][  0]LogShaderLibrary: Display: ShaderCodeLibraryPakFileMountedCallback: pending pak file info (ChunkID:-1 Root:root:/ File:C:/Program Files/Epic Games/UE_4.27/FeaturePacks/TP_2DSideScrollerBP.upack)
[2022.10.11-16.47.29:418][  0]LogPakFile: OnPakFileMounted2Time == 0.000034
[2022.10.11-16.47.29:421][  0]LogPakFile: PakFile PrimaryIndexSize=182
[2022.10.11-16.47.29:421][  0]LogPakFile: PakFile PathHashIndexSize=101
[2022.10.11-16.47.29:421][  0]LogPakFile: PakFile FullDirectoryIndexSize=138
[2022.10.11-16.47.29:421][  0]LogShaderLibrary: Display: ShaderCodeLibraryPakFileMountedCallback: PakFile 'C:/Program Files/Epic Games/UE_4.27/FeaturePacks/TP_Flying.upack' (chunk index -1, root 'root:/') mounted
[2022.10.11-16.47.29:421][  0]LogShaderLibrary: Display: ShaderCodeLibraryPakFileMountedCallback: pending pak file info (ChunkID:-1 Root:root:/ File:C:/Program Files/Epic Games/UE_4.27/FeaturePacks/TP_Flying.upack)
[2022.10.11-16.47.29:421][  0]LogPakFile: OnPakFileMounted2Time == 0.000041
[2022.10.11-16.47.29:425][  0]LogPakFile: PakFile PrimaryIndexSize=184
[2022.10.11-16.47.29:425][  0]LogPakFile: PakFile PathHashIndexSize=101
[2022.10.11-16.47.29:425][  0]LogPakFile: PakFile FullDirectoryIndexSize=142
[2022.10.11-16.47.29:425][  0]LogShaderLibrary: Display: ShaderCodeLibraryPakFileMountedCallback: PakFile 'C:/Program Files/Epic Games/UE_4.27/FeaturePacks/TP_FlyingBP.upack' (chunk index -1, root 'root:/') mounted
[2022.10.11-16.47.29:425][  0]LogShaderLibrary: Display: ShaderCodeLibraryPakFileMountedCallback: pending pak file info (ChunkID:-1 Root:root:/ File:C:/Program Files/Epic Games/UE_4.27/FeaturePacks/TP_FlyingBP.upack)
[2022.10.11-16.47.29:426][  0]LogPakFile: OnPakFileMounted2Time == 0.000035
[2022.10.11-16.47.29:429][  0]LogPakFile: PakFile PrimaryIndexSize=188
[2022.10.11-16.47.29:429][  0]LogPakFile: PakFile PathHashIndexSize=101
[2022.10.11-16.47.29:429][  0]LogPakFile: PakFile FullDirectoryIndexSize=150
[2022.10.11-16.47.29:429][  0]LogShaderLibrary: Display: ShaderCodeLibraryPakFileMountedCallback: PakFile 'C:/Program Files/Epic Games/UE_4.27/FeaturePacks/TP_HandheldARBP.upack' (chunk index -1, root 'root:/') mounted
[2022.10.11-16.47.29:429][  0]LogShaderLibrary: Display: ShaderCodeLibraryPakFileMountedCallback: pending pak file info (ChunkID:-1 Root:root:/ File:C:/Program Files/Epic Games/UE_4.27/FeaturePacks/TP_HandheldARBP.upack)
[2022.10.11-16.47.29:429][  0]LogPakFile: OnPakFileMounted2Time == 0.000034
[2022.10.11-16.47.29:433][  0]LogPakFile: PakFile PrimaryIndexSize=182
[2022.10.11-16.47.29:433][  0]LogPakFile: PakFile PathHashIndexSize=101
[2022.10.11-16.47.29:433][  0]LogPakFile: PakFile FullDirectoryIndexSize=138
[2022.10.11-16.47.29:433][  0]LogShaderLibrary: Display: ShaderCodeLibraryPakFileMountedCallback: PakFile 'C:/Program Files/Epic Games/UE_4.27/FeaturePacks/TP_Puzzle.upack' (chunk index -1, root 'root:/') mounted
[2022.10.11-16.47.29:433][  0]LogShaderLibrary: Display: ShaderCodeLibraryPakFileMountedCallback: pending pak file info (ChunkID:-1 Root:root:/ File:C:/Program Files/Epic Games/UE_4.27/FeaturePacks/TP_Puzzle.upack)
[2022.10.11-16.47.29:433][  0]LogPakFile: OnPakFileMounted2Time == 0.000035
[2022.10.11-16.47.29:436][  0]LogPakFile: PakFile PrimaryIndexSize=184
[2022.10.11-16.47.29:436][  0]LogPakFile: PakFile PathHashIndexSize=101
[2022.10.11-16.47.29:436][  0]LogPakFile: PakFile FullDirectoryIndexSize=142
[2022.10.11-16.47.29:436][  0]LogShaderLibrary: Display: ShaderCodeLibraryPakFileMountedCallback: PakFile 'C:/Program Files/Epic Games/UE_4.27/FeaturePacks/TP_PuzzleBP.upack' (chunk index -1, root 'root:/') mounted
[2022.10.11-16.47.29:436][  0]LogShaderLibrary: Display: ShaderCodeLibraryPakFileMountedCallback: pending pak file info (ChunkID:-1 Root:root:/ File:C:/Program Files/Epic Games/UE_4.27/FeaturePacks/TP_PuzzleBP.upack)
[2022.10.11-16.47.29:436][  0]LogPakFile: OnPakFileMounted2Time == 0.000032
[2022.10.11-16.47.29:440][  0]LogPakFile: PakFile PrimaryIndexSize=183
[2022.10.11-16.47.29:440][  0]LogPakFile: PakFile PathHashIndexSize=101
[2022.10.11-16.47.29:440][  0]LogPakFile: PakFile FullDirectoryIndexSize=140
[2022.10.11-16.47.29:440][  0]LogShaderLibrary: Display: ShaderCodeLibraryPakFileMountedCallback: PakFile 'C:/Program Files/Epic Games/UE_4.27/FeaturePacks/TP_Rolling.upack' (chunk index -1, root 'root:/') mounted
[2022.10.11-16.47.29:440][  0]LogShaderLibrary: Display: ShaderCodeLibraryPakFileMountedCallback: pending pak file info (ChunkID:-1 Root:root:/ File:C:/Program Files/Epic Games/UE_4.27/FeaturePacks/TP_Rolling.upack)
[2022.10.11-16.47.29:440][  0]LogPakFile: OnPakFileMounted2Time == 0.000031
[2022.10.11-16.47.29:443][  0]LogPakFile: PakFile PrimaryIndexSize=185
[2022.10.11-16.47.29:443][  0]LogPakFile: PakFile PathHashIndexSize=101
[2022.10.11-16.47.29:443][  0]LogPakFile: PakFile FullDirectoryIndexSize=144
[2022.10.11-16.47.29:443][  0]LogShaderLibrary: Display: ShaderCodeLibraryPakFileMountedCallback: PakFile 'C:/Program Files/Epic Games/UE_4.27/FeaturePacks/TP_RollingBP.upack' (chunk index -1, root 'root:/') mounted
[2022.10.11-16.47.29:443][  0]LogShaderLibrary: Display: ShaderCodeLibraryPakFileMountedCallback: pending pak file info (ChunkID:-1 Root:root:/ File:C:/Program Files/Epic Games/UE_4.27/FeaturePacks/TP_RollingBP.upack)
[2022.10.11-16.47.29:443][  0]LogPakFile: OnPakFileMounted2Time == 0.000036
[2022.10.11-16.47.29:447][  0]LogPakFile: PakFile PrimaryIndexSize=188
[2022.10.11-16.47.29:447][  0]LogPakFile: PakFile PathHashIndexSize=101
[2022.10.11-16.47.29:447][  0]LogPakFile: PakFile FullDirectoryIndexSize=150
[2022.10.11-16.47.29:447][  0]LogShaderLibrary: Display: ShaderCodeLibraryPakFileMountedCallback: PakFile 'C:/Program Files/Epic Games/UE_4.27/FeaturePacks/TP_SideScroller.upack' (chunk index -1, root 'root:/') mounted
[2022.10.11-16.47.29:447][  0]LogShaderLibrary: Display: ShaderCodeLibraryPakFileMountedCallback: pending pak file info (ChunkID:-1 Root:root:/ File:C:/Program Files/Epic Games/UE_4.27/FeaturePacks/TP_SideScroller.upack)
[2022.10.11-16.47.29:447][  0]LogPakFile: OnPakFileMounted2Time == 0.000029
[2022.10.11-16.47.29:450][  0]LogPakFile: PakFile PrimaryIndexSize=190
[2022.10.11-16.47.29:450][  0]LogPakFile: PakFile PathHashIndexSize=101
[2022.10.11-16.47.29:450][  0]LogPakFile: PakFile FullDirectoryIndexSize=154
[2022.10.11-16.47.29:450][  0]LogShaderLibrary: Display: ShaderCodeLibraryPakFileMountedCallback: PakFile 'C:/Program Files/Epic Games/UE_4.27/FeaturePacks/TP_SideScrollerBP.upack' (chunk index -1, root 'root:/') mounted
[2022.10.11-16.47.29:450][  0]LogShaderLibrary: Display: ShaderCodeLibraryPakFileMountedCallback: pending pak file info (ChunkID:-1 Root:root:/ File:C:/Program Files/Epic Games/UE_4.27/FeaturePacks/TP_SideScrollerBP.upack)
[2022.10.11-16.47.29:450][  0]LogPakFile: OnPakFileMounted2Time == 0.000029
[2022.10.11-16.47.29:453][  0]LogPakFile: PakFile PrimaryIndexSize=187
[2022.10.11-16.47.29:453][  0]LogPakFile: PakFile PathHashIndexSize=101
[2022.10.11-16.47.29:453][  0]LogPakFile: PakFile FullDirectoryIndexSize=148
[2022.10.11-16.47.29:453][  0]LogShaderLibrary: Display: ShaderCodeLibraryPakFileMountedCallback: PakFile 'C:/Program Files/Epic Games/UE_4.27/FeaturePacks/TP_ThirdPerson.upack' (chunk index -1, root 'root:/') mounted
[2022.10.11-16.47.29:453][  0]LogShaderLibrary: Display: ShaderCodeLibraryPakFileMountedCallback: pending pak file info (ChunkID:-1 Root:root:/ File:C:/Program Files/Epic Games/UE_4.27/FeaturePacks/TP_ThirdPerson.upack)
[2022.10.11-16.47.29:453][  0]LogPakFile: OnPakFileMounted2Time == 0.000030
[2022.10.11-16.47.29:456][  0]LogPakFile: PakFile PrimaryIndexSize=189
[2022.10.11-16.47.29:456][  0]LogPakFile: PakFile PathHashIndexSize=101
[2022.10.11-16.47.29:456][  0]LogPakFile: PakFile FullDirectoryIndexSize=152
[2022.10.11-16.47.29:456][  0]LogShaderLibrary: Display: ShaderCodeLibraryPakFileMountedCallback: PakFile 'C:/Program Files/Epic Games/UE_4.27/FeaturePacks/TP_ThirdPersonBP.upack' (chunk index -1, root 'root:/') mounted
[2022.10.11-16.47.29:456][  0]LogShaderLibrary: Display: ShaderCodeLibraryPakFileMountedCallback: pending pak file info (ChunkID:-1 Root:root:/ File:C:/Program Files/Epic Games/UE_4.27/FeaturePacks/TP_ThirdPersonBP.upack)
[2022.10.11-16.47.29:456][  0]LogPakFile: OnPakFileMounted2Time == 0.000032
[2022.10.11-16.47.29:460][  0]LogPakFile: PakFile PrimaryIndexSize=183
[2022.10.11-16.47.29:460][  0]LogPakFile: PakFile PathHashIndexSize=101
[2022.10.11-16.47.29:460][  0]LogPakFile: PakFile FullDirectoryIndexSize=140
[2022.10.11-16.47.29:460][  0]LogShaderLibrary: Display: ShaderCodeLibraryPakFileMountedCallback: PakFile 'C:/Program Files/Epic Games/UE_4.27/FeaturePacks/TP_TopDown.upack' (chunk index -1, root 'root:/') mounted
[2022.10.11-16.47.29:460][  0]LogShaderLibrary: Display: ShaderCodeLibraryPakFileMountedCallback: pending pak file info (ChunkID:-1 Root:root:/ File:C:/Program Files/Epic Games/UE_4.27/FeaturePacks/TP_TopDown.upack)
[2022.10.11-16.47.29:460][  0]LogPakFile: OnPakFileMounted2Time == 0.000053
[2022.10.11-16.47.29:464][  0]LogPakFile: PakFile PrimaryIndexSize=185
[2022.10.11-16.47.29:464][  0]LogPakFile: PakFile PathHashIndexSize=101
[2022.10.11-16.47.29:464][  0]LogPakFile: PakFile FullDirectoryIndexSize=144
[2022.10.11-16.47.29:464][  0]LogShaderLibrary: Display: ShaderCodeLibraryPakFileMountedCallback: PakFile 'C:/Program Files/Epic Games/UE_4.27/FeaturePacks/TP_TopDownBP.upack' (chunk index -1, root 'root:/') mounted
[2022.10.11-16.47.29:464][  0]LogShaderLibrary: Display: ShaderCodeLibraryPakFileMountedCallback: pending pak file info (ChunkID:-1 Root:root:/ File:C:/Program Files/Epic Games/UE_4.27/FeaturePacks/TP_TopDownBP.upack)
[2022.10.11-16.47.29:464][  0]LogPakFile: OnPakFileMounted2Time == 0.000030
[2022.10.11-16.47.29:470][  0]LogPakFile: PakFile PrimaryIndexSize=185
[2022.10.11-16.47.29:470][  0]LogPakFile: PakFile PathHashIndexSize=101
[2022.10.11-16.47.29:470][  0]LogPakFile: PakFile FullDirectoryIndexSize=144
[2022.10.11-16.47.29:470][  0]LogShaderLibrary: Display: ShaderCodeLibraryPakFileMountedCallback: PakFile 'C:/Program Files/Epic Games/UE_4.27/FeaturePacks/TP_TwinStick.upack' (chunk index -1, root 'root:/') mounted
[2022.10.11-16.47.29:470][  0]LogShaderLibrary: Display: ShaderCodeLibraryPakFileMountedCallback: pending pak file info (ChunkID:-1 Root:root:/ File:C:/Program Files/Epic Games/UE_4.27/FeaturePacks/TP_TwinStick.upack)
[2022.10.11-16.47.29:470][  0]LogPakFile: OnPakFileMounted2Time == 0.000042
[2022.10.11-16.47.29:475][  0]LogPakFile: PakFile PrimaryIndexSize=187
[2022.10.11-16.47.29:475][  0]LogPakFile: PakFile PathHashIndexSize=101
[2022.10.11-16.47.29:475][  0]LogPakFile: PakFile FullDirectoryIndexSize=148
[2022.10.11-16.47.29:475][  0]LogShaderLibrary: Display: ShaderCodeLibraryPakFileMountedCallback: PakFile 'C:/Program Files/Epic Games/UE_4.27/FeaturePacks/TP_TwinStickBP.upack' (chunk index -1, root 'root:/') mounted
[2022.10.11-16.47.29:475][  0]LogShaderLibrary: Display: ShaderCodeLibraryPakFileMountedCallback: pending pak file info (ChunkID:-1 Root:root:/ File:C:/Program Files/Epic Games/UE_4.27/FeaturePacks/TP_TwinStickBP.upack)
[2022.10.11-16.47.29:475][  0]LogPakFile: OnPakFileMounted2Time == 0.000047
[2022.10.11-16.47.29:480][  0]LogPakFile: PakFile PrimaryIndexSize=183
[2022.10.11-16.47.29:480][  0]LogPakFile: PakFile PathHashIndexSize=101
[2022.10.11-16.47.29:480][  0]LogPakFile: PakFile FullDirectoryIndexSize=140
[2022.10.11-16.47.29:480][  0]LogShaderLibrary: Display: ShaderCodeLibraryPakFileMountedCallback: PakFile 'C:/Program Files/Epic Games/UE_4.27/FeaturePacks/TP_Vehicle.upack' (chunk index -1, root 'root:/') mounted
[2022.10.11-16.47.29:480][  0]LogShaderLibrary: Display: ShaderCodeLibraryPakFileMountedCallback: pending pak file info (ChunkID:-1 Root:root:/ File:C:/Program Files/Epic Games/UE_4.27/FeaturePacks/TP_Vehicle.upack)
[2022.10.11-16.47.29:480][  0]LogPakFile: OnPakFileMounted2Time == 0.000057
[2022.10.11-16.47.29:484][  0]LogPakFile: PakFile PrimaryIndexSize=186
[2022.10.11-16.47.29:484][  0]LogPakFile: PakFile PathHashIndexSize=101
[2022.10.11-16.47.29:484][  0]LogPakFile: PakFile FullDirectoryIndexSize=146
[2022.10.11-16.47.29:484][  0]LogShaderLibrary: Display: ShaderCodeLibraryPakFileMountedCallback: PakFile 'C:/Program Files/Epic Games/UE_4.27/FeaturePacks/TP_VehicleAdv.upack' (chunk index -1, root 'root:/') mounted
[2022.10.11-16.47.29:484][  0]LogShaderLibrary: Display: ShaderCodeLibraryPakFileMountedCallback: pending pak file info (ChunkID:-1 Root:root:/ File:C:/Program Files/Epic Games/UE_4.27/FeaturePacks/TP_VehicleAdv.upack)
[2022.10.11-16.47.29:484][  0]LogPakFile: OnPakFileMounted2Time == 0.000038
[2022.10.11-16.47.29:488][  0]LogPakFile: PakFile PrimaryIndexSize=188
[2022.10.11-16.47.29:488][  0]LogPakFile: PakFile PathHashIndexSize=101
[2022.10.11-16.47.29:488][  0]LogPakFile: PakFile FullDirectoryIndexSize=150
[2022.10.11-16.47.29:488][  0]LogShaderLibrary: Display: ShaderCodeLibraryPakFileMountedCallback: PakFile 'C:/Program Files/Epic Games/UE_4.27/FeaturePacks/TP_VehicleAdvBP.upack' (chunk index -1, root 'root:/') mounted
[2022.10.11-16.47.29:488][  0]LogShaderLibrary: Display: ShaderCodeLibraryPakFileMountedCallback: pending pak file info (ChunkID:-1 Root:root:/ File:C:/Program Files/Epic Games/UE_4.27/FeaturePacks/TP_VehicleAdvBP.upack)
[2022.10.11-16.47.29:488][  0]LogPakFile: OnPakFileMounted2Time == 0.000038
[2022.10.11-16.47.29:492][  0]LogPakFile: PakFile PrimaryIndexSize=185
[2022.10.11-16.47.29:492][  0]LogPakFile: PakFile PathHashIndexSize=101
[2022.10.11-16.47.29:492][  0]LogPakFile: PakFile FullDirectoryIndexSize=144
[2022.10.11-16.47.29:492][  0]LogShaderLibrary: Display: ShaderCodeLibraryPakFileMountedCallback: PakFile 'C:/Program Files/Epic Games/UE_4.27/FeaturePacks/TP_VehicleBP.upack' (chunk index -1, root 'root:/') mounted
[2022.10.11-16.47.29:492][  0]LogShaderLibrary: Display: ShaderCodeLibraryPakFileMountedCallback: pending pak file info (ChunkID:-1 Root:root:/ File:C:/Program Files/Epic Games/UE_4.27/FeaturePacks/TP_VehicleBP.upack)
[2022.10.11-16.47.29:492][  0]LogPakFile: OnPakFileMounted2Time == 0.000033
[2022.10.11-16.47.29:495][  0]LogPakFile: PakFile PrimaryIndexSize=192
[2022.10.11-16.47.29:495][  0]LogPakFile: PakFile PathHashIndexSize=101
[2022.10.11-16.47.29:495][  0]LogPakFile: PakFile FullDirectoryIndexSize=158
[2022.10.11-16.47.29:495][  0]LogShaderLibrary: Display: ShaderCodeLibraryPakFileMountedCallback: PakFile 'C:/Program Files/Epic Games/UE_4.27/FeaturePacks/TP_VirtualRealityBP.upack' (chunk index -1, root 'root:/') mounted
[2022.10.11-16.47.29:495][  0]LogShaderLibrary: Display: ShaderCodeLibraryPakFileMountedCallback: pending pak file info (ChunkID:-1 Root:root:/ File:C:/Program Files/Epic Games/UE_4.27/FeaturePacks/TP_VirtualRealityBP.upack)
[2022.10.11-16.47.29:495][  0]LogPakFile: OnPakFileMounted2Time == 0.000037
[2022.10.11-16.47.29:599][  0]LogNativeClassHierarchy: Verbose: Native class hierarchy updated for 'AddContentDialog' in 0.0003 seconds. Added 0 classes and 0 folders.
[2022.10.11-16.47.29:600][  0]LogNativeClassHierarchy: Verbose: Native class hierarchy updated for 'SceneOutliner' in 0.0002 seconds. Added 2 classes and 0 folders.
[2022.10.11-16.47.29:623][  0]LogSlate: Took 0.000140 seconds to synchronously load lazily loaded font '../../../Engine/Content/Slate/Fonts/Roboto-Regular.ttf' (155K)
[2022.10.11-16.47.29:628][  0]LogSlate: Took 0.003619 seconds to synchronously load lazily loaded font '../../../Engine/Content/Editor/Slate/Fonts/FontAwesome.ttf' (139K)
[2022.10.11-16.47.29:628][  0]LogSlate: Took 0.000100 seconds to synchronously load lazily loaded font '../../../Engine/Content/Slate/Fonts/Roboto-Bold.ttf' (160K)
[2022.10.11-16.47.29:735][  0]LogRenderer: Reallocating scene render targets to support 1072x564 Format 10 NumSamples 1 (Frame:1).
[2022.10.11-16.47.29:949][  0]LogNativeClassHierarchy: Verbose: Native class hierarchy updated for 'HierarchicalLODOutliner' in 0.0003 seconds. Added 0 classes and 0 folders.
[2022.10.11-16.47.29:949][  0]LogInput: Warning: Action Jump uses invalid key OculusGo_Left_Trigger_Click.
[2022.10.11-16.47.29:949][  0]LogInput: Warning: Action ResetVR uses invalid key OculusGo_Left_Trackpad_Click.
[2022.10.11-16.47.29:949][  0]LogInput: Warning: Use -RemoveInvalidKeys to remove instances of these keys from the action mapping.
[2022.10.11-16.47.29:949][  0]LogLoad: (Engine Initialization) Total time: 6.74 seconds
[2022.10.11-16.47.29:949][  0]LogLoad: (Engine Initialization) Total Blueprint compile time: 0.00 seconds
[2022.10.11-16.47.29:986][  0]LogAssetRegistry: Asset discovery search completed in 4.0840 seconds
[2022.10.11-16.47.29:990][  0]LogCollectionManager: Fixed up redirectors for 0 collections in 0.000003 seconds (updated 0 objects)
[2022.10.11-16.47.29:992][  0]LogContentStreaming: Texture pool size now 1000 MB
[2022.10.11-16.47.41:407][280]LogSlate: Only BGRA pngs, bmps or icos are supported in by External Image Picker
[2022.10.11-16.47.58:714][313]LogSlate: Took 0.003693 seconds to synchronously load lazily loaded font '../../../Engine/Content/Slate/Fonts/Roboto-Light.ttf' (167K)
[2022.10.11-16.48.15:831][337]LogTemp: Repeating last play command: Selected Viewport
[2022.10.11-16.48.15:835][337]LogPlayLevel: PlayLevel: No blueprints needed recompiling
[2022.10.11-16.48.15:835][337]PIE: New page: PIE session: ThirdPersonExampleMap (Oct 11, 2022, 4:48:15 PM)
[2022.10.11-16.48.15:837][337]LogOnline: OSS: Creating online subsystem instance for: NULL
[2022.10.11-16.48.15:838][337]LogOnline: OSS: TryLoadSubsystemAndSetDefault: Loaded subsystem for module [NULL]
[2022.10.11-16.48.15:838][337]LogPlayLevel: Creating play world package: /Game/ThirdPersonBP/Maps/UEDPIE_0_ThirdPersonExampleMap
[2022.10.11-16.48.15:850][337]LogPlayLevel: PIE: StaticDuplicateObject took: (0.012115s)
[2022.10.11-16.48.15:851][337]LogAIModule: Creating AISystem for world ThirdPersonExampleMap
[2022.10.11-16.48.15:851][337]LogPlayLevel: PIE: World Init took: (0.000940s)
[2022.10.11-16.48.15:851][337]LogPlayLevel: PIE: Created PIE world by copying editor world from /Game/ThirdPersonBP/Maps/ThirdPersonExampleMap.ThirdPersonExampleMap to /Game/ThirdPersonBP/Maps/UEDPIE_0_ThirdPersonExampleMap.ThirdPersonExampleMap (0.013225s)
[2022.10.11-16.48.15:856][337]LogUObjectHash: Compacting FUObjectHashTables data took   0.97ms
[2022.10.11-16.48.15:857][337]LogAudio: Display: Creating Audio Device:                 Id: 2, Scope: Unique, Realtime: True
[2022.10.11-16.48.15:857][337]LogAudioMixer: Display: Audio Mixer Platform Settings:
[2022.10.11-16.48.15:857][337]LogAudioMixer: Display: 	Sample Rate:						  48000
[2022.10.11-16.48.15:857][337]LogAudioMixer: Display: 	Callback Buffer Frame Size Requested: 1024
[2022.10.11-16.48.15:857][337]LogAudioMixer: Display: 	Callback Buffer Frame Size To Use:	  1024
[2022.10.11-16.48.15:857][337]LogAudioMixer: Display: 	Number of buffers to queue:			  2
[2022.10.11-16.48.15:857][337]LogAudioMixer: Display: 	Max Channels (voices):				  32
[2022.10.11-16.48.15:857][337]LogAudioMixer: Display: 	Number of Async Source Workers:		  0
[2022.10.11-16.48.15:857][337]LogAudio: Display: AudioDevice MaxSources: 32
[2022.10.11-16.48.15:857][337]LogAudio: Display: Audio Spatialization Plugin: None (built-in).
[2022.10.11-16.48.15:857][337]LogAudio: Display: Audio Reverb Plugin: None (built-in).
[2022.10.11-16.48.15:857][337]LogAudio: Display: Audio Occlusion Plugin: None (built-in).
[2022.10.11-16.48.15:857][337]LogAudioMixer: Display: Initializing audio mixer.
[2022.10.11-16.48.15:860][337]LogAudioMixer: Display: 0: FrontLeft
[2022.10.11-16.48.15:860][337]LogAudioMixer: Display: 1: FrontRight
[2022.10.11-16.48.15:868][337]LogAudioMixer: Display: Using Audio Device Głośniki (HyperX Cloud II Wireless)
[2022.10.11-16.48.15:868][337]LogAudioMixer: Display: Initializing Sound Submixes...
[2022.10.11-16.48.15:868][337]LogAudioMixer: Display: Creating Master Submix 'MasterSubmixDefault'
[2022.10.11-16.48.15:868][337]LogAudioMixer: Display: Creating Master Submix 'MasterReverbSubmixDefault'
[2022.10.11-16.48.15:869][337]LogAudioMixer: Display: Creating Master Submix 'MasterEQSubmixDefault'
[2022.10.11-16.48.15:869][337]LogAudioMixer: FMixerPlatformXAudio2::StartAudioStream() called
[2022.10.11-16.48.15:869][337]LogAudioMixer: Display: Output buffers initialized: Frames=1024, Channels=2, Samples=2048
[2022.10.11-16.48.15:870][337]LogAudioMixer: Display: Starting AudioMixerPlatformInterface::RunInternal()
[2022.10.11-16.48.15:870][337]LogAudioMixer: Display: FMixerPlatformXAudio2::SubmitBuffer() called for the first time
[2022.10.11-16.48.15:870][337]LogInit: FAudioDevice initialized.
[2022.10.11-16.48.15:870][337]LogAudio: Display: Audio Device (ID: 2) registered with world 'ThirdPersonExampleMap'.
[2022.10.11-16.48.15:877][337]LogLoad: Game class is 'ThirdPersonGameMode_C'
[2022.10.11-16.48.15:882][337]LogWorld: Bringing World /Game/ThirdPersonBP/Maps/UEDPIE_0_ThirdPersonExampleMap.ThirdPersonExampleMap up for play (max tick rate 0) at 2022.10.11-16.48.15
[2022.10.11-16.48.15:884][337]LogWorld: Bringing up level for play took: 0.006614
[2022.10.11-16.48.15:884][337]LogOnline: OSS: Creating online subsystem instance for: :Context_2
[2022.10.11-16.48.15:888][337]LogNativeClassHierarchy: Verbose: Native class hierarchy updated for 'MovieSceneCapture' in 0.0003 seconds. Added 20 classes and 0 folders.
[2022.10.11-16.48.15:890][337]PIE: Server logged in
[2022.10.11-16.48.15:891][337]PIE: Play in editor total start time 0.057 seconds.
[2022.10.11-16.48.35:461][673]LogSlate: Updating window title bar state: overlay mode, drag disabled, window buttons hidden, title bar hidden
[2022.10.11-16.48.35:461][673]LogWorld: BeginTearingDown for /Game/ThirdPersonBP/Maps/UEDPIE_0_ThirdPersonExampleMap
[2022.10.11-16.48.35:461][673]LogWorld: UWorld::CleanupWorld for ThirdPersonExampleMap, bSessionEnded=true, bCleanupResources=true
[2022.10.11-16.48.35:462][673]LogSlate: InvalidateAllWidgets triggered.  All widgets were invalidated
[2022.10.11-16.48.35:471][673]LogPlayLevel: Display: Shutting down PIE online subsystems
[2022.10.11-16.48.35:472][673]LogSlate: InvalidateAllWidgets triggered.  All widgets were invalidated
[2022.10.11-16.48.35:476][673]LogSlate: Updating window title bar state: overlay mode, drag disabled, window buttons hidden, title bar hidden
[2022.10.11-16.48.35:476][673]LogAudioMixer: FMixerPlatformXAudio2::StopAudioStream() called
[2022.10.11-16.48.35:477][673]LogAudioMixer: FMixerPlatformXAudio2::StopAudioStream() called
[2022.10.11-16.48.35:481][673]LogUObjectHash: Compacting FUObjectHashTables data took   0.66ms
[2022.10.11-16.48.35:519][675]LogPlayLevel: Display: Destroying online subsystem :Context_2
[2022.10.11-16.49.13:224][133]LogEditorClassViewer: Warning: Class /Engine/Tutorial/InWorldBlueprintEditing/TutorialAssets/IWBE_Blutility.IWBE_Blutility_C has parent /Script/Blutility.PlacedEditorUtilityBase, but this parent is not found. The Class will not be shown in ClassViewer.
